TN:
SF:src/app.js
FN:57,(anonymous_0)
FN:71,(anonymous_1)
FN:78,(anonymous_2)
FN:86,(anonymous_3)
FN:95,(anonymous_4)
FN:130,(anonymous_5)
FN:136,(anonymous_6)
FN:142,(anonymous_7)
FN:159,(anonymous_8)
FN:160,(anonymous_9)
FN:172,(anonymous_10)
FN:180,(anonymous_11)
FN:189,(anonymous_12)
FN:218,(anonymous_13)
FN:230,(anonymous_14)
FN:236,(anonymous_15)
FNF:16
FNH:0
FNDA:0,(anonymous_0)
FNDA:0,(anonymous_1)
FNDA:0,(anonymous_2)
FNDA:0,(anonymous_3)
FNDA:0,(anonymous_4)
FNDA:0,(anonymous_5)
FNDA:0,(anonymous_6)
FNDA:0,(anonymous_7)
FNDA:0,(anonymous_8)
FNDA:0,(anonymous_9)
FNDA:0,(anonymous_10)
FNDA:0,(anonymous_11)
FNDA:0,(anonymous_12)
FNDA:0,(anonymous_13)
FNDA:0,(anonymous_14)
FNDA:0,(anonymous_15)
DA:45,0
DA:46,0
DA:47,0
DA:48,0
DA:49,0
DA:50,0
DA:51,0
DA:52,0
DA:53,0
DA:58,0
DA:59,0
DA:67,0
DA:68,0
DA:71,0
DA:72,0
DA:73,0
DA:74,0
DA:79,0
DA:80,0
DA:86,0
DA:87,0
DA:88,0
DA:89,0
DA:90,0
DA:91,0
DA:97,0
DA:98,0
DA:100,0
DA:102,0
DA:103,0
DA:106,0
DA:108,0
DA:109,0
DA:112,0
DA:117,0
DA:118,0
DA:123,0
DA:126,0
DA:127,0
DA:130,0
DA:131,0
DA:136,0
DA:137,0
DA:142,0
DA:143,0
DA:144,0
DA:145,0
DA:146,0
DA:148,0
DA:149,0
DA:150,0
DA:151,0
DA:152,0
DA:154,0
DA:159,0
DA:160,0
DA:162,0
DA:163,0
DA:166,0
DA:168,0
DA:172,0
DA:173,0
DA:174,0
DA:175,0
DA:177,0
DA:181,0
DA:182,0
DA:184,0
DA:185,0
DA:189,0
DA:190,0
DA:191,0
DA:192,0
DA:198,0
DA:204,0
DA:205,0
DA:207,0
DA:213,0
DA:215,0
DA:218,0
DA:219,0
DA:220,0
DA:222,0
DA:223,0
DA:225,0
DA:226,0
DA:230,0
DA:231,0
DA:237,0
DA:240,0
DA:241,0
DA:249,0
DA:250,0
DA:253,0
DA:257,0
DA:303,0
LF:96
LH:0
BRDA:72,0,0,0
BRDA:72,0,1,0
BRDA:72,1,0,0
BRDA:72,1,1,0
BRDA:72,1,2,0
BRDA:79,2,0,0
BRDA:79,2,1,0
BRDA:87,3,0,0
BRDA:87,3,1,0
BRDA:87,4,0,0
BRDA:87,4,1,0
BRDA:98,5,0,0
BRDA:98,5,1,0
BRDA:100,6,0,0
BRDA:100,6,1,0
BRDA:100,7,0,0
BRDA:100,7,1,0
BRDA:106,8,0,0
BRDA:106,8,1,0
BRDA:106,9,0,0
BRDA:106,9,1,0
BRDA:117,10,0,0
BRDA:117,10,1,0
BRDA:143,11,0,0
BRDA:143,11,1,0
BRDA:150,12,0,0
BRDA:150,12,1,0
BRDA:162,13,0,0
BRDA:162,13,1,0
BRDA:174,14,0,0
BRDA:174,14,1,0
BRDA:174,15,0,0
BRDA:174,15,1,0
BRDA:184,16,0,0
BRDA:184,16,1,0
BRDA:184,17,0,0
BRDA:184,17,1,0
BRDA:191,18,0,0
BRDA:191,18,1,0
BRDA:219,19,0,0
BRDA:219,19,1,0
BRDA:222,20,0,0
BRDA:222,20,1,0
BRDA:225,21,0,0
BRDA:225,21,1,0
BRDA:240,22,0,0
BRDA:240,22,1,0
BRDA:249,23,0,0
BRDA:249,23,1,0
BRDA:253,24,0,0
BRDA:253,24,1,0
BRF:51
BRH:0
end_of_record
TN:
SF:src/draft.js
FN:6,Draft
FNF:1
FNH:0
FNDA:0,Draft
DA:7,0
DA:15,0
LF:2
LH:0
BRF:0
BRH:0
end_of_record
TN:
SF:src/file-history-old.js
FN:20,(anonymous_0)
FN:34,(anonymous_1)
FN:42,(anonymous_2)
FN:43,(anonymous_3)
FN:53,(anonymous_4)
FN:54,(anonymous_5)
FN:64,(anonymous_6)
FN:71,(anonymous_7)
FN:82,(anonymous_8)
FN:103,(anonymous_9)
FN:115,(anonymous_10)
FN:124,(anonymous_11)
FN:135,(anonymous_12)
FN:143,(anonymous_13)
FN:152,(anonymous_14)
FN:156,(anonymous_15)
FN:164,(anonymous_16)
FN:173,(anonymous_17)
FN:185,(anonymous_18)
FN:192,(anonymous_19)
FN:195,(anonymous_20)
FN:203,(anonymous_21)
FN:205,(anonymous_22)
FN:209,(anonymous_23)
FN:215,(anonymous_24)
FN:219,(anonymous_25)
FN:224,(anonymous_26)
FN:251,(anonymous_27)
FNF:28
FNH:0
FNDA:0,(anonymous_0)
FNDA:0,(anonymous_1)
FNDA:0,(anonymous_2)
FNDA:0,(anonymous_3)
FNDA:0,(anonymous_4)
FNDA:0,(anonymous_5)
FNDA:0,(anonymous_6)
FNDA:0,(anonymous_7)
FNDA:0,(anonymous_8)
FNDA:0,(anonymous_9)
FNDA:0,(anonymous_10)
FNDA:0,(anonymous_11)
FNDA:0,(anonymous_12)
FNDA:0,(anonymous_13)
FNDA:0,(anonymous_14)
FNDA:0,(anonymous_15)
FNDA:0,(anonymous_16)
FNDA:0,(anonymous_17)
FNDA:0,(anonymous_18)
FNDA:0,(anonymous_19)
FNDA:0,(anonymous_20)
FNDA:0,(anonymous_21)
FNDA:0,(anonymous_22)
FNDA:0,(anonymous_23)
FNDA:0,(anonymous_24)
FNDA:0,(anonymous_25)
FNDA:0,(anonymous_26)
FNDA:0,(anonymous_27)
DA:21,0
DA:22,0
DA:35,0
DA:36,0
DA:38,0
DA:42,0
DA:43,0
DA:44,0
DA:45,0
DA:46,0
DA:47,0
DA:49,0
DA:53,0
DA:54,0
DA:55,0
DA:56,0
DA:57,0
DA:58,0
DA:60,0
DA:65,0
DA:66,0
DA:67,0
DA:68,0
DA:69,0
DA:70,0
DA:71,0
DA:72,0
DA:73,0
DA:74,0
DA:76,0
DA:82,0
DA:83,0
DA:84,0
DA:85,0
DA:87,0
DA:94,0
DA:104,0
DA:105,0
DA:113,0
DA:114,0
DA:115,0
DA:116,0
DA:119,0
DA:124,0
DA:125,0
DA:126,0
DA:127,0
DA:128,0
DA:129,0
DA:130,0
DA:131,0
DA:135,0
DA:136,0
DA:137,0
DA:138,0
DA:139,0
DA:143,0
DA:144,0
DA:147,0
DA:148,0
DA:149,0
DA:150,0
DA:151,0
DA:152,0
DA:153,0
DA:156,0
DA:157,0
DA:165,0
DA:174,0
DA:175,0
DA:183,0
DA:184,0
DA:185,0
DA:186,0
DA:192,0
DA:193,0
DA:194,0
DA:195,0
DA:196,0
DA:197,0
DA:198,0
DA:204,0
DA:205,0
DA:206,0
DA:209,0
DA:210,0
DA:215,0
DA:216,0
DA:219,0
DA:220,0
DA:221,0
DA:225,0
DA:252,0
DA:278,0
LF:94
LH:0
BRDA:35,0,0,0
BRDA:35,0,1,0
BRDA:45,1,0,0
BRDA:45,1,1,0
BRDA:56,2,0,0
BRDA:56,2,1,0
BRDA:65,3,0,0
BRDA:65,3,1,0
BRDA:66,4,0,0
BRDA:66,4,1,0
BRDA:70,5,0,0
BRDA:70,5,1,0
BRDA:72,6,0,0
BRDA:72,6,1,0
BRDA:83,7,0,0
BRDA:83,7,1,0
BRDA:104,8,0,0
BRDA:104,8,1,0
BRDA:114,9,0,0
BRDA:114,9,1,0
BRDA:130,10,0,0
BRDA:130,10,1,0
BRDA:130,11,0,0
BRDA:130,11,1,0
BRDA:136,12,0,0
BRDA:136,12,1,0
BRDA:137,13,0,0
BRDA:137,13,1,0
BRDA:151,14,0,0
BRDA:151,14,1,0
BRDA:174,15,0,0
BRDA:174,15,1,0
BRDA:184,16,0,0
BRDA:184,16,1,0
BRDA:196,17,0,0
BRDA:196,17,1,0
BRDA:204,18,0,0
BRDA:204,18,1,0
BRDA:249,19,0,0
BRDA:249,19,1,0
BRDA:266,20,0,0
BRDA:266,20,1,0
BRDA:266,20,2,0
BRDA:267,21,0,0
BRDA:267,21,1,0
BRDA:267,21,2,0
BRDA:267,21,3,0
BRF:47
BRH:0
end_of_record
TN:
SF:src/file-history.js
FN:14,(anonymous_0)
FN:23,(anonymous_1)
FN:32,(anonymous_2)
FN:34,(anonymous_3)
FN:37,(anonymous_4)
FN:43,(anonymous_5)
FN:48,(anonymous_6)
FNF:7
FNH:0
FNDA:0,(anonymous_0)
FNDA:0,(anonymous_1)
FNDA:0,(anonymous_2)
FNDA:0,(anonymous_3)
FNDA:0,(anonymous_4)
FNDA:0,(anonymous_5)
FNDA:0,(anonymous_6)
DA:15,0
DA:16,0
DA:23,0
DA:24,0
DA:32,0
DA:33,0
DA:34,0
DA:35,0
DA:38,0
DA:43,0
DA:44,0
DA:45,0
DA:49,0
DA:72,0
LF:14
LH:0
BRF:0
BRH:0
end_of_record
TN:
SF:src/file-view.js
FN:17,(anonymous_0)
FNF:1
FNH:0
FNDA:0,(anonymous_0)
DA:13,0
DA:18,0
DA:19,0
DA:25,0
DA:27,0
DA:28,0
DA:30,0
DA:31,0
DA:33,0
DA:34,0
DA:36,0
DA:37,0
DA:39,0
DA:40,0
DA:42,0
DA:43,0
DA:45,0
DA:48,0
DA:54,0
LF:19
LH:0
BRDA:18,0,0,0
BRDA:18,0,1,0
BRDA:25,1,0,0
BRDA:25,1,1,0
BRDA:25,1,2,0
BRDA:25,1,3,0
BRDA:25,1,4,0
BRDA:25,1,5,0
BRDA:25,1,6,0
BRF:9
BRH:0
end_of_record
TN:
SF:src/history-trash-file-view.js
FN:20,(anonymous_0)
FNF:1
FNH:0
FNDA:0,(anonymous_0)
DA:16,0
DA:21,0
DA:22,0
DA:28,0
DA:30,0
DA:31,0
DA:33,0
DA:34,0
DA:36,0
DA:37,0
DA:39,0
DA:40,0
DA:42,0
DA:43,0
DA:45,0
DA:46,0
DA:48,0
DA:49,0
DA:51,0
DA:52,0
DA:54,0
DA:57,0
DA:63,0
LF:23
LH:0
BRDA:21,0,0,0
BRDA:21,0,1,0
BRDA:28,1,0,0
BRDA:28,1,1,0
BRDA:28,1,2,0
BRDA:28,1,3,0
BRDA:28,1,4,0
BRDA:28,1,5,0
BRDA:28,1,6,0
BRDA:28,1,7,0
BRDA:28,1,8,0
BRF:11
BRH:0
end_of_record
TN:
SF:src/index.js
FNF:0
FNH:0
DA:11,0
LF:1
LH:0
BRF:0
BRH:0
end_of_record
TN:
SF:src/repo-folder-trash.js
FN:29,(anonymous_0)
FN:41,(anonymous_1)
FN:45,(anonymous_2)
FN:46,(anonymous_3)
FN:58,(anonymous_4)
FN:66,(anonymous_5)
FN:73,(anonymous_6)
FN:84,(anonymous_7)
FN:89,(anonymous_8)
FN:93,(anonymous_9)
FN:99,(anonymous_10)
FN:111,(anonymous_11)
FN:121,(anonymous_12)
FN:126,(anonymous_13)
FN:148,(anonymous_14)
FN:153,(anonymous_15)
FN:159,(anonymous_16)
FN:165,(anonymous_17)
FN:182,(anonymous_18)
FN:235,(anonymous_19)
FN:247,(anonymous_20)
FN:255,(anonymous_21)
FN:262,(anonymous_22)
FN:272,(anonymous_23)
FN:300,(anonymous_24)
FN:308,(anonymous_25)
FN:312,(anonymous_26)
FN:316,(anonymous_27)
FN:325,(anonymous_28)
FN:330,(anonymous_29)
FN:341,(anonymous_30)
FN:347,(anonymous_31)
FN:388,(anonymous_32)
FN:395,(anonymous_33)
FN:399,(anonymous_34)
FN:403,(anonymous_35)
FN:411,(anonymous_36)
FNF:37
FNH:0
FNDA:0,(anonymous_0)
FNDA:0,(anonymous_1)
FNDA:0,(anonymous_2)
FNDA:0,(anonymous_3)
FNDA:0,(anonymous_4)
FNDA:0,(anonymous_5)
FNDA:0,(anonymous_6)
FNDA:0,(anonymous_7)
FNDA:0,(anonymous_8)
FNDA:0,(anonymous_9)
FNDA:0,(anonymous_10)
FNDA:0,(anonymous_11)
FNDA:0,(anonymous_12)
FNDA:0,(anonymous_13)
FNDA:0,(anonymous_14)
FNDA:0,(anonymous_15)
FNDA:0,(anonymous_16)
FNDA:0,(anonymous_17)
FNDA:0,(anonymous_18)
FNDA:0,(anonymous_19)
FNDA:0,(anonymous_20)
FNDA:0,(anonymous_21)
FNDA:0,(anonymous_22)
FNDA:0,(anonymous_23)
FNDA:0,(anonymous_24)
FNDA:0,(anonymous_25)
FNDA:0,(anonymous_26)
FNDA:0,(anonymous_27)
FNDA:0,(anonymous_28)
FNDA:0,(anonymous_29)
FNDA:0,(anonymous_30)
FNDA:0,(anonymous_31)
FNDA:0,(anonymous_32)
FNDA:0,(anonymous_33)
FNDA:0,(anonymous_34)
FNDA:0,(anonymous_35)
FNDA:0,(anonymous_36)
DA:25,0
DA:30,0
DA:31,0
DA:42,0
DA:45,0
DA:46,0
DA:47,0
DA:48,0
DA:49,0
DA:51,0
DA:59,0
DA:66,0
DA:67,0
DA:70,0
DA:73,0
DA:74,0
DA:75,0
DA:76,0
DA:78,0
DA:79,0
DA:80,0
DA:84,0
DA:85,0
DA:86,0
DA:89,0
DA:90,0
DA:93,0
DA:94,0
DA:99,0
DA:100,0
DA:108,0
DA:111,0
DA:112,0
DA:121,0
DA:122,0
DA:127,0
DA:128,0
DA:129,0
DA:134,0
DA:140,0
DA:148,0
DA:149,0
DA:150,0
DA:153,0
DA:154,0
DA:155,0
DA:156,0
DA:159,0
DA:160,0
DA:161,0
DA:166,0
DA:167,0
DA:174,0
DA:183,0
DA:185,0
DA:186,0
DA:188,0
DA:236,0
DA:237,0
DA:248,0
DA:250,0
DA:256,0
DA:263,0
DA:273,0
DA:291,0
DA:301,0
DA:302,0
DA:308,0
DA:309,0
DA:312,0
DA:313,0
DA:316,0
DA:317,0
DA:319,0
DA:320,0
DA:321,0
DA:322,0
DA:325,0
DA:326,0
DA:329,0
DA:331,0
DA:332,0
DA:333,0
DA:335,0
DA:337,0
DA:341,0
DA:342,0
DA:343,0
DA:344,0
DA:348,0
DA:349,0
DA:351,0
DA:352,0
DA:355,0
DA:381,0
DA:389,0
DA:390,0
DA:395,0
DA:396,0
DA:399,0
DA:400,0
DA:403,0
DA:404,0
DA:406,0
DA:407,0
DA:408,0
DA:412,0
DA:413,0
DA:415,0
DA:436,0
DA:444,0
LF:111
LH:0
BRDA:48,0,0,0
BRDA:48,0,1,0
BRDA:48,1,0,0
BRDA:48,1,1,0
BRDA:74,2,0,0
BRDA:74,2,1,0
BRDA:127,3,0,0
BRDA:127,3,1,0
BRDA:128,4,0,0
BRDA:128,4,1,0
BRDA:166,5,0,0
BRDA:166,5,1,0
BRDA:166,6,0,0
BRDA:166,6,1,0
BRDA:205,7,0,0
BRDA:205,7,1,0
BRDA:206,8,0,0
BRDA:206,8,1,0
BRDA:206,8,2,0
BRDA:206,8,3,0
BRDA:219,9,0,0
BRDA:219,9,1,0
BRDA:261,10,0,0
BRDA:261,10,1,0
BRDA:281,11,0,0
BRDA:281,11,1,0
BRDA:282,12,0,0
BRDA:282,12,1,0
BRDA:283,13,0,0
BRDA:283,13,1,0
BRDA:283,13,2,0
BRDA:283,13,3,0
BRDA:322,14,0,0
BRDA:322,14,1,0
BRDA:332,15,0,0
BRDA:332,15,1,0
BRDA:333,16,0,0
BRDA:333,16,1,0
BRDA:351,17,0,0
BRDA:351,17,1,0
BRDA:355,18,0,0
BRDA:355,18,1,0
BRDA:363,19,0,0
BRDA:363,19,1,0
BRDA:374,20,0,0
BRDA:374,20,1,0
BRDA:415,21,0,0
BRDA:415,21,1,0
BRF:48
BRH:0
end_of_record
TN:
SF:src/repo-history.js
FN:30,(anonymous_0)
FN:42,(anonymous_1)
FN:50,(anonymous_2)
FN:55,(anonymous_3)
FN:56,(anonymous_4)
FN:63,(anonymous_5)
FN:71,(anonymous_6)
FN:74,(anonymous_7)
FN:79,(anonymous_8)
FN:90,(anonymous_9)
FN:95,(anonymous_10)
FN:137,(anonymous_11)
FN:155,(anonymous_12)
FN:159,(anonymous_13)
FN:163,(anonymous_14)
FN:182,(anonymous_15)
FN:188,(anonymous_16)
FN:221,(anonymous_17)
FN:231,(anonymous_18)
FN:235,(anonymous_19)
FN:239,(anonymous_20)
FN:246,(anonymous_21)
FN:252,(anonymous_22)
FN:259,(anonymous_23)
FN:265,(anonymous_24)
FN:271,(anonymous_25)
FN:302,(anonymous_26)
FNF:27
FNH:0
FNDA:0,(anonymous_0)
FNDA:0,(anonymous_1)
FNDA:0,(anonymous_2)
FNDA:0,(anonymous_3)
FNDA:0,(anonymous_4)
FNDA:0,(anonymous_5)
FNDA:0,(anonymous_6)
FNDA:0,(anonymous_7)
FNDA:0,(anonymous_8)
FNDA:0,(anonymous_9)
FNDA:0,(anonymous_10)
FNDA:0,(anonymous_11)
FNDA:0,(anonymous_12)
FNDA:0,(anonymous_13)
FNDA:0,(anonymous_14)
FNDA:0,(anonymous_15)
FNDA:0,(anonymous_16)
FNDA:0,(anonymous_17)
FNDA:0,(anonymous_18)
FNDA:0,(anonymous_19)
FNDA:0,(anonymous_20)
FNDA:0,(anonymous_21)
FNDA:0,(anonymous_22)
FNDA:0,(anonymous_23)
FNDA:0,(anonymous_24)
FNDA:0,(anonymous_25)
FNDA:0,(anonymous_26)
DA:26,0
DA:31,0
DA:32,0
DA:43,0
DA:46,0
DA:47,0
DA:51,0
DA:55,0
DA:56,0
DA:57,0
DA:64,0
DA:71,0
DA:72,0
DA:75,0
DA:79,0
DA:80,0
DA:81,0
DA:82,0
DA:84,0
DA:85,0
DA:86,0
DA:90,0
DA:91,0
DA:92,0
DA:96,0
DA:97,0
DA:99,0
DA:138,0
DA:139,0
DA:155,0
DA:156,0
DA:159,0
DA:160,0
DA:167,0
DA:169,0
DA:170,0
DA:173,0
DA:174,0
DA:177,0
DA:183,0
DA:189,0
DA:190,0
DA:191,0
DA:208,0
DA:222,0
DA:223,0
DA:231,0
DA:232,0
DA:235,0
DA:236,0
DA:239,0
DA:240,0
DA:241,0
DA:246,0
DA:247,0
DA:252,0
DA:253,0
DA:254,0
DA:259,0
DA:260,0
DA:265,0
DA:266,0
DA:272,0
DA:273,0
DA:275,0
DA:276,0
DA:277,0
DA:278,0
DA:280,0
DA:283,0
DA:286,0
DA:303,0
DA:344,0
DA:348,0
LF:74
LH:0
BRDA:48,0,0,0
BRDA:48,0,1,0
BRDA:49,1,0,0
BRDA:49,1,1,0
BRDA:80,2,0,0
BRDA:80,2,1,0
BRDA:115,3,0,0
BRDA:115,3,1,0
BRDA:139,4,0,0
BRDA:139,4,1,0
BRDA:169,5,0,0
BRDA:169,5,1,0
BRDA:173,6,0,0
BRDA:173,6,1,0
BRDA:189,7,0,0
BRDA:189,7,1,0
BRDA:190,8,0,0
BRDA:190,8,1,0
BRDA:276,9,0,0
BRDA:276,9,1,0
BRDA:277,10,0,0
BRDA:277,10,1,0
BRDA:291,11,0,0
BRDA:291,11,1,0
BRDA:298,12,0,0
BRDA:298,12,1,0
BRDA:300,13,0,0
BRDA:300,13,1,0
BRDA:305,14,0,0
BRDA:305,14,1,0
BRDA:306,15,0,0
BRDA:306,15,1,0
BRDA:311,16,0,0
BRDA:311,16,1,0
BRDA:312,17,0,0
BRDA:312,17,1,0
BRDA:313,18,0,0
BRDA:313,18,1,0
BRDA:314,19,0,0
BRDA:314,19,1,0
BRDA:318,20,0,0
BRDA:318,20,1,0
BRDA:328,21,0,0
BRDA:328,21,1,0
BRF:44
BRH:0
end_of_record
TN:
SF:src/repo-snapshot.js
FN:27,(anonymous_0)
FN:38,(anonymous_1)
FN:42,(anonymous_2)
FN:48,(anonymous_3)
FN:59,(anonymous_4)
FN:64,(anonymous_5)
FN:71,(anonymous_6)
FN:76,(anonymous_7)
FN:84,(anonymous_8)
FN:89,(anonymous_9)
FN:101,(anonymous_10)
FN:118,(anonymous_11)
FN:119,(anonymous_12)
FN:122,(anonymous_13)
FN:129,(anonymous_14)
FN:196,(anonymous_15)
FN:206,(anonymous_16)
FN:221,(anonymous_17)
FN:227,(anonymous_18)
FN:249,(anonymous_19)
FN:256,(anonymous_20)
FN:260,(anonymous_21)
FN:264,(anonymous_22)
FN:272,(anonymous_23)
FN:274,(anonymous_24)
FN:280,(anonymous_25)
FN:288,(anonymous_26)
FNF:27
FNH:0
FNDA:0,(anonymous_0)
FNDA:0,(anonymous_1)
FNDA:0,(anonymous_2)
FNDA:0,(anonymous_3)
FNDA:0,(anonymous_4)
FNDA:0,(anonymous_5)
FNDA:0,(anonymous_6)
FNDA:0,(anonymous_7)
FNDA:0,(anonymous_8)
FNDA:0,(anonymous_9)
FNDA:0,(anonymous_10)
FNDA:0,(anonymous_11)
FNDA:0,(anonymous_12)
FNDA:0,(anonymous_13)
FNDA:0,(anonymous_14)
FNDA:0,(anonymous_15)
FNDA:0,(anonymous_16)
FNDA:0,(anonymous_17)
FNDA:0,(anonymous_18)
FNDA:0,(anonymous_19)
FNDA:0,(anonymous_20)
FNDA:0,(anonymous_21)
FNDA:0,(anonymous_22)
FNDA:0,(anonymous_23)
FNDA:0,(anonymous_24)
FNDA:0,(anonymous_25)
FNDA:0,(anonymous_26)
DA:23,0
DA:28,0
DA:29,0
DA:39,0
DA:42,0
DA:43,0
DA:48,0
DA:49,0
DA:50,0
DA:51,0
DA:53,0
DA:54,0
DA:55,0
DA:59,0
DA:60,0
DA:61,0
DA:64,0
DA:65,0
DA:71,0
DA:72,0
DA:77,0
DA:84,0
DA:85,0
DA:86,0
DA:89,0
DA:90,0
DA:91,0
DA:93,0
DA:94,0
DA:97,0
DA:102,0
DA:103,0
DA:110,0
DA:118,0
DA:119,0
DA:120,0
DA:121,0
DA:123,0
DA:124,0
DA:125,0
DA:130,0
DA:132,0
DA:133,0
DA:134,0
DA:197,0
DA:198,0
DA:207,0
DA:209,0
DA:210,0
DA:213,0
DA:214,0
DA:217,0
DA:222,0
DA:228,0
DA:242,0
DA:250,0
DA:251,0
DA:256,0
DA:257,0
DA:260,0
DA:261,0
DA:264,0
DA:265,0
DA:267,0
DA:268,0
DA:269,0
DA:272,0
DA:273,0
DA:275,0
DA:276,0
DA:280,0
DA:281,0
DA:283,0
DA:284,0
DA:285,0
DA:289,0
DA:290,0
DA:291,0
DA:293,0
DA:316,0
DA:322,0
LF:81
LH:0
BRDA:49,0,0,0
BRDA:49,0,1,0
BRDA:93,1,0,0
BRDA:93,1,1,0
BRDA:102,2,0,0
BRDA:102,2,1,0
BRDA:102,3,0,0
BRDA:102,3,1,0
BRDA:153,4,0,0
BRDA:153,4,1,0
BRDA:157,5,0,0
BRDA:157,5,1,0
BRDA:169,6,0,0
BRDA:169,6,1,0
BRDA:169,6,2,0
BRDA:181,7,0,0
BRDA:181,7,1,0
BRDA:209,8,0,0
BRDA:209,8,1,0
BRDA:213,9,0,0
BRDA:213,9,1,0
BRDA:269,10,0,0
BRDA:269,10,1,0
BRDA:293,11,0,0
BRDA:293,11,1,0
BRDA:299,12,0,0
BRDA:299,12,1,0
BRDA:308,13,0,0
BRDA:308,13,1,0
BRDA:309,14,0,0
BRDA:309,14,1,0
BRF:31
BRH:0
end_of_record
TN:
SF:src/settings.js
FN:44,(anonymous_0)
FN:64,(anonymous_1)
FN:65,(anonymous_2)
FN:69,(anonymous_3)
FN:75,(anonymous_4)
FN:76,(anonymous_5)
FN:81,(anonymous_6)
FN:87,(anonymous_7)
FN:98,(anonymous_8)
FN:100,(anonymous_9)
FN:110,(anonymous_10)
FNF:11
FNH:0
FNDA:0,(anonymous_0)
FNDA:0,(anonymous_1)
FNDA:0,(anonymous_2)
FNDA:0,(anonymous_3)
FNDA:0,(anonymous_4)
FNDA:0,(anonymous_5)
FNDA:0,(anonymous_6)
FNDA:0,(anonymous_7)
FNDA:0,(anonymous_8)
FNDA:0,(anonymous_9)
FNDA:0,(anonymous_10)
DA:40,0
DA:45,0
DA:46,0
DA:59,0
DA:65,0
DA:66,0
DA:70,0
DA:71,0
DA:75,0
DA:76,0
DA:77,0
DA:80,0
DA:82,0
DA:83,0
DA:87,0
DA:88,0
DA:89,0
DA:90,0
DA:92,0
DA:93,0
DA:94,0
DA:98,0
DA:99,0
DA:100,0
DA:101,0
DA:103,0
DA:104,0
DA:111,0
DA:159,0
LF:29
LH:0
BRDA:55,0,0,0
BRDA:55,0,1,0
BRDA:55,0,2,0
BRDA:55,0,3,0
BRDA:55,0,4,0
BRDA:88,1,0,0
BRDA:88,1,1,0
BRDA:101,2,0,0
BRDA:101,2,1,0
BRDA:103,3,0,0
BRDA:103,3,1,0
BRDA:130,4,0,0
BRDA:130,4,1,0
BRDA:132,5,0,0
BRDA:132,5,1,0
BRDA:139,6,0,0
BRDA:139,6,1,0
BRDA:140,7,0,0
BRDA:140,7,1,0
BRDA:141,8,0,0
BRDA:141,8,1,0
BRDA:141,8,2,0
BRDA:144,9,0,0
BRDA:144,9,1,0
BRDA:144,9,2,0
BRDA:145,10,0,0
BRDA:145,10,1,0
BRDA:146,11,0,0
BRDA:146,11,1,0
BRDA:147,12,0,0
BRDA:147,12,1,0
BRDA:148,13,0,0
BRDA:148,13,1,0
BRDA:148,13,2,0
BRDA:148,13,3,0
BRDA:149,14,0,0
BRDA:149,14,1,0
BRF:37
BRH:0
end_of_record
TN:
SF:src/shared-dir-view.js
FN:41,(anonymous_0)
FN:74,(anonymous_1)
FN:81,(anonymous_2)
FN:82,(anonymous_3)
FN:92,(anonymous_4)
FN:103,(anonymous_5)
FN:111,(anonymous_6)
FN:112,(anonymous_7)
FN:124,(anonymous_8)
FN:126,(anonymous_9)
FN:128,(anonymous_10)
FN:130,(anonymous_11)
FN:144,(anonymous_12)
FN:147,(anonymous_13)
FN:164,(anonymous_14)
FN:172,(anonymous_15)
FN:175,(anonymous_16)
FN:185,(anonymous_17)
FN:190,(anonymous_18)
FN:191,(anonymous_19)
FN:195,(anonymous_20)
FN:195,(anonymous_21)
FN:196,(anonymous_22)
FN:199,(anonymous_23)
FN:209,(anonymous_24)
FN:246,(anonymous_25)
FN:249,(anonymous_26)
FN:250,(anonymous_27)
FN:254,(anonymous_28)
FN:258,(anonymous_29)
FN:262,(anonymous_30)
FN:269,(anonymous_31)
FN:273,(anonymous_32)
FN:280,(anonymous_33)
FN:283,(anonymous_34)
FN:289,(anonymous_35)
FN:302,(anonymous_36)
FN:311,(anonymous_37)
FN:331,(anonymous_38)
FN:332,(anonymous_39)
FN:335,(anonymous_40)
FN:346,(anonymous_41)
FN:352,(anonymous_42)
FN:354,(anonymous_43)
FN:359,(anonymous_44)
FN:361,(anonymous_45)
FN:366,(anonymous_46)
FN:367,(anonymous_47)
FN:369,(anonymous_48)
FN:376,(anonymous_49)
FN:378,(anonymous_50)
FN:384,(anonymous_51)
FN:386,(anonymous_52)
FN:391,(anonymous_53)
FN:396,(anonymous_54)
FN:406,(anonymous_55)
FN:414,(anonymous_56)
FN:415,(anonymous_57)
FN:417,(anonymous_58)
FN:427,(anonymous_59)
FN:433,(anonymous_60)
FN:477,(anonymous_61)
FN:498,(anonymous_62)
FN:581,(anonymous_63)
FN:585,(anonymous_64)
FN:592,(anonymous_65)
FN:599,(anonymous_66)
FN:606,(anonymous_67)
FN:624,(anonymous_68)
FN:674,(anonymous_69)
FN:704,(anonymous_70)
FN:712,(anonymous_71)
FN:716,(anonymous_72)
FN:720,(anonymous_73)
FN:724,(anonymous_74)
FN:729,(anonymous_75)
FN:739,(anonymous_76)
FN:743,(anonymous_77)
FN:751,(anonymous_78)
FN:829,(anonymous_79)
FN:904,(anonymous_80)
FN:911,(anonymous_81)
FN:915,(anonymous_82)
FN:919,(anonymous_83)
FN:924,(anonymous_84)
FN:934,(anonymous_85)
FNF:86
FNH:0
FNDA:0,(anonymous_0)
FNDA:0,(anonymous_1)
FNDA:0,(anonymous_2)
FNDA:0,(anonymous_3)
FNDA:0,(anonymous_4)
FNDA:0,(anonymous_5)
FNDA:0,(anonymous_6)
FNDA:0,(anonymous_7)
FNDA:0,(anonymous_8)
FNDA:0,(anonymous_9)
FNDA:0,(anonymous_10)
FNDA:0,(anonymous_11)
FNDA:0,(anonymous_12)
FNDA:0,(anonymous_13)
FNDA:0,(anonymous_14)
FNDA:0,(anonymous_15)
FNDA:0,(anonymous_16)
FNDA:0,(anonymous_17)
FNDA:0,(anonymous_18)
FNDA:0,(anonymous_19)
FNDA:0,(anonymous_20)
FNDA:0,(anonymous_21)
FNDA:0,(anonymous_22)
FNDA:0,(anonymous_23)
FNDA:0,(anonymous_24)
FNDA:0,(anonymous_25)
FNDA:0,(anonymous_26)
FNDA:0,(anonymous_27)
FNDA:0,(anonymous_28)
FNDA:0,(anonymous_29)
FNDA:0,(anonymous_30)
FNDA:0,(anonymous_31)
FNDA:0,(anonymous_32)
FNDA:0,(anonymous_33)
FNDA:0,(anonymous_34)
FNDA:0,(anonymous_35)
FNDA:0,(anonymous_36)
FNDA:0,(anonymous_37)
FNDA:0,(anonymous_38)
FNDA:0,(anonymous_39)
FNDA:0,(anonymous_40)
FNDA:0,(anonymous_41)
FNDA:0,(anonymous_42)
FNDA:0,(anonymous_43)
FNDA:0,(anonymous_44)
FNDA:0,(anonymous_45)
FNDA:0,(anonymous_46)
FNDA:0,(anonymous_47)
FNDA:0,(anonymous_48)
FNDA:0,(anonymous_49)
FNDA:0,(anonymous_50)
FNDA:0,(anonymous_51)
FNDA:0,(anonymous_52)
FNDA:0,(anonymous_53)
FNDA:0,(anonymous_54)
FNDA:0,(anonymous_55)
FNDA:0,(anonymous_56)
FNDA:0,(anonymous_57)
FNDA:0,(anonymous_58)
FNDA:0,(anonymous_59)
FNDA:0,(anonymous_60)
FNDA:0,(anonymous_61)
FNDA:0,(anonymous_62)
FNDA:0,(anonymous_63)
FNDA:0,(anonymous_64)
FNDA:0,(anonymous_65)
FNDA:0,(anonymous_66)
FNDA:0,(anonymous_67)
FNDA:0,(anonymous_68)
FNDA:0,(anonymous_69)
FNDA:0,(anonymous_70)
FNDA:0,(anonymous_71)
FNDA:0,(anonymous_72)
FNDA:0,(anonymous_73)
FNDA:0,(anonymous_74)
FNDA:0,(anonymous_75)
FNDA:0,(anonymous_76)
FNDA:0,(anonymous_77)
FNDA:0,(anonymous_78)
FNDA:0,(anonymous_79)
FNDA:0,(anonymous_80)
FNDA:0,(anonymous_81)
FNDA:0,(anonymous_82)
FNDA:0,(anonymous_83)
FNDA:0,(anonymous_84)
FNDA:0,(anonymous_85)
DA:26,0
DA:28,0
DA:35,0
DA:37,0
DA:42,0
DA:43,0
DA:75,0
DA:76,0
DA:81,0
DA:82,0
DA:83,0
DA:84,0
DA:86,0
DA:91,0
DA:93,0
DA:94,0
DA:100,0
DA:103,0
DA:104,0
DA:111,0
DA:112,0
DA:113,0
DA:118,0
DA:119,0
DA:122,0
DA:123,0
DA:124,0
DA:125,0
DA:126,0
DA:127,0
DA:131,0
DA:132,0
DA:135,0
DA:141,0
DA:144,0
DA:145,0
DA:148,0
DA:149,0
DA:156,0
DA:164,0
DA:165,0
DA:166,0
DA:172,0
DA:173,0
DA:174,0
DA:176,0
DA:177,0
DA:185,0
DA:186,0
DA:187,0
DA:190,0
DA:191,0
DA:195,0
DA:196,0
DA:197,0
DA:198,0
DA:200,0
DA:201,0
DA:210,0
DA:211,0
DA:212,0
DA:213,0
DA:214,0
DA:215,0
DA:216,0
DA:217,0
DA:221,0
DA:224,0
DA:225,0
DA:229,0
DA:230,0
DA:231,0
DA:234,0
DA:236,0
DA:237,0
DA:239,0
DA:246,0
DA:247,0
DA:249,0
DA:250,0
DA:254,0
DA:255,0
DA:258,0
DA:262,0
DA:263,0
DA:269,0
DA:271,0
DA:273,0
DA:274,0
DA:281,0
DA:284,0
DA:285,0
DA:289,0
DA:290,0
DA:291,0
DA:292,0
DA:293,0
DA:296,0
DA:302,0
DA:303,0
DA:311,0
DA:312,0
DA:313,0
DA:314,0
DA:317,0
DA:318,0
DA:319,0
DA:321,0
DA:324,0
DA:331,0
DA:332,0
DA:333,0
DA:335,0
DA:336,0
DA:339,0
DA:346,0
DA:347,0
DA:352,0
DA:353,0
DA:354,0
DA:359,0
DA:360,0
DA:361,0
DA:366,0
DA:367,0
DA:370,0
DA:371,0
DA:376,0
DA:377,0
DA:379,0
DA:380,0
DA:382,0
DA:385,0
DA:386,0
DA:391,0
DA:392,0
DA:393,0
DA:396,0
DA:397,0
DA:398,0
DA:406,0
DA:408,0
DA:409,0
DA:410,0
DA:411,0
DA:414,0
DA:415,0
DA:416,0
DA:417,0
DA:418,0
DA:419,0
DA:420,0
DA:423,0
DA:424,0
DA:425,0
DA:428,0
DA:429,0
DA:434,0
DA:435,0
DA:436,0
DA:477,0
DA:498,0
DA:582,0
DA:585,0
DA:586,0
DA:587,0
DA:588,0
DA:589,0
DA:592,0
DA:593,0
DA:594,0
DA:595,0
DA:596,0
DA:599,0
DA:600,0
DA:601,0
DA:602,0
DA:603,0
DA:612,0
DA:614,0
DA:615,0
DA:618,0
DA:619,0
DA:623,0
DA:625,0
DA:637,0
DA:638,0
DA:652,0
DA:653,0
DA:675,0
DA:687,0
DA:705,0
DA:706,0
DA:712,0
DA:713,0
DA:716,0
DA:717,0
DA:720,0
DA:721,0
DA:724,0
DA:725,0
DA:726,0
DA:729,0
DA:730,0
DA:731,0
DA:732,0
DA:735,0
DA:736,0
DA:739,0
DA:740,0
DA:744,0
DA:745,0
DA:747,0
DA:748,0
DA:749,0
DA:750,0
DA:751,0
DA:754,0
DA:755,0
DA:807,0
DA:808,0
DA:809,0
DA:830,0
DA:831,0
DA:890,0
DA:905,0
DA:906,0
DA:911,0
DA:912,0
DA:915,0
DA:916,0
DA:919,0
DA:920,0
DA:921,0
DA:924,0
DA:925,0
DA:926,0
DA:927,0
DA:930,0
DA:931,0
DA:935,0
DA:936,0
DA:938,0
DA:939,0
DA:940,0
DA:953,0
DA:954,0
DA:955,0
DA:974,0
DA:980,0
LF:250
LH:0
BRDA:37,0,0,0
BRDA:37,0,1,0
BRDA:75,1,0,0
BRDA:75,1,1,0
BRDA:113,2,0,0
BRDA:113,2,1,0
BRDA:113,2,2,0
BRDA:113,2,3,0
BRDA:113,2,4,0
BRDA:118,3,0,0
BRDA:118,3,1,0
BRDA:131,4,0,0
BRDA:131,4,1,0
BRDA:148,5,0,0
BRDA:148,5,1,0
BRDA:165,6,0,0
BRDA:165,6,1,0
BRDA:186,7,0,0
BRDA:186,7,1,0
BRDA:191,8,0,0
BRDA:191,8,1,0
BRDA:195,9,0,0
BRDA:195,9,1,0
BRDA:214,10,0,0
BRDA:214,10,1,0
BRDA:224,11,0,0
BRDA:224,11,1,0
BRDA:234,12,0,0
BRDA:234,12,1,0
BRDA:250,13,0,0
BRDA:250,13,1,0
BRDA:258,14,0,0
BRDA:258,14,1,0
BRDA:291,15,0,0
BRDA:291,15,1,0
BRDA:318,16,0,0
BRDA:318,16,1,0
BRDA:333,17,0,0
BRDA:333,17,1,0
BRDA:379,18,0,0
BRDA:379,18,1,0
BRDA:419,19,0,0
BRDA:419,19,1,0
BRDA:424,20,0,0
BRDA:424,20,1,0
BRDA:424,21,0,0
BRDA:424,21,1,0
BRDA:443,22,0,0
BRDA:443,22,1,0
BRDA:453,23,0,0
BRDA:453,23,1,0
BRDA:457,24,0,0
BRDA:457,24,1,0
BRDA:463,25,0,0
BRDA:463,25,1,0
BRDA:469,26,0,0
BRDA:469,26,1,0
BRDA:471,27,0,0
BRDA:471,27,1,0
BRDA:475,28,0,0
BRDA:475,28,1,0
BRDA:477,29,0,0
BRDA:477,29,1,0
BRDA:480,30,0,0
BRDA:480,30,1,0
BRDA:480,30,2,0
BRDA:480,30,3,0
BRDA:487,31,0,0
BRDA:487,31,1,0
BRDA:487,31,2,0
BRDA:487,31,3,0
BRDA:496,32,0,0
BRDA:496,32,1,0
BRDA:496,32,2,0
BRDA:501,33,0,0
BRDA:501,33,1,0
BRDA:502,34,0,0
BRDA:502,34,1,0
BRDA:508,35,0,0
BRDA:508,35,1,0
BRDA:536,36,0,0
BRDA:536,36,1,0
BRDA:546,37,0,0
BRDA:546,37,1,0
BRDA:555,38,0,0
BRDA:555,38,1,0
BRDA:563,39,0,0
BRDA:563,39,1,0
BRDA:588,40,0,0
BRDA:588,40,1,0
BRDA:595,41,0,0
BRDA:595,41,1,0
BRDA:602,42,0,0
BRDA:602,42,1,0
BRDA:614,43,0,0
BRDA:614,43,1,0
BRDA:618,44,0,0
BRDA:618,44,1,0
BRDA:637,45,0,0
BRDA:637,45,1,0
BRDA:652,46,0,0
BRDA:652,46,1,0
BRDA:653,47,0,0
BRDA:653,47,1,0
BRDA:657,48,0,0
BRDA:657,48,1,0
BRDA:663,49,0,0
BRDA:663,49,1,0
BRDA:663,50,0,0
BRDA:663,50,1,0
BRDA:665,51,0,0
BRDA:665,51,1,0
BRDA:666,52,0,0
BRDA:666,52,1,0
BRDA:731,53,0,0
BRDA:731,53,1,0
BRDA:749,54,0,0
BRDA:749,54,1,0
BRDA:749,55,0,0
BRDA:749,55,1,0
BRDA:754,56,0,0
BRDA:754,56,1,0
BRDA:755,57,0,0
BRDA:755,57,1,0
BRDA:757,58,0,0
BRDA:757,58,1,0
BRDA:770,59,0,0
BRDA:770,59,1,0
BRDA:771,60,0,0
BRDA:771,60,1,0
BRDA:785,61,0,0
BRDA:785,61,1,0
BRDA:795,62,0,0
BRDA:795,62,1,0
BRDA:808,63,0,0
BRDA:808,63,1,0
BRDA:809,64,0,0
BRDA:809,64,1,0
BRDA:811,65,0,0
BRDA:811,65,1,0
BRDA:817,66,0,0
BRDA:817,66,1,0
BRDA:826,67,0,0
BRDA:826,67,1,0
BRDA:826,67,2,0
BRDA:845,68,0,0
BRDA:845,68,1,0
BRDA:846,69,0,0
BRDA:846,69,1,0
BRDA:853,70,0,0
BRDA:853,70,1,0
BRDA:865,71,0,0
BRDA:865,71,1,0
BRDA:875,72,0,0
BRDA:875,72,1,0
BRDA:926,73,0,0
BRDA:926,73,1,0
BRDA:938,74,0,0
BRDA:938,74,1,0
BRDA:946,75,0,0
BRDA:946,75,1,0
BRDA:947,76,0,0
BRDA:947,76,1,0
BRDA:954,77,0,0
BRDA:954,77,1,0
BRDA:958,78,0,0
BRDA:958,78,1,0
BRDA:964,79,0,0
BRDA:964,79,1,0
BRDA:965,80,0,0
BRDA:965,80,1,0
BRF:171
BRH:0
end_of_record
TN:
SF:src/shared-file-view-audio.js
FN:12,(anonymous_0)
FN:18,(anonymous_1)
FNF:2
FNH:0
FNDA:0,(anonymous_0)
FNDA:0,(anonymous_1)
DA:9,0
DA:13,0
DA:19,0
DA:20,0
DA:23,0
DA:31,0
DA:41,0
LF:7
LH:0
BRDA:19,0,0,0
BRDA:19,0,1,0
BRF:2
BRH:0
end_of_record
TN:
SF:src/shared-file-view-document.js
FN:18,(anonymous_0)
FN:25,(anonymous_1)
FN:33,(anonymous_2)
FN:38,(anonymous_3)
FN:39,(anonymous_4)
FN:65,(anonymous_5)
FN:83,(anonymous_6)
FNF:7
FNH:0
FNDA:0,(anonymous_0)
FNDA:0,(anonymous_1)
FNDA:0,(anonymous_2)
FNDA:0,(anonymous_3)
FNDA:0,(anonymous_4)
FNDA:0,(anonymous_5)
FNDA:0,(anonymous_6)
DA:15,0
DA:19,0
DA:26,0
DA:27,0
DA:34,0
DA:35,0
DA:38,0
DA:39,0
DA:40,0
DA:41,0
DA:43,0
DA:46,0
DA:47,0
DA:49,0
DA:53,0
DA:55,0
DA:60,0
DA:61,0
DA:62,0
DA:63,0
DA:66,0
DA:67,0
DA:72,0
DA:80,0
DA:84,0
DA:86,0
DA:87,0
DA:90,0
DA:91,0
DA:94,0
DA:95,0
DA:98,0
DA:106,0
LF:33
LH:0
BRDA:34,0,0,0
BRDA:34,0,1,0
BRDA:41,1,0,0
BRDA:41,1,1,0
BRDA:41,1,2,0
BRDA:66,2,0,0
BRDA:66,2,1,0
BRDA:86,3,0,0
BRDA:86,3,1,0
BRDA:90,4,0,0
BRDA:90,4,1,0
BRDA:94,5,0,0
BRDA:94,5,1,0
BRF:13
BRH:0
end_of_record
TN:
SF:src/shared-file-view-image.js
FN:15,(anonymous_0)
FN:22,(anonymous_1)
FN:23,(anonymous_2)
FN:33,(anonymous_3)
FNF:4
FNH:0
FNDA:0,(anonymous_0)
FNDA:0,(anonymous_1)
FNDA:0,(anonymous_2)
FNDA:0,(anonymous_3)
DA:9,0
DA:11,0
DA:12,0
DA:16,0
DA:23,0
DA:24,0
DA:25,0
DA:27,0
DA:28,0
DA:34,0
DA:35,0
DA:38,0
DA:54,0
LF:13
LH:0
BRDA:24,0,0,0
BRDA:24,0,1,0
BRDA:24,1,0,0
BRDA:24,1,1,0
BRDA:27,2,0,0
BRDA:27,2,1,0
BRDA:27,3,0,0
BRDA:27,3,1,0
BRDA:34,4,0,0
BRDA:34,4,1,0
BRDA:41,5,0,0
BRDA:41,5,1,0
BRDA:44,6,0,0
BRDA:44,6,1,0
BRF:14
BRH:0
end_of_record
TN:
SF:src/shared-file-view-markdown.js
FN:15,(anonymous_0)
FN:22,(anonymous_1)
FN:30,(anonymous_2)
FN:31,(anonymous_3)
FN:36,(anonymous_4)
FN:42,(anonymous_5)
FN:64,(anonymous_6)
FN:68,(anonymous_7)
FNF:8
FNH:0
FNDA:0,(anonymous_0)
FNDA:0,(anonymous_1)
FNDA:0,(anonymous_2)
FNDA:0,(anonymous_3)
FNDA:0,(anonymous_4)
FNDA:0,(anonymous_5)
FNDA:0,(anonymous_6)
FNDA:0,(anonymous_7)
DA:12,0
DA:16,0
DA:23,0
DA:24,0
DA:31,0
DA:32,0
DA:37,0
DA:38,0
DA:42,0
DA:43,0
DA:44,0
DA:46,0
DA:49,0
DA:50,0
DA:53,0
DA:54,0
DA:55,0
DA:56,0
DA:59,0
DA:61,0
DA:64,0
DA:65,0
DA:69,0
DA:70,0
DA:73,0
DA:74,0
DA:77,0
DA:90,0
LF:28
LH:0
BRDA:43,0,0,0
BRDA:43,0,1,0
BRDA:49,1,0,0
BRDA:49,1,1,0
BRDA:69,2,0,0
BRDA:69,2,1,0
BRDA:73,3,0,0
BRDA:73,3,1,0
BRF:8
BRH:0
end_of_record
TN:
SF:src/shared-file-view-pdf.js
FN:12,(anonymous_0)
FN:18,(anonymous_1)
FNF:2
FNH:0
FNDA:0,(anonymous_0)
FNDA:0,(anonymous_1)
DA:9,0
DA:13,0
DA:19,0
DA:20,0
DA:23,0
DA:31,0
LF:6
LH:0
BRDA:19,0,0,0
BRDA:19,0,1,0
BRF:2
BRH:0
end_of_record
TN:
SF:src/shared-file-view-sdoc.js
FN:42,(anonymous_0)
FNF:1
FNH:0
FNDA:0,(anonymous_0)
DA:9,0
DA:10,0
DA:16,0
DA:19,0
DA:20,0
DA:21,0
DA:23,0
DA:42,0
DA:43,0
DA:44,0
DA:47,0
LF:11
LH:0
BRDA:36,0,0,0
BRDA:36,0,1,0
BRDA:36,1,0,0
BRDA:36,1,1,0
BRDA:36,2,0,0
BRDA:36,2,1,0
BRF:6
BRH:0
end_of_record
TN:
SF:src/shared-file-view-spreadsheet.js
FN:17,(anonymous_0)
FN:26,(anonymous_1)
FN:34,(anonymous_2)
FN:39,(anonymous_3)
FN:40,(anonymous_4)
FN:62,(anonymous_5)
FN:80,(anonymous_6)
FN:85,(anonymous_7)
FNF:8
FNH:0
FNDA:0,(anonymous_0)
FNDA:0,(anonymous_1)
FNDA:0,(anonymous_2)
FNDA:0,(anonymous_3)
FNDA:0,(anonymous_4)
FNDA:0,(anonymous_5)
FNDA:0,(anonymous_6)
FNDA:0,(anonymous_7)
DA:14,0
DA:18,0
DA:27,0
DA:28,0
DA:35,0
DA:36,0
DA:39,0
DA:40,0
DA:41,0
DA:42,0
DA:45,0
DA:48,0
DA:49,0
DA:51,0
DA:55,0
DA:57,0
DA:63,0
DA:64,0
DA:69,0
DA:77,0
DA:80,0
DA:81,0
DA:82,0
DA:86,0
DA:88,0
DA:89,0
DA:92,0
DA:93,0
DA:96,0
DA:97,0
DA:100,0
DA:108,0
LF:32
LH:0
BRDA:35,0,0,0
BRDA:35,0,1,0
BRDA:42,1,0,0
BRDA:42,1,1,0
BRDA:42,1,2,0
BRDA:42,1,3,0
BRDA:63,2,0,0
BRDA:63,2,1,0
BRDA:88,3,0,0
BRDA:88,3,1,0
BRDA:92,4,0,0
BRDA:92,4,1,0
BRDA:96,5,0,0
BRDA:96,5,1,0
BRF:14
BRH:0
end_of_record
TN:
SF:src/shared-file-view-svg.js
FN:11,(anonymous_0)
FN:17,(anonymous_1)
FNF:2
FNH:0
FNDA:0,(anonymous_0)
FNDA:0,(anonymous_1)
DA:8,0
DA:12,0
DA:18,0
DA:19,0
DA:22,0
DA:32,0
LF:6
LH:0
BRDA:18,0,0,0
BRDA:18,0,1,0
BRF:2
BRH:0
end_of_record
TN:
SF:src/shared-file-view-text.js
FN:11,(anonymous_0)
FN:25,(anonymous_1)
FNF:2
FNH:0
FNDA:0,(anonymous_0)
FNDA:0,(anonymous_1)
DA:8,0
DA:12,0
DA:13,0
DA:16,0
DA:26,0
DA:30,0
LF:6
LH:0
BRDA:12,0,0,0
BRDA:12,0,1,0
BRF:2
BRH:0
end_of_record
TN:
SF:src/shared-file-view-unknown.js
FN:9,(anonymous_0)
FN:15,(anonymous_1)
FNF:2
FNH:0
FNDA:0,(anonymous_0)
FNDA:0,(anonymous_1)
DA:6,0
DA:10,0
DA:16,0
DA:17,0
DA:22,0
LF:5
LH:0
BRDA:16,0,0,0
BRDA:16,0,1,0
BRF:2
BRH:0
end_of_record
TN:
SF:src/shared-file-view-video.js
FN:12,(anonymous_0)
FN:18,(anonymous_1)
FNF:2
FNH:0
FNDA:0,(anonymous_0)
FNDA:0,(anonymous_1)
DA:9,0
DA:13,0
DA:19,0
DA:20,0
DA:23,0
DA:32,0
DA:42,0
LF:7
LH:0
BRDA:19,0,0,0
BRDA:19,0,1,0
BRF:2
BRH:0
end_of_record
TN:
SF:src/subscription.js
FN:16,(anonymous_0)
FN:29,(anonymous_1)
FN:32,(anonymous_2)
FN:42,(anonymous_3)
FNF:4
FNH:0
FNDA:0,(anonymous_0)
FNDA:0,(anonymous_1)
FNDA:0,(anonymous_2)
FNDA:0,(anonymous_3)
DA:17,0
DA:18,0
DA:24,0
DA:29,0
DA:31,0
DA:32,0
DA:33,0
DA:35,0
DA:36,0
DA:43,0
DA:44,0
DA:69,0
LF:12
LH:0
BRDA:33,0,0,0
BRDA:33,0,1,0
BRDA:35,1,0,0
BRDA:35,1,1,0
BRDA:43,2,0,0
BRDA:43,2,1,0
BRF:6
BRH:0
end_of_record
TN:
SF:src/tc-accept.js
FN:24,(anonymous_0)
FNF:1
FNH:0
FNDA:0,(anonymous_0)
DA:11,0
DA:19,0
DA:25,0
DA:51,0
LF:4
LH:0
BRF:0
BRH:0
end_of_record
TN:
SF:src/tc-view.js
FN:16,(anonymous_0)
FNF:1
FNH:0
FNDA:0,(anonymous_0)
DA:12,0
DA:17,0
DA:36,0
LF:3
LH:0
BRF:0
BRH:0
end_of_record
TN:
SF:src/translate.js
FNF:0
FNH:0
DA:3,0
DA:4,0
DA:5,0
DA:6,0
DA:7,0
DA:8,0
DA:9,0
DA:10,0
DA:11,0
DA:12,0
DA:13,0
DA:14,0
DA:15,0
DA:16,0
DA:17,0
DA:18,0
DA:19,0
DA:20,0
DA:21,0
DA:22,0
DA:23,0
DA:24,0
DA:25,0
DA:26,0
DA:27,0
LF:25
LH:0
BRF:0
BRH:0
end_of_record
TN:
SF:src/user-notifications.js
FN:18,(anonymous_0)
FN:30,(anonymous_1)
FN:35,(anonymous_2)
FN:40,(anonymous_3)
FN:42,(anonymous_4)
FN:49,(anonymous_5)
FN:57,(anonymous_6)
FN:58,(anonymous_7)
FN:60,(anonymous_8)
FN:65,(anonymous_9)
FN:73,(anonymous_10)
FN:74,(anonymous_11)
FN:78,(anonymous_12)
FN:86,(anonymous_13)
FN:90,(anonymous_14)
FN:94,(anonymous_15)
FN:103,(anonymous_16)
FN:120,(anonymous_17)
FN:138,(anonymous_18)
FN:141,(anonymous_19)
FN:147,(anonymous_20)
FN:163,(anonymous_21)
FNF:22
FNH:0
FNDA:0,(anonymous_0)
FNDA:0,(anonymous_1)
FNDA:0,(anonymous_2)
FNDA:0,(anonymous_3)
FNDA:0,(anonymous_4)
FNDA:0,(anonymous_5)
FNDA:0,(anonymous_6)
FNDA:0,(anonymous_7)
FNDA:0,(anonymous_8)
FNDA:0,(anonymous_9)
FNDA:0,(anonymous_10)
FNDA:0,(anonymous_11)
FNDA:0,(anonymous_12)
FNDA:0,(anonymous_13)
FNDA:0,(anonymous_14)
FNDA:0,(anonymous_15)
FNDA:0,(anonymous_16)
FNDA:0,(anonymous_17)
FNDA:0,(anonymous_18)
FNDA:0,(anonymous_19)
FNDA:0,(anonymous_20)
FNDA:0,(anonymous_21)
DA:14,0
DA:19,0
DA:20,0
DA:31,0
DA:32,0
DA:33,0
DA:36,0
DA:40,0
DA:41,0
DA:42,0
DA:43,0
DA:50,0
DA:57,0
DA:58,0
DA:59,0
DA:61,0
DA:62,0
DA:66,0
DA:73,0
DA:74,0
DA:75,0
DA:79,0
DA:86,0
DA:87,0
DA:90,0
DA:91,0
DA:94,0
DA:95,0
DA:96,0
DA:98,0
DA:99,0
DA:103,0
DA:104,0
DA:121,0
DA:123,0
DA:124,0
DA:127,0
DA:128,0
DA:137,0
DA:138,0
DA:142,0
DA:148,0
DA:153,0
DA:154,0
DA:158,0
DA:163,0
DA:172,0
LF:47
LH:0
BRDA:34,0,0,0
BRDA:34,0,1,0
BRDA:95,1,0,0
BRDA:95,1,1,0
BRDA:95,2,0,0
BRDA:95,2,1,0
BRDA:95,2,2,0
BRDA:98,3,0,0
BRDA:98,3,1,0
BRDA:123,4,0,0
BRDA:123,4,1,0
BRDA:128,5,0,0
BRDA:128,5,1,0
BRDA:153,6,0,0
BRDA:153,6,1,0
BRF:15
BRH:0
end_of_record
TN:
SF:src/view-file-document.js
FN:18,(anonymous_0)
FN:27,(anonymous_1)
FN:35,(anonymous_2)
FN:40,(anonymous_3)
FN:41,(anonymous_4)
FN:67,(anonymous_5)
FN:86,(anonymous_6)
FNF:7
FNH:0
FNDA:0,(anonymous_0)
FNDA:0,(anonymous_1)
FNDA:0,(anonymous_2)
FNDA:0,(anonymous_3)
FNDA:0,(anonymous_4)
FNDA:0,(anonymous_5)
FNDA:0,(anonymous_6)
DA:15,0
DA:19,0
DA:28,0
DA:29,0
DA:36,0
DA:37,0
DA:40,0
DA:41,0
DA:42,0
DA:43,0
DA:45,0
DA:48,0
DA:49,0
DA:51,0
DA:55,0
DA:57,0
DA:62,0
DA:63,0
DA:64,0
DA:65,0
DA:68,0
DA:69,0
DA:74,0
DA:82,0
DA:87,0
DA:89,0
DA:90,0
DA:93,0
DA:94,0
DA:97,0
DA:98,0
DA:101,0
DA:109,0
LF:33
LH:0
BRDA:36,0,0,0
BRDA:36,0,1,0
BRDA:43,1,0,0
BRDA:43,1,1,0
BRDA:43,1,2,0
BRDA:68,2,0,0
BRDA:68,2,1,0
BRDA:89,3,0,0
BRDA:89,3,1,0
BRDA:93,4,0,0
BRDA:93,4,1,0
BRDA:97,5,0,0
BRDA:97,5,1,0
BRF:13
BRH:0
end_of_record
TN:
SF:src/view-file-sdoc.js
FNF:0
FNH:0
DA:9,0
DA:10,0
DA:16,0
DA:18,0
DA:51,0
LF:5
LH:0
BRDA:48,0,0,0
BRDA:48,0,1,0
BRF:2
BRH:0
end_of_record
TN:
SF:src/view-file-spreadsheet.js
FN:17,(anonymous_0)
FN:26,(anonymous_1)
FN:34,(anonymous_2)
FN:39,(anonymous_3)
FN:40,(anonymous_4)
FN:62,(anonymous_5)
FN:80,(anonymous_6)
FN:85,(anonymous_7)
FNF:8
FNH:0
FNDA:0,(anonymous_0)
FNDA:0,(anonymous_1)
FNDA:0,(anonymous_2)
FNDA:0,(anonymous_3)
FNDA:0,(anonymous_4)
FNDA:0,(anonymous_5)
FNDA:0,(anonymous_6)
FNDA:0,(anonymous_7)
DA:14,0
DA:18,0
DA:27,0
DA:28,0
DA:35,0
DA:36,0
DA:39,0
DA:40,0
DA:41,0
DA:42,0
DA:45,0
DA:48,0
DA:49,0
DA:51,0
DA:55,0
DA:57,0
DA:63,0
DA:64,0
DA:69,0
DA:77,0
DA:80,0
DA:81,0
DA:82,0
DA:86,0
DA:88,0
DA:89,0
DA:92,0
DA:93,0
DA:96,0
DA:97,0
DA:100,0
DA:108,0
LF:32
LH:0
BRDA:35,0,0,0
BRDA:35,0,1,0
BRDA:42,1,0,0
BRDA:42,1,1,0
BRDA:42,1,2,0
BRDA:42,1,3,0
BRDA:63,2,0,0
BRDA:63,2,1,0
BRDA:88,3,0,0
BRDA:88,3,1,0
BRDA:92,4,0,0
BRDA:92,4,1,0
BRDA:96,5,0,0
BRDA:96,5,1,0
BRF:14
BRH:0
end_of_record
TN:
SF:src/view-file-text.js
FN:23,(anonymous_0)
FN:44,(anonymous_1)
FN:57,(anonymous_2)
FN:64,(anonymous_3)
FN:70,(anonymous_4)
FN:80,(anonymous_5)
FN:93,(anonymous_6)
FN:94,(anonymous_7)
FN:102,(anonymous_8)
FN:103,(anonymous_9)
FN:107,(anonymous_10)
FN:114,(anonymous_11)
FN:118,(anonymous_12)
FN:122,(anonymous_13)
FNF:14
FNH:0
FNDA:0,(anonymous_0)
FNDA:0,(anonymous_1)
FNDA:0,(anonymous_2)
FNDA:0,(anonymous_3)
FNDA:0,(anonymous_4)
FNDA:0,(anonymous_5)
FNDA:0,(anonymous_6)
FNDA:0,(anonymous_7)
FNDA:0,(anonymous_8)
FNDA:0,(anonymous_9)
FNDA:0,(anonymous_10)
FNDA:0,(anonymous_11)
FNDA:0,(anonymous_12)
FNDA:0,(anonymous_13)
DA:15,0
DA:17,0
DA:24,0
DA:25,0
DA:28,0
DA:41,0
DA:45,0
DA:46,0
DA:52,0
DA:53,0
DA:57,0
DA:58,0
DA:65,0
DA:66,0
DA:68,0
DA:69,0
DA:71,0
DA:72,0
DA:75,0
DA:81,0
DA:84,0
DA:93,0
DA:94,0
DA:95,0
DA:96,0
DA:97,0
DA:102,0
DA:103,0
DA:104,0
DA:105,0
DA:106,0
DA:107,0
DA:108,0
DA:114,0
DA:115,0
DA:119,0
DA:123,0
DA:141,0
LF:38
LH:0
BRDA:24,0,0,0
BRDA:24,0,1,0
BRDA:65,1,0,0
BRDA:65,1,1,0
BRDA:95,2,0,0
BRDA:95,2,1,0
BRDA:106,3,0,0
BRDA:106,3,1,0
BRF:8
BRH:0
end_of_record
TN:
SF:src/wiki.js
FNF:0
FNH:0
DA:5,0
LF:1
LH:0
BRF:0
BRH:0
end_of_record
TN:
SF:src/_i18n/i18n-sdoc-editor.js
FNF:0
FNH:0
DA:7,0
DA:9,0
LF:2
LH:0
BRDA:7,0,0,0
BRF:1
BRH:0
end_of_record
TN:
SF:src/_i18n/i18n-seafile-editor.js
FNF:0
FNH:0
DA:7,0
DA:9,0
LF:2
LH:0
BRF:0
BRH:0
end_of_record
TN:
SF:src/components/audio-player.js
FN:7,(anonymous_0)
FN:9,onPlayerReady
FN:14,(anonymous_2)
FN:23,(anonymous_3)
FN:26,(anonymous_4)
FNF:5
FNH:0
FNDA:0,(anonymous_0)
FNDA:0,onPlayerReady
FNDA:0,(anonymous_2)
FNDA:0,(anonymous_3)
FNDA:0,(anonymous_4)
DA:9,0
DA:15,0
DA:16,0
DA:24,0
DA:26,0
LF:5
LH:0
BRDA:15,0,0,0
BRDA:15,0,1,0
BRF:2
BRH:0
end_of_record
TN:
SF:src/components/btn-qr-code.js
FN:14,(anonymous_0)
FN:23,(anonymous_1)
FN:29,(anonymous_2)
FNF:3
FNH:0
FNDA:0,(anonymous_0)
FNDA:0,(anonymous_1)
FNDA:0,(anonymous_2)
DA:9,0
DA:15,0
DA:16,0
DA:20,0
DA:23,0
DA:24,0
DA:30,0
DA:31,0
DA:32,0
DA:46,0
LF:10
LH:0
BRF:0
BRH:0
end_of_record
TN:
SF:src/components/copy-to-clipboard.js
FN:3,copy
FNF:1
FNH:0
FNDA:0,copy
DA:4,0
DA:5,0
DA:6,0
DA:8,0
DA:9,0
DA:12,0
DA:13,0
DA:15,0
DA:17,0
DA:18,0
DA:20,0
DA:21,0
DA:24,0
DA:28,0
DA:29,0
DA:30,0
DA:32,0
DA:36,0
DA:37,0
DA:39,0
DA:42,0
LF:21
LH:0
BRDA:21,0,0,0
BRDA:21,0,1,0
BRDA:28,1,0,0
BRDA:28,1,1,0
BRDA:29,2,0,0
BRDA:29,2,1,0
BRDA:36,3,0,0
BRDA:36,3,1,0
BRF:8
BRH:0
end_of_record
TN:
SF:src/components/date-and-time-picker.js
FN:13,(anonymous_0)
FN:20,(anonymous_1)
FN:26,(anonymous_2)
FN:30,(anonymous_3)
FN:54,(anonymous_4)
FNF:5
FNH:0
FNDA:0,(anonymous_0)
FNDA:0,(anonymous_1)
FNDA:0,(anonymous_2)
FNDA:0,(anonymous_3)
FNDA:0,(anonymous_4)
DA:14,0
DA:15,0
DA:16,0
DA:17,0
DA:21,0
DA:22,0
DA:26,0
DA:27,0
DA:31,0
DA:32,0
DA:33,0
DA:36,0
DA:38,0
DA:45,0
DA:55,0
DA:77,0
LF:16
LH:0
BRDA:32,0,0,0
BRDA:32,0,1,0
BRDA:36,1,0,0
BRDA:36,1,1,0
BRDA:59,2,0,0
BRDA:59,2,1,0
BRDA:63,3,0,0
BRDA:63,3,1,0
BRDA:63,3,2,0
BRF:9
BRH:0
end_of_record
TN:
SF:src/components/empty-tip.js
FN:12,(anonymous_0)
FNF:1
FNH:0
FNDA:0,(anonymous_0)
DA:5,0
DA:13,0
DA:22,0
LF:3
LH:0
BRDA:14,0,0,0
BRDA:14,0,1,0
BRF:2
BRH:0
end_of_record
TN:
SF:src/components/file-tag-list.js
FN:5,FileTagList
FN:8,(anonymous_1)
FNF:2
FNH:0
FNDA:0,FileTagList
FNDA:0,(anonymous_1)
DA:6,0
DA:9,0
DA:10,0
DA:11,0
DA:21,0
LF:5
LH:0
BRDA:8,0,0,0
BRDA:8,0,1,0
BRDA:9,1,0,0
BRDA:9,1,1,0
BRDA:10,2,0,0
BRDA:10,2,1,0
BRDA:10,2,2,0
BRF:7
BRH:0
end_of_record
TN:
SF:src/components/group-members.js
FN:23,(anonymous_0)
FN:36,(anonymous_1)
FN:71,(anonymous_2)
FN:82,(anonymous_3)
FN:84,(anonymous_4)
FN:86,(anonymous_5)
FN:92,(anonymous_6)
FN:94,(anonymous_7)
FN:97,(anonymous_8)
FN:103,(anonymous_9)
FN:110,(anonymous_10)
FN:117,(anonymous_11)
FN:129,(anonymous_12)
FN:135,(anonymous_13)
FN:139,(anonymous_14)
FNF:15
FNH:0
FNDA:0,(anonymous_0)
FNDA:0,(anonymous_1)
FNDA:0,(anonymous_2)
FNDA:0,(anonymous_3)
FNDA:0,(anonymous_4)
FNDA:0,(anonymous_5)
FNDA:0,(anonymous_6)
FNDA:0,(anonymous_7)
FNDA:0,(anonymous_8)
FNDA:0,(anonymous_9)
FNDA:0,(anonymous_10)
FNDA:0,(anonymous_11)
FNDA:0,(anonymous_12)
FNDA:0,(anonymous_13)
FNDA:0,(anonymous_14)
DA:11,0
DA:24,0
DA:25,0
DA:37,0
DA:57,0
DA:59,0
DA:72,0
DA:73,0
DA:77,0
DA:82,0
DA:83,0
DA:84,0
DA:85,0
DA:87,0
DA:88,0
DA:92,0
DA:93,0
DA:94,0
DA:95,0
DA:96,0
DA:98,0
DA:99,0
DA:103,0
DA:104,0
DA:105,0
DA:110,0
DA:111,0
DA:112,0
DA:117,0
DA:118,0
DA:119,0
DA:121,0
DA:122,0
DA:124,0
DA:125,0
DA:130,0
DA:131,0
DA:132,0
DA:134,0
DA:135,0
DA:136,0
DA:137,0
DA:139,0
DA:141,0
DA:173,0
LF:45
LH:0
BRDA:83,0,0,0
BRDA:83,0,1,0
BRDA:104,1,0,0
BRDA:104,1,1,0
BRDA:111,2,0,0
BRDA:111,2,1,0
BRDA:118,3,0,0
BRDA:118,3,1,0
BRDA:121,4,0,0
BRDA:121,4,1,0
BRDA:124,5,0,0
BRDA:124,5,1,0
BRDA:132,6,0,0
BRDA:132,6,1,0
BRDA:132,6,2,0
BRDA:132,6,3,0
BRDA:142,7,0,0
BRDA:142,7,1,0
BRDA:146,8,0,0
BRDA:146,8,1,0
BRDA:146,8,2,0
BRDA:146,8,3,0
BRDA:149,9,0,0
BRDA:149,9,1,0
BRDA:149,9,2,0
BRDA:160,10,0,0
BRDA:160,10,1,0
BRDA:160,10,2,0
BRF:28
BRH:0
end_of_record
TN:
SF:src/components/icon-button.js
FN:16,(anonymous_0)
FN:23,(anonymous_1)
FN:28,(anonymous_2)
FNF:3
FNH:0
FNDA:0,(anonymous_0)
FNDA:0,(anonymous_1)
FNDA:0,(anonymous_2)
DA:5,0
DA:17,0
DA:18,0
DA:23,0
DA:24,0
DA:29,0
DA:31,0
DA:43,0
DA:44,0
DA:56,0
DA:69,0
LF:11
LH:0
BRDA:43,0,0,0
BRDA:43,0,1,0
BRDA:43,1,0,0
BRDA:43,1,1,0
BRF:4
BRH:0
end_of_record
TN:
SF:src/components/icon.js
FN:5,(anonymous_0)
FN:15,(anonymous_1)
FNF:2
FNH:0
FNDA:0,(anonymous_0)
FNDA:0,(anonymous_1)
DA:5,0
DA:6,0
DA:8,0
DA:9,0
DA:12,0
DA:15,0
DA:16,0
DA:17,0
DA:18,0
DA:25,0
LF:10
LH:0
BRDA:17,0,0,0
BRDA:17,0,1,0
BRF:2
BRH:0
end_of_record
TN:
SF:src/components/libs-mobile-thead.js
FN:4,LibsMobileThead
FNF:1
FNH:0
FNDA:0,LibsMobileThead
DA:5,0
LF:1
LH:0
BRF:0
BRH:0
end_of_record
TN:
SF:src/components/list-and-add-group-members.js
FN:19,(anonymous_0)
FN:37,(anonymous_1)
FN:41,(anonymous_2)
FN:44,(anonymous_3)
FN:53,(anonymous_4)
FN:64,(anonymous_5)
FN:71,(anonymous_6)
FN:76,(anonymous_7)
FN:88,(anonymous_8)
FN:94,(anonymous_9)
FN:100,(anonymous_10)
FN:109,(anonymous_11)
FN:116,(anonymous_12)
FN:118,(anonymous_13)
FN:127,(anonymous_14)
FN:135,(anonymous_15)
FN:139,(anonymous_16)
FN:143,(anonymous_17)
FN:150,(anonymous_18)
FN:156,(anonymous_19)
FN:162,(anonymous_20)
FN:186,(anonymous_21)
FN:213,(anonymous_22)
FNF:23
FNH:0
FNDA:0,(anonymous_0)
FNDA:0,(anonymous_1)
FNDA:0,(anonymous_2)
FNDA:0,(anonymous_3)
FNDA:0,(anonymous_4)
FNDA:0,(anonymous_5)
FNDA:0,(anonymous_6)
FNDA:0,(anonymous_7)
FNDA:0,(anonymous_8)
FNDA:0,(anonymous_9)
FNDA:0,(anonymous_10)
FNDA:0,(anonymous_11)
FNDA:0,(anonymous_12)
FNDA:0,(anonymous_13)
FNDA:0,(anonymous_14)
FNDA:0,(anonymous_15)
FNDA:0,(anonymous_16)
FNDA:0,(anonymous_17)
FNDA:0,(anonymous_18)
FNDA:0,(anonymous_19)
FNDA:0,(anonymous_20)
FNDA:0,(anonymous_21)
FNDA:0,(anonymous_22)
DA:12,0
DA:20,0
DA:21,0
DA:38,0
DA:41,0
DA:42,0
DA:43,0
DA:44,0
DA:45,0
DA:46,0
DA:54,0
DA:55,0
DA:56,0
DA:64,0
DA:65,0
DA:71,0
DA:72,0
DA:73,0
DA:74,0
DA:76,0
DA:77,0
DA:78,0
DA:82,0
DA:83,0
DA:84,0
DA:89,0
DA:90,0
DA:94,0
DA:95,0
DA:100,0
DA:102,0
DA:103,0
DA:104,0
DA:105,0
DA:106,0
DA:107,0
DA:108,0
DA:109,0
DA:110,0
DA:116,0
DA:117,0
DA:119,0
DA:120,0
DA:122,0
DA:127,0
DA:128,0
DA:129,0
DA:130,0
DA:135,0
DA:136,0
DA:137,0
DA:138,0
DA:139,0
DA:140,0
DA:143,0
DA:144,0
DA:150,0
DA:151,0
DA:156,0
DA:157,0
DA:167,0
DA:168,0
DA:187,0
DA:234,0
LF:64
LH:0
BRDA:50,0,0,0
BRDA:50,0,1,0
BRDA:83,1,0,0
BRDA:83,1,1,0
BRDA:103,2,0,0
BRDA:103,2,1,0
BRDA:103,3,0,0
BRDA:103,3,1,0
BRDA:108,4,0,0
BRDA:108,4,1,0
BRDA:119,5,0,0
BRDA:119,5,1,0
BRDA:179,6,0,0
BRDA:179,6,1,0
BRDA:185,7,0,0
BRDA:185,7,1,0
BRDA:186,8,0,0
BRDA:192,9,0,0
BRDA:192,9,1,0
BRDA:193,10,0,0
BRDA:193,10,1,0
BRDA:206,11,0,0
BRDA:206,11,1,0
BRDA:213,12,0,0
BRDA:213,12,1,0
BRDA:214,13,0,0
BRDA:214,13,1,0
BRDA:217,14,0,0
BRDA:217,14,1,0
BRDA:225,15,0,0
BRDA:225,15,1,0
BRDA:225,15,2,0
BRF:32
BRH:0
end_of_record
TN:
SF:src/components/loading.js
FN:3,Loading
FNF:1
FNH:0
FNDA:0,Loading
DA:4,0
LF:1
LH:0
BRF:0
BRH:0
end_of_record
TN:
SF:src/components/logo.js
FN:12,(anonymous_0)
FN:16,(anonymous_1)
FNF:2
FNH:0
FNDA:0,(anonymous_0)
FNDA:0,(anonymous_1)
DA:5,0
DA:12,0
DA:13,0
DA:17,0
DA:36,0
LF:5
LH:0
BRDA:20,0,0,0
BRDA:20,0,1,0
BRDA:22,1,0,0
BRDA:22,1,1,0
BRF:4
BRH:0
end_of_record
TN:
SF:src/components/main-content-wrapper.js
FN:4,(anonymous_0)
FN:7,(anonymous_1)
FN:11,(anonymous_2)
FNF:3
FNH:0
FNDA:0,(anonymous_0)
FNDA:0,(anonymous_1)
FNDA:0,(anonymous_2)
DA:4,0
DA:5,0
DA:8,0
DA:12,0
LF:4
LH:0
BRF:0
BRH:0
end_of_record
TN:
SF:src/components/main-panel.js
FN:10,(anonymous_0)
FNF:1
FNH:0
FNDA:0,(anonymous_0)
DA:4,0
DA:11,0
DA:19,0
LF:3
LH:0
BRF:0
BRH:0
end_of_record
TN:
SF:src/components/main-side-nav.js
FN:19,(anonymous_0)
FN:33,(anonymous_1)
FN:40,(anonymous_2)
FN:46,(anonymous_3)
FN:48,(anonymous_4)
FN:49,(anonymous_5)
FN:56,(anonymous_6)
FN:60,(anonymous_7)
FN:66,(anonymous_8)
FN:79,(anonymous_9)
FN:83,(anonymous_10)
FN:91,(anonymous_11)
FN:96,(anonymous_12)
FN:99,(anonymous_13)
FN:110,(anonymous_14)
FN:124,(anonymous_15)
FN:133,(anonymous_16)
FN:144,(anonymous_17)
FN:152,(anonymous_18)
FN:163,(anonymous_19)
FN:165,(anonymous_20)
FN:179,(anonymous_21)
FN:188,(anonymous_22)
FN:195,(anonymous_23)
FN:201,(anonymous_24)
FN:218,(anonymous_25)
FN:226,(anonymous_26)
FN:238,(anonymous_27)
FN:245,(anonymous_28)
FN:252,(anonymous_29)
FN:258,(anonymous_30)
FN:265,(anonymous_31)
FNF:32
FNH:0
FNDA:0,(anonymous_0)
FNDA:0,(anonymous_1)
FNDA:0,(anonymous_2)
FNDA:0,(anonymous_3)
FNDA:0,(anonymous_4)
FNDA:0,(anonymous_5)
FNDA:0,(anonymous_6)
FNDA:0,(anonymous_7)
FNDA:0,(anonymous_8)
FNDA:0,(anonymous_9)
FNDA:0,(anonymous_10)
FNDA:0,(anonymous_11)
FNDA:0,(anonymous_12)
FNDA:0,(anonymous_13)
FNDA:0,(anonymous_14)
FNDA:0,(anonymous_15)
FNDA:0,(anonymous_16)
FNDA:0,(anonymous_17)
FNDA:0,(anonymous_18)
FNDA:0,(anonymous_19)
FNDA:0,(anonymous_20)
FNDA:0,(anonymous_21)
FNDA:0,(anonymous_22)
FNDA:0,(anonymous_23)
FNDA:0,(anonymous_24)
FNDA:0,(anonymous_25)
FNDA:0,(anonymous_26)
FNDA:0,(anonymous_27)
FNDA:0,(anonymous_28)
FNDA:0,(anonymous_29)
FNDA:0,(anonymous_30)
FNDA:0,(anonymous_31)
DA:13,0
DA:20,0
DA:21,0
DA:28,0
DA:29,0
DA:30,0
DA:33,0
DA:34,0
DA:37,0
DA:40,0
DA:41,0
DA:46,0
DA:47,0
DA:48,0
DA:49,0
DA:50,0
DA:51,0
DA:54,0
DA:55,0
DA:57,0
DA:61,0
DA:62,0
DA:66,0
DA:67,0
DA:70,0
DA:71,0
DA:72,0
DA:74,0
DA:76,0
DA:79,0
DA:80,0
DA:84,0
DA:85,0
DA:86,0
DA:88,0
DA:91,0
DA:97,0
DA:99,0
DA:111,0
DA:112,0
DA:113,0
DA:114,0
DA:116,0
DA:118,0
DA:120,0
DA:121,0
DA:122,0
DA:124,0
DA:130,0
DA:131,0
DA:133,0
DA:140,0
DA:144,0
DA:152,0
DA:164,0
DA:166,0
DA:167,0
DA:180,0
DA:181,0
DA:188,0
DA:195,0
DA:201,0
DA:218,0
DA:226,0
DA:238,0
DA:245,0
DA:252,0
DA:258,0
DA:265,0
DA:288,0
LF:70
LH:0
BRDA:57,0,0,0
BRDA:57,0,1,0
BRDA:67,1,0,0
BRDA:67,1,1,0
BRDA:67,2,0,0
BRDA:67,2,1,0
BRDA:67,2,2,0
BRDA:70,3,0,0
BRDA:70,3,1,0
BRDA:80,4,0,0
BRDA:80,4,1,0
BRDA:85,5,0,0
BRDA:85,5,1,0
BRDA:89,6,0,0
BRDA:89,6,1,0
BRDA:112,7,0,0
BRDA:112,7,1,0
BRDA:113,8,0,0
BRDA:113,8,1,0
BRDA:121,9,0,0
BRDA:121,9,1,0
BRDA:130,10,0,0
BRDA:130,10,1,0
BRDA:141,11,0,0
BRDA:141,11,1,0
BRDA:142,12,0,0
BRDA:142,12,1,0
BRDA:142,12,2,0
BRDA:150,13,0,0
BRDA:150,13,1,0
BRDA:166,14,0,0
BRDA:166,14,1,0
BRDA:166,15,0,0
BRDA:166,15,1,0
BRDA:180,16,0,0
BRDA:180,16,1,0
BRDA:180,16,2,0
BRDA:186,17,0,0
BRDA:186,17,1,0
BRDA:188,18,0,0
BRDA:188,18,1,0
BRDA:200,19,0,0
BRDA:200,19,1,0
BRDA:212,20,0,0
BRDA:212,20,1,0
BRDA:216,21,0,0
BRDA:216,21,1,0
BRDA:224,22,0,0
BRDA:224,22,1,0
BRDA:243,23,0,0
BRDA:243,23,1,0
BRDA:263,24,0,0
BRDA:263,24,1,0
BRDA:275,25,0,0
BRDA:275,25,1,0
BRDA:279,26,0,0
BRDA:279,26,1,0
BRF:57
BRH:0
end_of_record
TN:
SF:src/components/menu-control.js
FN:11,(anonymous_0)
FNF:1
FNH:0
FNDA:0,(anonymous_0)
DA:4,0
DA:12,0
DA:18,0
LF:3
LH:0
BRDA:13,0,0,0
BRDA:13,0,1,0
BRF:2
BRH:0
end_of_record
TN:
SF:src/components/modal-portal.js
FN:13,(anonymous_0)
FN:18,(anonymous_1)
FN:24,(anonymous_2)
FN:28,(anonymous_3)
FNF:4
FNH:0
FNDA:0,(anonymous_0)
FNDA:0,(anonymous_1)
FNDA:0,(anonymous_2)
FNDA:0,(anonymous_3)
DA:5,0
DA:9,0
DA:14,0
DA:15,0
DA:19,0
DA:20,0
DA:25,0
DA:29,0
DA:36,0
LF:9
LH:0
BRDA:19,0,0,0
BRDA:19,0,1,0
BRF:2
BRH:0
end_of_record
TN:
SF:src/components/more.js
FN:11,(anonymous_0)
FNF:1
FNH:0
FNDA:0,(anonymous_0)
DA:5,0
DA:12,0
DA:20,0
LF:3
LH:0
BRF:0
BRH:0
end_of_record
TN:
SF:src/components/op-icon.js
FN:13,(anonymous_0)
FNF:1
FNH:0
FNDA:0,(anonymous_0)
DA:5,0
DA:14,0
DA:15,0
DA:27,0
LF:4
LH:0
BRF:0
BRH:0
end_of_record
TN:
SF:src/components/org-admin-group-nav.js
FN:13,(anonymous_0)
FNF:1
FNH:0
FNDA:0,(anonymous_0)
DA:6,0
DA:14,0
DA:15,0
DA:16,0
DA:34,0
LF:5
LH:0
BRDA:20,0,0,0
BRDA:20,0,1,0
BRDA:23,1,0,0
BRDA:23,1,1,0
BRDA:26,2,0,0
BRDA:26,2,1,0
BRF:6
BRH:0
end_of_record
TN:
SF:src/components/org-admin-user-nav.js
FN:13,(anonymous_0)
FNF:1
FNH:0
FNDA:0,(anonymous_0)
DA:6,0
DA:14,0
DA:15,0
DA:16,0
DA:34,0
LF:5
LH:0
BRDA:20,0,0,0
BRDA:20,0,1,0
BRDA:23,1,0,0
BRDA:23,1,1,0
BRDA:26,2,0,0
BRDA:26,2,1,0
BRF:6
BRH:0
end_of_record
TN:
SF:src/components/paginator.js
FN:19,(anonymous_0)
FN:25,(anonymous_1)
FN:31,(anonymous_2)
FN:37,(anonymous_3)
FN:46,(anonymous_4)
FN:50,(anonymous_5)
FNF:6
FNH:0
FNDA:0,(anonymous_0)
FNDA:0,(anonymous_1)
FNDA:0,(anonymous_2)
FNDA:0,(anonymous_3)
FNDA:0,(anonymous_4)
FNDA:0,(anonymous_5)
DA:8,0
DA:19,0
DA:20,0
DA:21,0
DA:22,0
DA:25,0
DA:26,0
DA:27,0
DA:28,0
DA:31,0
DA:32,0
DA:33,0
DA:34,0
DA:37,0
DA:38,0
DA:39,0
DA:40,0
DA:41,0
DA:42,0
DA:43,0
DA:46,0
DA:47,0
DA:51,0
DA:52,0
DA:84,0
LF:25
LH:0
BRF:0
BRH:0
end_of_record
TN:
SF:src/components/pdf-viewer.js
FN:6,(anonymous_0)
FN:12,(anonymous_1)
FNF:2
FNH:0
FNDA:0,(anonymous_0)
FNDA:0,(anonymous_1)
DA:7,0
DA:8,0
DA:9,0
DA:13,0
LF:4
LH:0
BRF:0
BRH:0
end_of_record
TN:
SF:src/components/permission-denied-tip.js
FN:4,PermissionDeniedTip
FNF:1
FNH:0
FNDA:0,PermissionDeniedTip
DA:5,0
DA:6,0
DA:7,0
DA:8,0
DA:9,0
LF:5
LH:0
BRF:0
BRH:0
end_of_record
TN:
SF:src/components/rename.js
FN:16,(anonymous_0)
FN:24,(anonymous_1)
FN:33,(anonymous_2)
FN:38,(anonymous_3)
FN:42,(anonymous_4)
FN:48,(anonymous_5)
FN:52,(anonymous_6)
FN:61,(anonymous_7)
FN:78,(anonymous_8)
FN:83,(anonymous_9)
FN:102,(anonymous_10)
FNF:11
FNH:0
FNDA:0,(anonymous_0)
FNDA:0,(anonymous_1)
FNDA:0,(anonymous_2)
FNDA:0,(anonymous_3)
FNDA:0,(anonymous_4)
FNDA:0,(anonymous_5)
FNDA:0,(anonymous_6)
FNDA:0,(anonymous_7)
FNDA:0,(anonymous_8)
FNDA:0,(anonymous_9)
FNDA:0,(anonymous_10)
DA:7,0
DA:17,0
DA:18,0
DA:21,0
DA:25,0
DA:26,0
DA:27,0
DA:28,0
DA:30,0
DA:33,0
DA:34,0
DA:39,0
DA:42,0
DA:43,0
DA:44,0
DA:48,0
DA:49,0
DA:52,0
DA:53,0
DA:54,0
DA:55,0
DA:56,0
DA:58,0
DA:61,0
DA:62,0
DA:63,0
DA:64,0
DA:65,0
DA:66,0
DA:69,0
DA:70,0
DA:71,0
DA:72,0
DA:74,0
DA:78,0
DA:79,0
DA:80,0
DA:83,0
DA:84,0
DA:85,0
DA:86,0
DA:87,0
DA:88,0
DA:89,0
DA:90,0
DA:93,0
DA:94,0
DA:95,0
DA:96,0
DA:99,0
DA:103,0
DA:116,0
LF:52
LH:0
BRDA:26,0,0,0
BRDA:26,0,1,0
BRDA:43,1,0,0
BRDA:43,1,1,0
BRDA:53,2,0,0
BRDA:53,2,1,0
BRDA:55,3,0,0
BRDA:55,3,1,0
BRDA:62,4,0,0
BRDA:62,4,1,0
BRDA:64,5,0,0
BRDA:64,5,1,0
BRDA:70,6,0,0
BRDA:70,6,1,0
BRDA:87,7,0,0
BRDA:87,7,1,0
BRDA:93,8,0,0
BRDA:93,8,1,0
BRF:18
BRH:0
end_of_record
TN:
SF:src/components/repo-info-bar.js
FN:20,(anonymous_0)
FN:28,(anonymous_1)
FN:35,(anonymous_2)
FN:41,(anonymous_3)
FN:48,(anonymous_4)
FNF:5
FNH:0
FNDA:0,(anonymous_0)
FNDA:0,(anonymous_1)
FNDA:0,(anonymous_2)
FNDA:0,(anonymous_3)
FNDA:0,(anonymous_4)
DA:8,0
DA:21,0
DA:22,0
DA:28,0
DA:29,0
DA:35,0
DA:36,0
DA:42,0
DA:44,0
DA:49,0
DA:80,0
LF:11
LH:0
BRDA:45,0,0,0
BRDA:45,0,1,0
BRDA:46,1,0,0
BRDA:46,1,1,0
BRDA:54,2,0,0
BRDA:54,2,1,0
BRDA:61,3,0,0
BRDA:61,3,1,0
BRF:8
BRH:0
end_of_record
TN:
SF:src/components/repo-monitored-icon.js
FN:13,(anonymous_0)
FNF:1
FNH:0
FNDA:0,(anonymous_0)
DA:7,0
DA:14,0
DA:15,0
DA:31,0
LF:4
LH:0
BRF:0
BRH:0
end_of_record
TN:
SF:src/components/send-link.js
FN:19,(anonymous_0)
FN:30,(anonymous_1)
FN:36,(anonymous_2)
FN:42,(anonymous_3)
FN:60,(anonymous_4)
FN:69,(anonymous_5)
FN:76,(anonymous_6)
FN:86,(anonymous_7)
FNF:8
FNH:0
FNDA:0,(anonymous_0)
FNDA:0,(anonymous_1)
FNDA:0,(anonymous_2)
FNDA:0,(anonymous_3)
FNDA:0,(anonymous_4)
FNDA:0,(anonymous_5)
FNDA:0,(anonymous_6)
FNDA:0,(anonymous_7)
DA:10,0
DA:20,0
DA:21,0
DA:30,0
DA:31,0
DA:36,0
DA:37,0
DA:42,0
DA:43,0
DA:44,0
DA:45,0
DA:48,0
DA:51,0
DA:56,0
DA:57,0
DA:60,0
DA:61,0
DA:62,0
DA:63,0
DA:64,0
DA:66,0
DA:68,0
DA:69,0
DA:70,0
DA:73,0
DA:77,0
DA:78,0
DA:87,0
DA:88,0
DA:119,0
LF:30
LH:0
BRDA:44,0,0,0
BRDA:44,0,1,0
BRDA:57,1,0,0
BRDA:57,1,1,0
BRDA:63,2,0,0
BRDA:63,2,1,0
BRDA:68,3,0,0
BRDA:68,3,1,0
BRDA:110,4,0,0
BRDA:110,4,1,0
BRDA:113,5,0,0
BRDA:113,5,1,0
BRF:12
BRH:0
end_of_record
TN:
SF:src/components/set-link-expiration.js
FN:28,(anonymous_0)
FN:49,(anonymous_1)
FN:71,(anonymous_2)
FNF:3
FNH:0
FNDA:0,(anonymous_0)
FNDA:0,(anonymous_1)
FNDA:0,(anonymous_2)
DA:9,0
DA:24,0
DA:29,0
DA:31,0
DA:32,0
DA:34,0
DA:35,0
DA:36,0
DA:39,0
DA:40,0
DA:42,0
DA:43,0
DA:46,0
DA:49,0
DA:50,0
DA:52,0
DA:55,0
DA:56,0
DA:59,0
DA:60,0
DA:61,0
DA:62,0
DA:63,0
DA:64,0
DA:65,0
DA:66,0
DA:67,0
DA:76,0
DA:77,0
DA:117,0
LF:30
LH:0
BRDA:24,0,0,0
BRDA:24,0,1,0
BRDA:32,1,0,0
BRDA:32,1,1,0
BRDA:32,1,2,0
BRDA:35,2,0,0
BRDA:35,2,1,0
BRDA:35,3,0,0
BRDA:35,3,1,0
BRDA:39,4,0,0
BRDA:39,4,1,0
BRDA:39,5,0,0
BRDA:39,5,1,0
BRDA:42,6,0,0
BRDA:42,6,1,0
BRDA:42,7,0,0
BRDA:42,7,1,0
BRDA:50,8,0,0
BRDA:50,8,1,0
BRDA:55,9,0,0
BRDA:55,9,1,0
BRDA:62,10,0,0
BRDA:62,10,1,0
BRDA:62,11,0,0
BRDA:62,11,1,0
BRDA:63,12,0,0
BRDA:63,12,1,0
BRDA:64,13,0,0
BRDA:64,13,1,0
BRDA:64,14,0,0
BRDA:64,14,1,0
BRDA:66,15,0,0
BRDA:66,15,1,0
BRDA:66,16,0,0
BRDA:66,16,1,0
BRDA:67,17,0,0
BRDA:67,17,1,0
BRDA:84,18,0,0
BRDA:84,18,1,0
BRDA:92,19,0,0
BRDA:92,19,1,0
BRDA:103,20,0,0
BRDA:103,20,1,0
BRF:43
BRH:0
end_of_record
TN:
SF:src/components/shared-link.js
FN:16,(anonymous_0)
FNF:1
FNH:0
FNDA:0,(anonymous_0)
DA:7,0
DA:17,0
DA:18,0
DA:35,0
LF:4
LH:0
BRDA:29,0,0,0
BRDA:29,0,1,0
BRF:2
BRH:0
end_of_record
TN:
SF:src/components/side-nav-footer.js
FN:9,(anonymous_0)
FN:16,(anonymous_1)
FN:21,(anonymous_2)
FN:24,(anonymous_3)
FN:31,(anonymous_4)
FNF:5
FNH:0
FNDA:0,(anonymous_0)
FNDA:0,(anonymous_1)
FNDA:0,(anonymous_2)
FNDA:0,(anonymous_3)
FNDA:0,(anonymous_4)
DA:10,0
DA:11,0
DA:16,0
DA:17,0
DA:18,0
DA:21,0
DA:22,0
DA:23,0
DA:24,0
DA:25,0
DA:28,0
DA:33,0
DA:34,0
DA:36,0
LF:14
LH:0
BRDA:22,0,0,0
BRDA:22,0,1,0
BRDA:22,1,0,0
BRDA:22,1,1,0
BRDA:33,2,0,0
BRDA:33,2,1,0
BRDA:42,3,0,0
BRDA:42,3,1,0
BRDA:44,4,0,0
BRDA:44,4,1,0
BRDA:49,5,0,0
BRDA:49,5,1,0
BRF:12
BRH:0
end_of_record
TN:
SF:src/components/side-panel.js
FN:16,(anonymous_0)
FNF:1
FNH:0
FNDA:0,(anonymous_0)
DA:7,0
DA:17,0
DA:33,0
LF:3
LH:0
BRDA:18,0,0,0
BRDA:18,0,1,0
BRF:2
BRH:0
end_of_record
TN:
SF:src/components/single-selector.js
FN:17,(anonymous_0)
FN:24,(anonymous_1)
FN:28,(anonymous_2)
FN:32,(anonymous_3)
FN:39,(anonymous_4)
FN:42,(anonymous_5)
FN:49,(anonymous_6)
FN:54,(anonymous_7)
FN:64,(anonymous_8)
FN:74,(anonymous_9)
FN:76,(anonymous_10)
FN:78,(anonymous_11)
FNF:12
FNH:0
FNDA:0,(anonymous_0)
FNDA:0,(anonymous_1)
FNDA:0,(anonymous_2)
FNDA:0,(anonymous_3)
FNDA:0,(anonymous_4)
FNDA:0,(anonymous_5)
FNDA:0,(anonymous_6)
FNDA:0,(anonymous_7)
FNDA:0,(anonymous_8)
FNDA:0,(anonymous_9)
FNDA:0,(anonymous_10)
FNDA:0,(anonymous_11)
DA:6,0
DA:18,0
DA:19,0
DA:25,0
DA:29,0
DA:32,0
DA:33,0
DA:34,0
DA:35,0
DA:39,0
DA:40,0
DA:43,0
DA:44,0
DA:49,0
DA:50,0
DA:51,0
DA:54,0
DA:55,0
DA:56,0
DA:57,0
DA:59,0
DA:61,0
DA:65,0
DA:66,0
DA:67,0
DA:74,0
DA:77,0
DA:78,0
DA:92,0
LF:29
LH:0
BRDA:34,0,0,0
BRDA:34,0,1,0
BRDA:34,1,0,0
BRDA:34,1,1,0
BRDA:43,2,0,0
BRDA:43,2,1,0
BRDA:56,3,0,0
BRDA:56,3,1,0
BRDA:70,4,0,0
BRDA:70,4,1,0
BRDA:71,5,0,0
BRDA:71,5,1,0
BRDA:73,6,0,0
BRDA:73,6,1,0
BRDA:80,7,0,0
BRDA:80,7,1,0
BRF:16
BRH:0
end_of_record
TN:
SF:src/components/subscription.js
FN:26,(anonymous_0)
FN:35,(anonymous_1)
FN:36,(anonymous_2)
FN:40,(anonymous_3)
FN:67,(anonymous_4)
FN:81,(anonymous_5)
FN:95,(anonymous_6)
FN:108,(anonymous_7)
FN:173,(anonymous_8)
FN:214,(anonymous_9)
FN:258,(anonymous_10)
FN:284,(anonymous_11)
FN:294,(anonymous_12)
FN:295,(anonymous_13)
FN:301,(anonymous_14)
FN:310,(anonymous_15)
FN:324,(anonymous_16)
FN:328,(anonymous_17)
FN:332,(anonymous_18)
FN:387,(anonymous_19)
FN:410,(anonymous_20)
FN:411,(anonymous_21)
FN:432,(anonymous_22)
FN:441,(anonymous_23)
FN:445,(anonymous_24)
FN:450,(anonymous_25)
FN:454,(anonymous_26)
FN:490,(anonymous_27)
FNF:28
FNH:0
FNDA:0,(anonymous_0)
FNDA:0,(anonymous_1)
FNDA:0,(anonymous_2)
FNDA:0,(anonymous_3)
FNDA:0,(anonymous_4)
FNDA:0,(anonymous_5)
FNDA:0,(anonymous_6)
FNDA:0,(anonymous_7)
FNDA:0,(anonymous_8)
FNDA:0,(anonymous_9)
FNDA:0,(anonymous_10)
FNDA:0,(anonymous_11)
FNDA:0,(anonymous_12)
FNDA:0,(anonymous_13)
FNDA:0,(anonymous_14)
FNDA:0,(anonymous_15)
FNDA:0,(anonymous_16)
FNDA:0,(anonymous_17)
FNDA:0,(anonymous_18)
FNDA:0,(anonymous_19)
FNDA:0,(anonymous_20)
FNDA:0,(anonymous_21)
FNDA:0,(anonymous_22)
FNDA:0,(anonymous_23)
FNDA:0,(anonymous_24)
FNDA:0,(anonymous_25)
FNDA:0,(anonymous_26)
FNDA:0,(anonymous_27)
DA:15,0
DA:18,0
DA:27,0
DA:28,0
DA:35,0
DA:36,0
DA:40,0
DA:41,0
DA:42,0
DA:46,0
DA:47,0
DA:48,0
DA:49,0
DA:50,0
DA:51,0
DA:52,0
DA:53,0
DA:54,0
DA:55,0
DA:56,0
DA:57,0
DA:58,0
DA:60,0
DA:61,0
DA:64,0
DA:67,0
DA:68,0
DA:69,0
DA:70,0
DA:72,0
DA:73,0
DA:74,0
DA:75,0
DA:76,0
DA:78,0
DA:81,0
DA:82,0
DA:83,0
DA:84,0
DA:86,0
DA:87,0
DA:88,0
DA:89,0
DA:90,0
DA:92,0
DA:95,0
DA:96,0
DA:97,0
DA:98,0
DA:99,0
DA:100,0
DA:102,0
DA:103,0
DA:104,0
DA:109,0
DA:110,0
DA:111,0
DA:112,0
DA:114,0
DA:173,0
DA:174,0
DA:175,0
DA:176,0
DA:177,0
DA:178,0
DA:214,0
DA:215,0
DA:216,0
DA:217,0
DA:218,0
DA:219,0
DA:259,0
DA:260,0
DA:261,0
DA:262,0
DA:263,0
DA:264,0
DA:265,0
DA:267,0
DA:268,0
DA:273,0
DA:275,0
DA:285,0
DA:286,0
DA:294,0
DA:295,0
DA:296,0
DA:302,0
DA:303,0
DA:310,0
DA:311,0
DA:312,0
DA:315,0
DA:316,0
DA:318,0
DA:319,0
DA:321,0
DA:324,0
DA:325,0
DA:329,0
DA:333,0
DA:334,0
DA:335,0
DA:338,0
DA:339,0
DA:348,0
DA:349,0
DA:361,0
DA:378,0
DA:380,0
DA:388,0
DA:389,0
DA:395,0
DA:410,0
DA:411,0
DA:412,0
DA:413,0
DA:414,0
DA:415,0
DA:420,0
DA:421,0
DA:422,0
DA:433,0
DA:434,0
DA:441,0
DA:442,0
DA:445,0
DA:446,0
DA:447,0
DA:451,0
DA:456,0
DA:457,0
DA:458,0
DA:460,0
DA:461,0
DA:463,0
DA:491,0
DA:492,0
DA:521,0
LF:139
LH:0
BRDA:46,0,0,0
BRDA:46,0,1,0
BRDA:49,1,0,0
BRDA:49,1,1,0
BRDA:53,2,0,0
BRDA:53,2,1,0
BRDA:56,3,0,0
BRDA:56,3,1,0
BRDA:69,4,0,0
BRDA:69,4,1,0
BRDA:73,5,0,0
BRDA:73,5,1,0
BRDA:75,6,0,0
BRDA:75,6,1,0
BRDA:83,7,0,0
BRDA:83,7,1,0
BRDA:87,8,0,0
BRDA:87,8,1,0
BRDA:89,9,0,0
BRDA:89,9,1,0
BRDA:99,10,0,0
BRDA:99,10,1,0
BRDA:109,11,0,0
BRDA:109,11,1,0
BRDA:111,12,0,0
BRDA:111,12,1,0
BRDA:123,13,0,0
BRDA:123,13,1,0
BRDA:123,13,2,0
BRDA:143,14,0,0
BRDA:143,14,1,0
BRDA:151,15,0,0
BRDA:151,15,1,0
BRDA:160,16,0,0
BRDA:160,16,1,0
BRDA:194,17,0,0
BRDA:194,17,1,0
BRDA:203,18,0,0
BRDA:203,18,1,0
BRDA:235,19,0,0
BRDA:235,19,1,0
BRDA:247,20,0,0
BRDA:247,20,1,0
BRDA:260,21,0,0
BRDA:260,21,1,0
BRDA:260,22,0,0
BRDA:260,22,1,0
BRDA:262,23,0,0
BRDA:262,23,1,0
BRDA:264,24,0,0
BRDA:264,24,1,0
BRDA:315,25,0,0
BRDA:315,25,1,0
BRDA:318,26,0,0
BRDA:318,26,1,0
BRDA:335,27,0,0
BRDA:335,27,1,0
BRDA:335,28,0,0
BRDA:335,28,1,0
BRDA:338,29,0,0
BRDA:338,29,1,0
BRDA:348,30,0,0
BRDA:348,30,1,0
BRDA:399,31,0,0
BRDA:399,31,1,0
BRDA:414,32,0,0
BRDA:414,32,1,0
BRDA:427,33,0,0
BRDA:427,33,1,0
BRDA:428,34,0,0
BRDA:428,34,1,0
BRDA:457,35,0,0
BRDA:457,35,1,0
BRDA:460,36,0,0
BRDA:460,36,1,0
BRDA:470,37,0,0
BRDA:470,37,1,0
BRDA:478,38,0,0
BRDA:478,38,1,0
BRDA:500,39,0,0
BRDA:500,39,1,0
BRDA:508,40,0,0
BRDA:508,40,1,0
BRF:83
BRH:0
end_of_record
TN:
SF:src/components/system-notification.js
FN:8,(anonymous_0)
FN:15,(anonymous_1)
FN:38,(anonymous_2)
FNF:3
FNH:0
FNDA:0,(anonymous_0)
FNDA:0,(anonymous_1)
FNDA:0,(anonymous_2)
DA:9,0
DA:10,0
DA:15,0
DA:16,0
DA:18,0
DA:19,0
DA:20,0
DA:21,0
DA:22,0
DA:23,0
DA:24,0
DA:25,0
DA:26,0
DA:27,0
DA:28,0
DA:29,0
DA:32,0
DA:33,0
DA:39,0
DA:40,0
DA:43,0
LF:21
LH:0
BRDA:18,0,0,0
BRDA:18,0,1,0
BRDA:26,1,0,0
BRDA:26,1,1,0
BRDA:32,2,0,0
BRDA:32,2,1,0
BRDA:39,3,0,0
BRDA:39,3,1,0
BRDA:39,4,0,0
BRDA:39,4,1,0
BRF:10
BRH:0
end_of_record
TN:
SF:src/components/terms-preview-widget.js
FN:13,(anonymous_0)
FN:21,(anonymous_1)
FN:33,(anonymous_2)
FN:38,(anonymous_3)
FN:39,(anonymous_4)
FN:48,(anonymous_5)
FNF:6
FNH:0
FNDA:0,(anonymous_0)
FNDA:0,(anonymous_1)
FNDA:0,(anonymous_2)
FNDA:0,(anonymous_3)
FNDA:0,(anonymous_4)
FNDA:0,(anonymous_5)
DA:6,0
DA:14,0
DA:15,0
DA:22,0
DA:23,0
DA:24,0
DA:26,0
DA:34,0
DA:35,0
DA:38,0
DA:39,0
DA:40,0
DA:41,0
DA:49,0
DA:50,0
DA:53,0
DA:62,0
LF:17
LH:0
BRDA:23,0,0,0
BRDA:23,0,1,0
BRDA:49,1,0,0
BRDA:49,1,1,0
BRF:4
BRH:0
end_of_record
TN:
SF:src/components/user-select.js
FN:22,(anonymous_0)
FN:31,(anonymous_1)
FN:35,(anonymous_2)
FN:40,(anonymous_3)
FN:43,(anonymous_4)
FN:45,(anonymous_5)
FN:70,(anonymous_6)
FN:78,(anonymous_7)
FN:82,(anonymous_8)
FN:90,(anonymous_9)
FNF:10
FNH:0
FNDA:0,(anonymous_0)
FNDA:0,(anonymous_1)
FNDA:0,(anonymous_2)
FNDA:0,(anonymous_3)
FNDA:0,(anonymous_4)
FNDA:0,(anonymous_5)
FNDA:0,(anonymous_6)
FNDA:0,(anonymous_7)
FNDA:0,(anonymous_8)
FNDA:0,(anonymous_9)
DA:12,0
DA:23,0
DA:24,0
DA:25,0
DA:26,0
DA:31,0
DA:32,0
DA:35,0
DA:36,0
DA:37,0
DA:40,0
DA:41,0
DA:42,0
DA:43,0
DA:44,0
DA:45,0
DA:46,0
DA:47,0
DA:48,0
DA:49,0
DA:50,0
DA:51,0
DA:52,0
DA:67,0
DA:69,0
DA:71,0
DA:72,0
DA:78,0
DA:79,0
DA:83,0
DA:84,0
DA:85,0
DA:91,0
DA:110,0
LF:34
LH:0
BRDA:44,0,0,0
BRDA:44,0,1,0
BRDA:44,1,0,0
BRDA:44,1,1,0
BRDA:52,2,0,0
BRDA:52,2,1,0
BRDA:52,3,0,0
BRDA:52,3,1,0
BRDA:57,4,0,0
BRDA:57,4,1,0
BRDA:58,5,0,0
BRDA:58,5,1,0
BRDA:92,6,0,0
BRDA:92,6,1,0
BRF:14
BRH:0
end_of_record
TN:
SF:src/components/video-player.js
FN:7,(anonymous_0)
FN:9,onPlayerReady
FN:14,(anonymous_2)
FN:23,(anonymous_3)
FN:26,(anonymous_4)
FNF:5
FNH:0
FNDA:0,(anonymous_0)
FNDA:0,onPlayerReady
FNDA:0,(anonymous_2)
FNDA:0,(anonymous_3)
FNDA:0,(anonymous_4)
DA:9,0
DA:15,0
DA:16,0
DA:24,0
DA:26,0
LF:5
LH:0
BRDA:15,0,0,0
BRDA:15,0,1,0
BRF:2
BRH:0
end_of_record
TN:
SF:src/components/code-mirror-loading/index.js
FN:6,(anonymous_0)
FNF:1
FNH:0
FNDA:0,(anonymous_0)
DA:7,0
LF:1
LH:0
BRF:0
BRH:0
end_of_record
TN:
SF:src/components/common/account.js
FN:19,(anonymous_0)
FN:35,(anonymous_1)
FN:39,(anonymous_2)
FN:43,(anonymous_3)
FN:51,(anonymous_4)
FN:52,(anonymous_5)
FN:57,(anonymous_6)
FN:58,(anonymous_7)
FN:63,(anonymous_8)
FN:76,(anonymous_9)
FN:79,(anonymous_10)
FN:93,(anonymous_11)
FN:103,(anonymous_12)
FN:147,(anonymous_13)
FN:151,(anonymous_14)
FNF:15
FNH:0
FNDA:0,(anonymous_0)
FNDA:0,(anonymous_1)
FNDA:0,(anonymous_2)
FNDA:0,(anonymous_3)
FNDA:0,(anonymous_4)
FNDA:0,(anonymous_5)
FNDA:0,(anonymous_6)
FNDA:0,(anonymous_7)
FNDA:0,(anonymous_8)
FNDA:0,(anonymous_9)
FNDA:0,(anonymous_10)
FNDA:0,(anonymous_11)
FNDA:0,(anonymous_12)
FNDA:0,(anonymous_13)
FNDA:0,(anonymous_14)
DA:12,0
DA:14,0
DA:20,0
DA:21,0
DA:32,0
DA:36,0
DA:39,0
DA:40,0
DA:43,0
DA:44,0
DA:45,0
DA:47,0
DA:51,0
DA:52,0
DA:53,0
DA:57,0
DA:58,0
DA:59,0
DA:63,0
DA:64,0
DA:65,0
DA:67,0
DA:68,0
DA:71,0
DA:76,0
DA:77,0
DA:78,0
DA:79,0
DA:80,0
DA:94,0
DA:95,0
DA:97,0
DA:99,0
DA:103,0
DA:105,0
DA:107,0
DA:108,0
DA:109,0
DA:113,0
DA:114,0
DA:118,0
DA:119,0
DA:126,0
DA:127,0
DA:131,0
DA:132,0
DA:136,0
DA:137,0
DA:144,0
DA:147,0
DA:148,0
DA:152,0
DA:186,0
DA:190,0
LF:54
LH:0
BRDA:44,0,0,0
BRDA:44,0,1,0
BRDA:64,1,0,0
BRDA:64,1,1,0
BRDA:64,2,0,0
BRDA:64,2,1,0
BRDA:64,2,2,0
BRDA:64,2,3,0
BRDA:67,3,0,0
BRDA:67,3,1,0
BRDA:67,4,0,0
BRDA:67,4,1,0
BRDA:67,4,2,0
BRDA:67,4,3,0
BRDA:78,5,0,0
BRDA:78,5,1,0
BRDA:86,6,0,0
BRDA:86,6,1,0
BRDA:89,7,0,0
BRDA:89,7,1,0
BRDA:107,8,0,0
BRDA:107,8,1,0
BRDA:108,9,0,0
BRDA:108,9,1,0
BRDA:113,10,0,0
BRDA:113,10,1,0
BRDA:118,11,0,0
BRDA:118,11,1,0
BRDA:126,12,0,0
BRDA:126,12,1,0
BRDA:131,13,0,0
BRDA:131,13,1,0
BRDA:136,14,0,0
BRDA:136,14,1,0
BRDA:136,15,0,0
BRDA:136,15,1,0
BRDA:144,16,0,0
BRDA:144,16,1,0
BRDA:158,17,0,0
BRDA:158,17,1,0
BRDA:175,18,0,0
BRDA:175,18,1,0
BRDA:175,18,2,0
BRDA:177,19,0,0
BRDA:177,19,1,0
BRF:45
BRH:0
end_of_record
TN:
SF:src/components/common/common-add-tool.js
FN:5,CommonAddTool
FN:8,(anonymous_1)
FNF:2
FNH:0
FNDA:0,CommonAddTool
FNDA:0,(anonymous_1)
DA:6,0
DA:7,0
DA:8,0
DA:15,0
LF:4
LH:0
BRDA:8,0,0,0
BRDA:8,0,1,0
BRDA:9,1,0,0
BRDA:9,1,1,0
BRF:4
BRH:0
end_of_record
TN:
SF:src/components/common/logout.js
FN:4,Logout
FNF:1
FNH:0
FNDA:0,Logout
DA:5,0
LF:1
LH:0
BRF:0
BRH:0
end_of_record
TN:
SF:src/components/common/notice-item.js
FN:28,(anonymous_0)
FN:368,(anonymous_1)
FN:376,(anonymous_2)
FNF:3
FNH:0
FNDA:0,(anonymous_0)
FNDA:0,(anonymous_1)
FNDA:0,(anonymous_2)
DA:7,0
DA:13,0
DA:14,0
DA:15,0
DA:16,0
DA:17,0
DA:18,0
DA:20,0
DA:21,0
DA:22,0
DA:23,0
DA:24,0
DA:29,0
DA:30,0
DA:31,0
DA:33,0
DA:35,0
DA:37,0
DA:40,0
DA:41,0
DA:42,0
DA:44,0
DA:45,0
DA:46,0
DA:48,0
DA:49,0
DA:51,0
DA:54,0
DA:56,0
DA:58,0
DA:60,0
DA:61,0
DA:63,0
DA:64,0
DA:66,0
DA:67,0
DA:69,0
DA:73,0
DA:74,0
DA:75,0
DA:78,0
DA:79,0
DA:81,0
DA:84,0
DA:86,0
DA:87,0
DA:88,0
DA:89,0
DA:90,0
DA:91,0
DA:92,0
DA:94,0
DA:95,0
DA:97,0
DA:101,0
DA:102,0
DA:103,0
DA:104,0
DA:107,0
DA:108,0
DA:110,0
DA:113,0
DA:115,0
DA:116,0
DA:117,0
DA:118,0
DA:119,0
DA:121,0
DA:122,0
DA:124,0
DA:128,0
DA:129,0
DA:130,0
DA:131,0
DA:134,0
DA:136,0
DA:138,0
DA:140,0
DA:141,0
DA:143,0
DA:144,0
DA:146,0
DA:147,0
DA:149,0
DA:150,0
DA:152,0
DA:156,0
DA:157,0
DA:158,0
DA:159,0
DA:162,0
DA:163,0
DA:164,0
DA:165,0
DA:166,0
DA:169,0
DA:171,0
DA:173,0
DA:175,0
DA:176,0
DA:178,0
DA:181,0
DA:182,0
DA:183,0
DA:186,0
DA:187,0
DA:188,0
DA:191,0
DA:192,0
DA:193,0
DA:194,0
DA:196,0
DA:197,0
DA:198,0
DA:199,0
DA:201,0
DA:204,0
DA:205,0
DA:206,0
DA:209,0
DA:210,0
DA:211,0
DA:212,0
DA:215,0
DA:218,0
DA:219,0
DA:221,0
DA:224,0
DA:225,0
DA:226,0
DA:227,0
DA:229,0
DA:230,0
DA:231,0
DA:232,0
DA:234,0
DA:237,0
DA:238,0
DA:239,0
DA:242,0
DA:243,0
DA:244,0
DA:245,0
DA:248,0
DA:251,0
DA:252,0
DA:254,0
DA:257,0
DA:267,0
DA:269,0
DA:270,0
DA:272,0
DA:273,0
DA:275,0
DA:276,0
DA:277,0
DA:278,0
DA:279,0
DA:280,0
DA:282,0
DA:283,0
DA:285,0
DA:286,0
DA:287,0
DA:289,0
DA:290,0
DA:292,0
DA:293,0
DA:294,0
DA:296,0
DA:297,0
DA:299,0
DA:300,0
DA:303,0
DA:304,0
DA:306,0
DA:307,0
DA:308,0
DA:309,0
DA:311,0
DA:312,0
DA:314,0
DA:315,0
DA:316,0
DA:318,0
DA:319,0
DA:321,0
DA:322,0
DA:323,0
DA:325,0
DA:326,0
DA:329,0
DA:330,0
DA:333,0
DA:334,0
DA:336,0
DA:339,0
DA:343,0
DA:345,0
DA:346,0
DA:348,0
DA:349,0
DA:351,0
DA:354,0
DA:355,0
DA:356,0
DA:358,0
DA:365,0
DA:368,0
DA:369,0
DA:370,0
DA:371,0
DA:373,0
DA:377,0
DA:378,0
DA:380,0
DA:381,0
DA:384,0
DA:410,0
LF:219
LH:0
BRDA:33,0,0,0
BRDA:33,0,1,0
BRDA:54,1,0,0
BRDA:54,1,1,0
BRDA:66,2,0,0
BRDA:66,2,1,0
BRDA:84,3,0,0
BRDA:84,3,1,0
BRDA:94,4,0,0
BRDA:94,4,1,0
BRDA:113,5,0,0
BRDA:113,5,1,0
BRDA:121,6,0,0
BRDA:121,6,1,0
BRDA:134,7,0,0
BRDA:134,7,1,0
BRDA:149,8,0,0
BRDA:149,8,1,0
BRDA:169,9,0,0
BRDA:169,9,1,0
BRDA:191,10,0,0
BRDA:191,10,1,0
BRDA:199,11,0,0
BRDA:199,11,1,0
BRDA:224,12,0,0
BRDA:224,12,1,0
BRDA:232,13,0,0
BRDA:232,13,1,0
BRDA:257,14,0,0
BRDA:257,14,1,0
BRDA:276,15,0,0
BRDA:276,15,1,0
BRDA:280,16,0,0
BRDA:280,16,1,0
BRDA:280,16,2,0
BRDA:280,16,3,0
BRDA:280,16,4,0
BRDA:280,16,5,0
BRDA:282,17,0,0
BRDA:282,17,1,0
BRDA:285,18,0,0
BRDA:285,18,1,0
BRDA:296,19,0,0
BRDA:296,19,1,0
BRDA:309,20,0,0
BRDA:309,20,1,0
BRDA:309,20,2,0
BRDA:309,20,3,0
BRDA:309,20,4,0
BRDA:311,21,0,0
BRDA:311,21,1,0
BRDA:314,22,0,0
BRDA:314,22,1,0
BRDA:325,23,0,0
BRDA:325,23,1,0
BRDA:339,24,0,0
BRDA:339,24,1,0
BRDA:354,25,0,0
BRDA:354,25,1,0
BRDA:370,26,0,0
BRDA:370,26,1,0
BRDA:380,27,0,0
BRDA:380,27,1,0
BRDA:380,28,0,0
BRDA:380,28,1,0
BRDA:384,29,0,0
BRDA:384,29,1,0
BRDA:385,30,0,0
BRDA:385,30,1,0
BRDA:397,31,0,0
BRDA:397,31,1,0
BRF:71
BRH:0
end_of_record
TN:
SF:src/components/common/notification.js
FN:11,(anonymous_0)
FN:21,(anonymous_1)
FN:22,(anonymous_2)
FN:27,(anonymous_3)
FN:41,(anonymous_4)
FN:44,(anonymous_5)
FN:50,(anonymous_6)
FN:51,(anonymous_7)
FN:66,(anonymous_8)
FN:71,(anonymous_9)
FN:77,(anonymous_10)
FN:81,(anonymous_11)
FN:82,(anonymous_12)
FN:86,(anonymous_13)
FN:93,(anonymous_14)
FN:111,(anonymous_15)
FNF:16
FNH:0
FNDA:0,(anonymous_0)
FNDA:0,(anonymous_1)
FNDA:0,(anonymous_2)
FNDA:0,(anonymous_3)
FNDA:0,(anonymous_4)
FNDA:0,(anonymous_5)
FNDA:0,(anonymous_6)
FNDA:0,(anonymous_7)
FNDA:0,(anonymous_8)
FNDA:0,(anonymous_9)
FNDA:0,(anonymous_10)
FNDA:0,(anonymous_11)
FNDA:0,(anonymous_12)
FNDA:0,(anonymous_13)
FNDA:0,(anonymous_14)
FNDA:0,(anonymous_15)
DA:12,0
DA:13,0
DA:22,0
DA:23,0
DA:27,0
DA:28,0
DA:29,0
DA:30,0
DA:31,0
DA:36,0
DA:37,0
DA:41,0
DA:42,0
DA:43,0
DA:44,0
DA:45,0
DA:46,0
DA:50,0
DA:51,0
DA:52,0
DA:53,0
DA:55,0
DA:57,0
DA:58,0
DA:59,0
DA:66,0
DA:67,0
DA:68,0
DA:71,0
DA:72,0
DA:73,0
DA:74,0
DA:77,0
DA:78,0
DA:81,0
DA:82,0
DA:83,0
DA:87,0
DA:94,0
DA:95,0
DA:112,0
LF:41
LH:0
BRDA:29,0,0,0
BRDA:29,0,1,0
BRDA:52,1,0,0
BRDA:52,1,1,0
BRDA:58,2,0,0
BRDA:58,2,1,0
BRDA:72,3,0,0
BRDA:72,3,1,0
BRDA:99,4,0,0
BRDA:99,4,1,0
BRDA:101,5,0,0
BRDA:101,5,1,0
BRDA:117,6,0,0
BRDA:117,6,1,0
BRF:14
BRH:0
end_of_record
TN:
SF:src/components/common/seahub-popover.js
FN:25,(anonymous_0)
FN:30,(anonymous_1)
FN:35,(anonymous_2)
FN:41,(anonymous_3)
FN:53,(anonymous_4)
FN:60,(anonymous_5)
FN:64,(anonymous_6)
FN:85,(anonymous_7)
FNF:8
FNH:0
FNDA:0,(anonymous_0)
FNDA:0,(anonymous_1)
FNDA:0,(anonymous_2)
FNDA:0,(anonymous_3)
FNDA:0,(anonymous_4)
FNDA:0,(anonymous_5)
FNDA:0,(anonymous_6)
FNDA:0,(anonymous_7)
DA:6,0
DA:22,0
DA:23,0
DA:26,0
DA:27,0
DA:31,0
DA:32,0
DA:35,0
DA:37,0
DA:38,0
DA:41,0
DA:42,0
DA:43,0
DA:44,0
DA:45,0
DA:46,0
DA:48,0
DA:49,0
DA:53,0
DA:54,0
DA:55,0
DA:56,0
DA:60,0
DA:61,0
DA:68,0
DA:69,0
DA:70,0
DA:71,0
DA:73,0
DA:85,0
DA:93,0
DA:99,0
LF:32
LH:0
BRDA:37,0,0,0
BRDA:37,0,1,0
BRDA:37,1,0,0
BRDA:37,1,1,0
BRDA:38,2,0,0
BRDA:38,2,1,0
BRDA:43,3,0,0
BRDA:43,3,1,0
BRDA:43,4,0,0
BRDA:43,4,1,0
BRDA:43,4,2,0
BRDA:46,5,0,0
BRDA:46,5,1,0
BRDA:48,6,0,0
BRDA:48,6,1,0
BRDA:54,7,0,0
BRDA:54,7,1,0
BRDA:55,8,0,0
BRDA:55,8,1,0
BRDA:55,9,0,0
BRDA:55,9,1,0
BRDA:55,9,2,0
BRDA:55,9,3,0
BRDA:70,10,0,0
BRDA:70,10,1,0
BRF:25
BRH:0
end_of_record
TN:
SF:src/components/common/search-input.js
FN:23,(anonymous_0)
FN:33,(anonymous_1)
FN:35,(anonymous_2)
FN:41,(anonymous_3)
FN:47,(anonymous_4)
FN:53,(anonymous_5)
FN:57,(anonymous_6)
FN:61,(anonymous_7)
FN:63,(anonymous_8)
FN:69,(anonymous_9)
FN:74,(anonymous_10)
FN:76,(anonymous_11)
FN:81,(anonymous_12)
FN:90,(anonymous_13)
FN:95,(anonymous_14)
FN:110,(anonymous_15)
FN:128,(anonymous_16)
FNF:17
FNH:0
FNDA:0,(anonymous_0)
FNDA:0,(anonymous_1)
FNDA:0,(anonymous_2)
FNDA:0,(anonymous_3)
FNDA:0,(anonymous_4)
FNDA:0,(anonymous_5)
FNDA:0,(anonymous_6)
FNDA:0,(anonymous_7)
FNDA:0,(anonymous_8)
FNDA:0,(anonymous_9)
FNDA:0,(anonymous_10)
FNDA:0,(anonymous_11)
FNDA:0,(anonymous_12)
FNDA:0,(anonymous_13)
FNDA:0,(anonymous_14)
FNDA:0,(anonymous_15)
FNDA:0,(anonymous_16)
DA:5,0
DA:24,0
DA:25,0
DA:28,0
DA:29,0
DA:30,0
DA:34,0
DA:35,0
DA:36,0
DA:42,0
DA:43,0
DA:48,0
DA:49,0
DA:50,0
DA:53,0
DA:54,0
DA:57,0
DA:58,0
DA:59,0
DA:60,0
DA:61,0
DA:62,0
DA:63,0
DA:64,0
DA:69,0
DA:70,0
DA:71,0
DA:74,0
DA:75,0
DA:76,0
DA:77,0
DA:81,0
DA:82,0
DA:83,0
DA:84,0
DA:85,0
DA:86,0
DA:90,0
DA:91,0
DA:92,0
DA:95,0
DA:96,0
DA:97,0
DA:98,0
DA:99,0
DA:100,0
DA:101,0
DA:102,0
DA:103,0
DA:105,0
DA:111,0
DA:112,0
DA:114,0
DA:128,0
DA:136,0
DA:138,0
LF:56
LH:0
BRDA:34,0,0,0
BRDA:34,0,1,0
BRDA:34,1,0,0
BRDA:34,1,1,0
BRDA:34,1,2,0
BRDA:42,2,0,0
BRDA:42,2,1,0
BRDA:48,3,0,0
BRDA:48,3,1,0
BRDA:58,4,0,0
BRDA:58,4,1,0
BRDA:61,5,0,0
BRDA:61,5,1,0
BRDA:62,6,0,0
BRDA:62,6,1,0
BRDA:64,7,0,0
BRDA:64,7,1,0
BRDA:77,8,0,0
BRDA:77,8,1,0
BRDA:82,9,0,0
BRDA:82,9,1,0
BRDA:84,10,0,0
BRDA:84,10,1,0
BRDA:92,11,0,0
BRDA:92,11,1,0
BRDA:96,12,0,0
BRDA:98,13,0,0
BRDA:98,13,1,0
BRDA:98,14,0,0
BRDA:98,14,1,0
BRDA:100,15,0,0
BRDA:100,15,1,0
BRDA:102,16,0,0
BRDA:102,16,1,0
BRF:34
BRH:0
end_of_record
TN:
SF:src/components/common/go-back/index.js
FN:7,(anonymous_0)
FN:12,(anonymous_1)
FNF:2
FNH:0
FNDA:0,(anonymous_0)
FNDA:0,(anonymous_1)
DA:7,0
DA:8,0
DA:9,0
DA:13,0
LF:4
LH:0
BRF:0
BRH:0
end_of_record
TN:
SF:src/components/common/notification-popover/index.js
FN:25,(anonymous_0)
FN:29,(anonymous_1)
FN:33,(anonymous_2)
FN:39,(anonymous_3)
FN:44,(anonymous_4)
FN:50,(anonymous_5)
FN:61,(anonymous_6)
FN:68,(anonymous_7)
FN:69,(anonymous_8)
FNF:9
FNH:0
FNDA:0,(anonymous_0)
FNDA:0,(anonymous_1)
FNDA:0,(anonymous_2)
FNDA:0,(anonymous_3)
FNDA:0,(anonymous_4)
FNDA:0,(anonymous_5)
FNDA:0,(anonymous_6)
FNDA:0,(anonymous_7)
FNDA:0,(anonymous_8)
DA:8,0
DA:19,0
DA:26,0
DA:30,0
DA:33,0
DA:34,0
DA:35,0
DA:39,0
DA:40,0
DA:41,0
DA:44,0
DA:45,0
DA:46,0
DA:51,0
DA:52,0
DA:61,0
DA:68,0
DA:69,0
LF:18
LH:0
BRDA:34,0,0,0
BRDA:34,0,1,0
BRDA:34,1,0,0
BRDA:34,1,1,0
BRDA:45,2,0,0
BRDA:45,2,1,0
BRDA:46,3,0,0
BRDA:46,3,1,0
BRF:8
BRH:0
end_of_record
TN:
SF:src/components/common/select/index.js
FNF:0
FNH:0
LF:0
LH:0
BRF:0
BRH:0
end_of_record
TN:
SF:src/components/common/select/no-group-message.js
FN:5,(anonymous_0)
FNF:1
FNH:0
FNDA:0,(anonymous_0)
DA:5,0
DA:6,0
DA:11,0
LF:3
LH:0
BRF:0
BRH:0
end_of_record
TN:
SF:src/components/common/select/seahub-select-style.js
FN:2,(anonymous_0)
FN:13,(anonymous_1)
FN:19,(anonymous_2)
FN:20,(anonymous_3)
FN:24,(anonymous_4)
FN:32,(anonymous_5)
FN:38,(anonymous_6)
FN:41,(anonymous_7)
FN:44,(anonymous_8)
FNF:9
FNH:0
FNDA:0,(anonymous_0)
FNDA:0,(anonymous_1)
FNDA:0,(anonymous_2)
FNDA:0,(anonymous_3)
FNDA:0,(anonymous_4)
FNDA:0,(anonymous_5)
FNDA:0,(anonymous_6)
FNDA:0,(anonymous_7)
FNDA:0,(anonymous_8)
DA:1,0
DA:3,0
DA:4,0
DA:13,0
DA:19,0
DA:23,0
DA:25,0
DA:26,0
DA:32,0
DA:38,0
DA:41,0
DA:44,0
LF:12
LH:0
BRDA:6,0,0,0
BRDA:6,0,1,0
BRDA:7,1,0,0
BRDA:7,1,1,0
BRDA:7,2,0,0
BRDA:7,2,1,0
BRDA:9,3,0,0
BRDA:9,3,1,0
BRDA:28,4,0,0
BRDA:28,4,1,0
BRDA:29,5,0,0
BRDA:29,5,1,0
BRF:12
BRH:0
end_of_record
TN:
SF:src/components/common/select/seahub-select.js
FN:6,(anonymous_0)
FN:7,(anonymous_1)
FN:19,(anonymous_2)
FN:20,(anonymous_3)
FN:20,(anonymous_4)
FN:29,(anonymous_5)
FN:72,(anonymous_6)
FN:77,(anonymous_7)
FN:81,(anonymous_8)
FN:99,(anonymous_9)
FNF:10
FNH:0
FNDA:0,(anonymous_0)
FNDA:0,(anonymous_1)
FNDA:0,(anonymous_2)
FNDA:0,(anonymous_3)
FNDA:0,(anonymous_4)
FNDA:0,(anonymous_5)
FNDA:0,(anonymous_6)
FNDA:0,(anonymous_7)
FNDA:0,(anonymous_8)
FNDA:0,(anonymous_9)
DA:6,0
DA:7,0
DA:8,0
DA:9,0
DA:11,0
DA:12,0
DA:15,0
DA:19,0
DA:20,0
DA:25,0
DA:29,0
DA:30,0
DA:37,0
DA:45,0
DA:63,0
DA:73,0
DA:77,0
DA:78,0
DA:83,0
DA:85,0
DA:99,0
LF:21
LH:0
BRDA:104,0,0,0
BRDA:104,0,1,0
BRF:2
BRH:0
end_of_record
TN:
SF:src/components/common/switch/index.js
FN:7,Switch
FNF:1
FNH:0
FNDA:0,Switch
DA:8,0
DA:9,0
DA:32,0
DA:43,0
LF:4
LH:0
BRDA:20,0,0,0
BRDA:20,0,1,0
BRDA:24,1,0,0
BRDA:24,1,1,0
BRF:4
BRH:0
end_of_record
TN:
SF:src/components/context-menu/actions.js
FN:9,dispatchGlobalEvent
FN:27,showMenu
FN:31,hideMenu
FNF:3
FNH:0
FNDA:0,dispatchGlobalEvent
FNDA:0,showMenu
FNDA:0,hideMenu
DA:5,0
DA:6,0
DA:14,0
DA:15,0
DA:17,0
DA:18,0
DA:21,0
DA:22,0
DA:23,0
DA:28,0
DA:32,0
LF:11
LH:0
BRDA:9,0,0,0
BRDA:14,1,0,0
BRDA:14,1,1,0
BRDA:21,2,0,0
BRDA:21,2,1,0
BRDA:27,3,0,0
BRDA:31,4,0,0
BRF:7
BRH:0
end_of_record
TN:
SF:src/components/context-menu/context-menu.js
FN:19,(anonymous_0)
FN:31,(anonymous_1)
FN:35,(anonymous_2)
FN:39,(anonymous_3)
FN:43,(anonymous_4)
FN:58,(anonymous_5)
FN:66,(anonymous_6)
FN:75,(anonymous_7)
FN:84,(anonymous_8)
FN:95,(anonymous_9)
FN:103,(anonymous_10)
FN:107,(anonymous_11)
FN:113,(anonymous_12)
FN:117,(anonymous_13)
FN:125,(anonymous_14)
FN:131,(anonymous_15)
FN:161,(anonymous_16)
FN:195,(anonymous_17)
FN:202,(anonymous_18)
FN:206,(anonymous_19)
FN:209,(anonymous_20)
FN:210,(anonymous_21)
FNF:22
FNH:0
FNDA:0,(anonymous_0)
FNDA:0,(anonymous_1)
FNDA:0,(anonymous_2)
FNDA:0,(anonymous_3)
FNDA:0,(anonymous_4)
FNDA:0,(anonymous_5)
FNDA:0,(anonymous_6)
FNDA:0,(anonymous_7)
FNDA:0,(anonymous_8)
FNDA:0,(anonymous_9)
FNDA:0,(anonymous_10)
FNDA:0,(anonymous_11)
FNDA:0,(anonymous_12)
FNDA:0,(anonymous_13)
FNDA:0,(anonymous_14)
FNDA:0,(anonymous_15)
FNDA:0,(anonymous_16)
FNDA:0,(anonymous_17)
FNDA:0,(anonymous_18)
FNDA:0,(anonymous_19)
FNDA:0,(anonymous_20)
FNDA:0,(anonymous_21)
DA:8,0
DA:20,0
DA:22,0
DA:32,0
DA:36,0
DA:37,0
DA:39,0
DA:40,0
DA:41,0
DA:43,0
DA:44,0
DA:45,0
DA:46,0
DA:47,0
DA:48,0
DA:52,0
DA:53,0
DA:54,0
DA:59,0
DA:60,0
DA:63,0
DA:66,0
DA:67,0
DA:68,0
DA:69,0
DA:70,0
DA:71,0
DA:72,0
DA:75,0
DA:76,0
DA:77,0
DA:78,0
DA:79,0
DA:80,0
DA:81,0
DA:84,0
DA:85,0
DA:87,0
DA:88,0
DA:90,0
DA:91,0
DA:92,0
DA:95,0
DA:96,0
DA:97,0
DA:98,0
DA:99,0
DA:103,0
DA:104,0
DA:107,0
DA:108,0
DA:110,0
DA:113,0
DA:114,0
DA:117,0
DA:118,0
DA:119,0
DA:121,0
DA:122,0
DA:125,0
DA:126,0
DA:127,0
DA:131,0
DA:132,0
DA:137,0
DA:139,0
DA:140,0
DA:142,0
DA:143,0
DA:146,0
DA:147,0
DA:150,0
DA:151,0
DA:154,0
DA:155,0
DA:158,0
DA:161,0
DA:162,0
DA:167,0
DA:169,0
DA:170,0
DA:173,0
DA:175,0
DA:176,0
DA:179,0
DA:180,0
DA:183,0
DA:184,0
DA:187,0
DA:188,0
DA:191,0
DA:195,0
DA:196,0
DA:197,0
DA:198,0
DA:199,0
DA:202,0
DA:203,0
DA:207,0
DA:208,0
DA:209,0
DA:211,0
DA:212,0
DA:214,0
DA:232,0
LF:105
LH:0
BRDA:36,0,0,0
BRDA:36,0,1,0
BRDA:37,1,0,0
BRDA:37,1,1,0
BRDA:41,2,0,0
BRDA:41,2,1,0
BRDA:44,3,0,0
BRDA:44,3,1,0
BRDA:52,4,0,0
BRDA:52,4,1,0
BRDA:59,5,0,0
BRDA:59,5,1,0
BRDA:85,6,0,0
BRDA:85,6,1,0
BRDA:96,7,0,0
BRDA:96,7,1,0
BRDA:96,8,0,0
BRDA:96,8,1,0
BRDA:96,8,2,0
BRDA:96,8,3,0
BRDA:104,9,0,0
BRDA:104,9,1,0
BRDA:110,10,0,0
BRDA:110,10,1,0
BRDA:118,11,0,0
BRDA:118,11,1,0
BRDA:126,12,0,0
BRDA:126,12,1,0
BRDA:126,13,0,0
BRDA:126,13,1,0
BRDA:131,14,0,0
BRDA:131,15,0,0
BRDA:137,16,0,0
BRDA:137,16,1,0
BRDA:142,17,0,0
BRDA:142,17,1,0
BRDA:146,18,0,0
BRDA:146,18,1,0
BRDA:150,19,0,0
BRDA:150,19,1,0
BRDA:151,20,0,0
BRDA:151,20,1,0
BRDA:154,21,0,0
BRDA:154,21,1,0
BRDA:155,22,0,0
BRDA:155,22,1,0
BRDA:161,23,0,0
BRDA:161,24,0,0
BRDA:167,25,0,0
BRDA:167,25,1,0
BRDA:175,26,0,0
BRDA:175,26,1,0
BRDA:179,27,0,0
BRDA:179,27,1,0
BRDA:183,28,0,0
BRDA:183,28,1,0
BRDA:184,29,0,0
BRDA:184,29,1,0
BRDA:187,30,0,0
BRDA:187,30,1,0
BRDA:188,31,0,0
BRDA:188,31,1,0
BRDA:211,32,0,0
BRDA:211,32,1,0
BRF:64
BRH:0
end_of_record
TN:
SF:src/components/context-menu/globalEventListener.js
FN:6,(anonymous_0)
FN:15,(anonymous_1)
FN:21,(anonymous_2)
FN:27,(anonymous_3)
FN:38,(anonymous_4)
FNF:5
FNH:0
FNDA:0,(anonymous_0)
FNDA:0,(anonymous_1)
FNDA:0,(anonymous_2)
FNDA:0,(anonymous_3)
FNDA:0,(anonymous_4)
DA:7,0
DA:9,0
DA:10,0
DA:11,0
DA:15,0
DA:16,0
DA:17,0
DA:21,0
DA:22,0
DA:23,0
DA:27,0
DA:28,0
DA:30,0
DA:35,0
DA:38,0
DA:39,0
DA:40,0
DA:45,0
LF:18
LH:0
BRDA:9,0,0,0
BRDA:9,0,1,0
BRDA:17,1,0,0
BRDA:17,1,1,0
BRDA:23,2,0,0
BRDA:23,2,1,0
BRDA:39,3,0,0
BRDA:39,3,1,0
BRDA:39,4,0,0
BRDA:39,4,1,0
BRF:10
BRH:0
end_of_record
TN:
SF:src/components/context-menu/helpers.js
FN:1,callIfExists
FN:5,hasOwnProp
FN:9,uniqueId
FNF:3
FNH:0
FNDA:0,callIfExists
FNDA:0,hasOwnProp
FNDA:0,uniqueId
DA:2,0
DA:6,0
DA:10,0
DA:13,0
DA:15,0
LF:5
LH:0
BRDA:2,0,0,0
BRDA:2,0,1,0
BRDA:16,1,0,0
BRDA:16,1,1,0
BRDA:16,1,2,0
BRF:5
BRH:0
end_of_record
TN:
SF:src/components/cur-dir-path/dir-path.js
FN:22,(anonymous_0)
FN:27,(anonymous_1)
FN:40,(anonymous_2)
FN:44,(anonymous_3)
FN:68,(anonymous_4)
FN:74,(anonymous_5)
FN:81,(anonymous_6)
FN:84,(anonymous_7)
FN:91,(anonymous_8)
FN:97,(anonymous_9)
FN:111,(anonymous_10)
FNF:11
FNH:0
FNDA:0,(anonymous_0)
FNDA:0,(anonymous_1)
FNDA:0,(anonymous_2)
FNDA:0,(anonymous_3)
FNDA:0,(anonymous_4)
FNDA:0,(anonymous_5)
FNDA:0,(anonymous_6)
FNDA:0,(anonymous_7)
FNDA:0,(anonymous_8)
FNDA:0,(anonymous_9)
FNDA:0,(anonymous_10)
DA:9,0
DA:22,0
DA:23,0
DA:24,0
DA:27,0
DA:28,0
DA:31,0
DA:32,0
DA:33,0
DA:35,0
DA:37,0
DA:40,0
DA:41,0
DA:42,0
DA:43,0
DA:44,0
DA:45,0
DA:46,0
DA:48,0
DA:49,0
DA:56,0
DA:57,0
DA:65,0
DA:69,0
DA:70,0
DA:72,0
DA:73,0
DA:74,0
DA:75,0
DA:79,0
DA:82,0
DA:84,0
DA:91,0
DA:97,0
DA:112,0
DA:124,0
LF:36
LH:0
BRDA:28,0,0,0
BRDA:28,0,1,0
BRDA:28,1,0,0
BRDA:28,1,1,0
BRDA:28,1,2,0
BRDA:31,2,0,0
BRDA:31,2,1,0
BRDA:41,3,0,0
BRDA:41,3,1,0
BRDA:45,4,0,0
BRDA:45,4,1,0
BRDA:48,5,0,0
BRDA:48,5,1,0
BRDA:73,6,0,0
BRDA:73,6,1,0
BRDA:81,7,0,0
BRDA:81,7,1,0
BRDA:89,8,0,0
BRDA:89,8,1,0
BRDA:89,8,2,0
BRDA:95,9,0,0
BRDA:95,9,1,0
BRDA:101,10,0,0
BRDA:101,10,1,0
BRDA:101,11,0,0
BRDA:101,11,1,0
BRDA:106,12,0,0
BRDA:106,12,1,0
BRDA:109,13,0,0
BRDA:109,13,1,0
BRDA:109,13,2,0
BRF:31
BRH:0
end_of_record
TN:
SF:src/components/cur-dir-path/dir-tool.js
FN:19,(anonymous_0)
FN:27,(anonymous_1)
FN:31,(anonymous_2)
FN:36,(anonymous_3)
FN:47,(anonymous_4)
FN:51,(anonymous_5)
FN:55,(anonymous_6)
FNF:7
FNH:0
FNDA:0,(anonymous_0)
FNDA:0,(anonymous_1)
FNDA:0,(anonymous_2)
FNDA:0,(anonymous_3)
FNDA:0,(anonymous_4)
FNDA:0,(anonymous_5)
FNDA:0,(anonymous_6)
DA:9,0
DA:20,0
DA:21,0
DA:24,0
DA:27,0
DA:28,0
DA:31,0
DA:32,0
DA:33,0
DA:36,0
DA:37,0
DA:38,0
DA:39,0
DA:40,0
DA:41,0
DA:44,0
DA:47,0
DA:48,0
DA:52,0
DA:56,0
DA:57,0
DA:58,0
DA:60,0
DA:61,0
DA:63,0
DA:64,0
DA:65,0
DA:66,0
DA:86,0
DA:87,0
DA:88,0
DA:111,0
DA:135,0
LF:33
LH:0
BRDA:37,0,0,0
BRDA:37,0,1,0
BRDA:40,1,0,0
BRDA:40,1,1,0
BRDA:40,2,0,0
BRDA:40,2,1,0
BRDA:57,3,0,0
BRDA:57,3,1,0
BRDA:60,4,0,0
BRDA:60,4,1,0
BRDA:64,5,0,0
BRDA:64,5,1,0
BRDA:114,6,0,0
BRDA:114,6,1,0
BRF:14
BRH:0
end_of_record
TN:
SF:src/components/cur-dir-path/index.js
FN:28,(anonymous_0)
FN:35,(anonymous_1)
FN:41,(anonymous_2)
FNF:3
FNH:0
FNDA:0,(anonymous_0)
FNDA:0,(anonymous_1)
FNDA:0,(anonymous_2)
DA:8,0
DA:29,0
DA:30,0
DA:35,0
DA:36,0
DA:42,0
DA:43,0
DA:79,0
LF:8
LH:0
BRDA:55,0,0,0
BRDA:55,0,1,0
BRDA:64,1,0,0
BRDA:64,1,1,0
BRDA:64,1,2,0
BRDA:66,2,0,0
BRDA:66,2,1,0
BRF:7
BRH:0
end_of_record
TN:
SF:src/components/dialog/about-dialog.js
FN:12,(anonymous_0)
FN:15,(anonymous_1)
FN:22,(anonymous_2)
FNF:3
FNH:0
FNDA:0,(anonymous_0)
FNDA:0,(anonymous_1)
FNDA:0,(anonymous_2)
DA:6,0
DA:12,0
DA:13,0
DA:14,0
DA:15,0
DA:16,0
DA:19,0
DA:24,0
DA:25,0
DA:27,0
DA:28,0
DA:37,0
DA:55,0
LF:13
LH:0
BRDA:13,0,0,0
BRDA:13,0,1,0
BRDA:13,1,0,0
BRDA:13,1,1,0
BRDA:27,2,0,0
BRDA:27,2,1,0
BRF:6
BRH:0
end_of_record
TN:
SF:src/components/dialog/add-abuse-report-dialog.js
FN:18,(anonymous_0)
FN:28,(anonymous_1)
FN:35,(anonymous_2)
FN:38,(anonymous_3)
FN:47,(anonymous_4)
FN:55,(anonymous_5)
FN:60,(anonymous_6)
FN:65,(anonymous_7)
FN:73,(anonymous_8)
FN:82,(anonymous_9)
FN:86,(anonymous_10)
FNF:11
FNH:0
FNDA:0,(anonymous_0)
[...]
FNDA:7,(anonymous_7)
FNDA:5,(anonymous_8)
FNDA:3,(anonymous_9)
FNDA:4,(anonymous_10)
FNDA:5,(anonymous_11)
FNDA:0,(anonymous_12)
FNDA:2,(anonymous_13)
FNDA:3,(anonymous_14)
FNDA:3,(anonymous_15)
FNDA:0,(anonymous_16)
FNDA:0,(anonymous_17)
FNDA:0,(anonymous_18)
FNDA:0,(anonymous_19)
FNDA:0,(anonymous_20)
FNDA:0,(anonymous_21)
FNDA:0,(anonymous_22)
FNDA:0,(anonymous_23)
FNDA:0,(anonymous_24)
FNDA:0,(anonymous_25)
FNDA:0,(anonymous_26)
FNDA:0,(anonymous_27)
FNDA:0,(anonymous_28)
FNDA:0,(anonymous_29)
FNDA:0,(anonymous_30)
FNDA:0,(anonymous_31)
FNDA:0,(anonymous_32)
FNDA:0,(anonymous_33)
FNDA:0,(anonymous_34)
FNDA:0,(anonymous_35)
FNDA:0,(anonymous_36)
FNDA:0,(anonymous_37)
FNDA:0,(anonymous_38)
FNDA:0,(anonymous_39)
FNDA:0,(anonymous_40)
FNDA:0,(anonymous_41)
FNDA:7,(anonymous_42)
FNDA:0,(anonymous_43)
FNDA:0,(anonymous_44)
FNDA:0,(anonymous_45)
FNDA:0,(anonymous_46)
FNDA:0,(anonymous_47)
FNDA:0,(anonymous_48)
FNDA:0,(anonymous_49)
FNDA:0,(anonymous_50)
FNDA:0,(anonymous_51)
FNDA:0,(anonymous_52)
FNDA:0,(anonymous_53)
FNDA:0,(anonymous_54)
FNDA:0,(anonymous_55)
FNDA:0,(anonymous_56)
FNDA:0,(anonymous_57)
FNDA:0,(anonymous_58)
FNDA:0,(anonymous_59)
FNDA:0,(anonymous_60)
FNDA:0,(anonymous_61)
FNDA:0,(anonymous_62)
FNDA:0,(anonymous_63)
FNDA:0,(anonymous_64)
FNDA:0,(anonymous_65)
FNDA:0,(anonymous_66)
FNDA:0,(anonymous_67)
FNDA:0,(anonymous_68)
FNDA:0,(anonymous_69)
FNDA:0,(anonymous_70)
FNDA:0,(anonymous_71)
FNDA:0,(anonymous_72)
FNDA:0,(anonymous_73)
FNDA:0,(anonymous_74)
FNDA:0,(anonymous_75)
FNDA:0,(anonymous_76)
FNDA:0,(anonymous_77)
FNDA:0,(anonymous_78)
FNDA:0,(anonymous_79)
FNDA:0,(anonymous_80)
FNDA:0,(anonymous_81)
FNDA:0,(anonymous_82)
FNDA:0,(anonymous_83)
FNDA:0,(anonymous_84)
FNDA:0,(anonymous_85)
FNDA:0,(anonymous_86)
FNDA:0,(anonymous_87)
FNDA:0,(anonymous_88)
FNDA:0,(anonymous_89)
FNDA:0,(anonymous_90)
FNDA:0,(anonymous_91)
FNDA:0,(anonymous_92)
FNDA:0,(anonymous_93)
FNDA:0,(anonymous_94)
FNDA:0,(anonymous_95)
FNDA:0,(anonymous_96)
FNDA:0,(anonymous_97)
FNDA:0,(anonymous_98)
FNDA:0,(anonymous_99)
FNDA:0,(anonymous_100)
FNDA:0,(anonymous_101)
FNDA:0,(anonymous_102)
FNDA:0,(anonymous_103)
FNDA:0,(anonymous_104)
FNDA:0,(anonymous_105)
FNDA:0,(anonymous_106)
FNDA:0,(anonymous_107)
FNDA:0,(anonymous_108)
FNDA:0,(anonymous_109)
DA:8,2
DA:20,17
DA:22,16
DA:23,15
DA:25,15
DA:27,12
DA:28,12
DA:29,9
DA:33,0
DA:34,0
DA:35,0
DA:37,0
DA:42,0
DA:46,0
DA:47,0
DA:48,0
DA:49,0
DA:186,0
DA:187,0
DA:189,0
DA:190,0
DA:191,0
DA:192,0
DA:194,0
DA:202,0
DA:204,0
DA:205,0
DA:206,0
DA:207,0
DA:208,0
DA:211,0
DA:212,0
DA:214,0
DA:216,0
DA:217,0
DA:218,0
DA:221,0
DA:222,0
DA:231,0
DA:235,5
DA:236,5
DA:238,1
DA:240,1
DA:242,1
DA:244,1
DA:246,1
DA:252,7
DA:253,1
DA:255,6
DA:256,6
DA:257,6
DA:258,4
DA:260,2
DA:267,5
DA:268,1
DA:270,4
DA:271,4
DA:272,4
DA:273,3
DA:275,1
DA:280,3
DA:281,4
DA:292,5
DA:293,3
DA:295,2
DA:296,2
DA:297,2
DA:298,8
DA:300,2
DA:304,0
DA:319,2
DA:323,3
DA:324,3
DA:332,3
DA:333,3
DA:334,3
DA:335,6
DA:336,6
DA:338,3
DA:352,0
DA:353,0
DA:355,0
DA:356,0
DA:364,0
DA:365,0
DA:366,0
DA:368,0
DA:373,0
DA:374,0
DA:378,0
DA:382,0
DA:386,0
DA:387,0
DA:389,0
DA:394,0
DA:400,0
DA:401,0
DA:402,0
DA:403,0
DA:407,0
DA:408,0
DA:409,0
DA:410,0
DA:414,0
DA:415,0
DA:416,0
DA:418,0
DA:419,0
DA:420,0
DA:422,0
DA:424,0
DA:425,0
DA:427,0
DA:428,0
DA:430,0
DA:431,0
DA:435,0
DA:436,0
DA:439,0
DA:443,0
DA:444,0
DA:445,0
DA:446,0
DA:447,0
DA:448,0
DA:450,0
DA:452,0
DA:457,0
DA:458,0
DA:459,0
DA:460,0
DA:462,0
DA:467,0
DA:468,0
DA:470,0
DA:471,0
DA:475,0
DA:476,0
DA:478,0
DA:479,0
DA:480,0
DA:481,0
DA:483,0
DA:486,0
DA:487,0
DA:489,0
DA:495,0
DA:496,0
DA:497,0
DA:498,0
DA:499,0
DA:501,0
DA:503,0
DA:504,0
DA:506,0
DA:507,0
DA:509,0
DA:510,0
DA:512,0
DA:513,0
DA:516,0
DA:521,0
DA:523,0
DA:524,0
DA:526,0
DA:527,0
DA:529,0
DA:530,0
DA:532,0
DA:533,0
DA:535,0
DA:540,0
DA:541,0
DA:542,0
DA:543,0
DA:545,0
DA:546,0
DA:547,0
DA:550,0
DA:551,0
DA:554,0
DA:555,0
DA:558,0
DA:559,0
DA:562,0
DA:563,0
DA:567,0
DA:568,0
DA:571,0
DA:572,0
DA:575,0
DA:576,0
DA:579,0
DA:580,0
DA:583,0
DA:584,0
DA:585,0
DA:587,0
DA:590,0
DA:591,0
DA:595,0
DA:596,0
DA:599,0
DA:603,0
DA:605,0
DA:606,0
DA:607,0
DA:609,0
DA:610,0
DA:611,0
DA:614,0
DA:615,0
DA:618,0
DA:619,0
DA:622,0
DA:623,0
DA:624,0
DA:626,0
DA:629,0
DA:630,0
DA:631,0
DA:633,0
DA:637,0
DA:638,0
DA:639,0
DA:643,0
DA:644,0
DA:645,0
DA:649,0
DA:650,0
DA:653,0
DA:654,0
DA:655,0
DA:659,0
DA:660,0
DA:661,0
DA:662,0
DA:663,0
DA:664,0
DA:665,0
DA:669,0
DA:670,0
DA:675,0
DA:677,0
DA:678,0
DA:680,0
DA:681,0
DA:686,0
DA:687,0
DA:688,0
DA:691,0
DA:692,0
DA:693,0
DA:694,0
DA:698,0
DA:699,0
DA:700,0
DA:701,0
DA:702,0
DA:704,0
DA:707,0
DA:708,0
DA:709,0
DA:711,0
DA:714,0
DA:716,0
DA:720,0
DA:721,0
DA:725,0
DA:726,0
DA:727,0
DA:728,0
DA:732,0
DA:736,0
DA:738,0
DA:742,0
DA:749,0
DA:751,0
DA:752,0
DA:754,0
DA:755,0
DA:757,0
DA:758,0
DA:760,0
DA:761,0
DA:763,0
DA:764,0
DA:766,0
DA:767,0
DA:769,0
DA:774,0
DA:776,0
DA:777,0
DA:779,0
DA:780,0
DA:782,0
DA:783,0
DA:785,0
DA:786,0
DA:788,0
DA:789,0
DA:791,0
DA:792,0
DA:794,0
DA:798,0
DA:800,0
DA:810,0
DA:820,0
DA:830,0
DA:840,0
DA:850,0
DA:859,0
DA:860,0
DA:862,0
DA:863,0
DA:864,0
DA:865,0
DA:867,0
DA:868,0
DA:870,0
DA:871,0
DA:873,0
DA:874,0
DA:876,0
DA:877,0
DA:879,0
DA:880,0
DA:883,0
DA:889,0
DA:890,0
DA:892,0
DA:893,0
DA:894,0
DA:896,0
DA:897,0
DA:899,0
DA:900,0
DA:902,0
DA:906,0
DA:907,0
DA:908,0
DA:910,0
DA:911,0
DA:912,0
DA:914,0
DA:920,7
DA:921,7
DA:922,0
DA:924,7
DA:925,7
DA:926,0
DA:928,7
DA:934,0
DA:935,0
DA:940,0
DA:941,0
DA:945,0
DA:946,0
DA:951,0
DA:952,0
DA:953,0
DA:954,0
DA:958,0
DA:959,0
DA:960,0
DA:961,0
DA:962,0
DA:963,0
DA:967,0
DA:969,0
DA:970,0
DA:974,0
DA:975,0
DA:976,0
DA:980,0
DA:982,0
DA:983,0
DA:984,0
DA:985,0
DA:986,0
DA:988,0
DA:989,0
DA:991,0
DA:995,0
DA:996,0
DA:997,0
DA:998,0
DA:999,0
DA:1000,0
DA:1002,0
DA:1003,0
DA:1005,0
DA:1013,0
DA:1019,0
DA:1020,0
DA:1021,0
DA:1022,0
DA:1024,0
DA:1027,0
DA:1030,0
DA:1031,0
DA:1032,0
DA:1034,0
DA:1035,0
DA:1036,0
DA:1039,0
DA:1040,0
DA:1044,0
DA:1049,0
DA:1053,0
DA:1056,0
DA:1058,0
DA:1059,0
DA:1060,0
DA:1062,0
DA:1063,0
DA:1065,0
DA:1066,0
DA:1068,0
DA:1070,0
DA:1071,0
DA:1072,0
DA:1074,0
DA:1075,0
DA:1077,0
DA:1078,0
DA:1080,0
DA:1082,0
DA:1083,0
DA:1085,0
DA:1087,0
DA:1088,0
DA:1090,0
DA:1092,0
DA:1093,0
DA:1094,0
DA:1095,0
DA:1097,0
DA:1099,0
DA:1101,0
DA:1102,0
DA:1103,0
DA:1104,0
DA:1107,0
DA:1109,0
DA:1112,0
DA:1113,0
DA:1117,0
DA:1120,0
DA:1122,0
DA:1123,0
DA:1124,0
DA:1126,0
DA:1128,0
DA:1129,0
DA:1130,0
DA:1132,0
DA:1134,0
DA:1135,0
DA:1137,0
DA:1139,0
DA:1140,0
DA:1142,0
DA:1144,0
DA:1145,0
DA:1146,0
DA:1148,0
DA:1150,0
DA:1152,0
DA:1153,0
DA:1154,0
DA:1156,0
DA:1158,0
DA:1161,0
DA:1162,0
DA:1163,0
DA:1164,0
DA:1165,0
DA:1167,0
DA:1170,0
DA:1175,0
DA:1178,0
DA:1180,0
DA:1182,0
DA:1183,0
DA:1185,0
DA:1187,0
DA:1189,0
DA:1191,0
DA:1193,0
DA:1194,0
DA:1196,0
DA:1198,0
DA:1200,0
DA:1202,0
DA:1203,0
DA:1205,0
DA:1207,0
DA:1208,0
DA:1210,0
DA:1212,0
DA:1213,0
DA:1214,0
DA:1216,0
DA:1219,0
DA:1221,0
DA:1222,0
DA:1223,0
DA:1225,0
DA:1228,0
DA:1231,0
DA:1232,0
DA:1233,0
DA:1234,0
DA:1235,0
DA:1237,0
DA:1240,0
DA:1247,0
DA:1248,0
DA:1249,0
DA:1250,0
DA:1251,0
DA:1256,0
DA:1257,0
DA:1258,0
DA:1259,0
DA:1261,0
DA:1263,0
DA:1266,0
DA:1268,0
DA:1272,0
DA:1273,0
DA:1274,0
DA:1275,0
DA:1278,0
DA:1283,0
DA:1285,0
DA:1286,0
DA:1288,0
DA:1289,0
DA:1291,0
DA:1292,0
DA:1294,0
DA:1295,0
DA:1297,0
DA:1298,0
DA:1300,0
DA:1301,0
DA:1303,0
DA:1304,0
DA:1306,0
DA:1307,0
DA:1309,0
DA:1310,0
DA:1312,0
DA:1314,0
DA:1351,0
DA:1352,0
DA:1357,0
DA:1358,0
DA:1359,0
DA:1360,0
DA:1361,0
DA:1363,0
DA:1364,0
DA:1366,0
DA:1367,0
DA:1372,0
DA:1373,0
DA:1374,0
DA:1375,0
DA:1376,0
DA:1378,0
DA:1379,0
DA:1381,0
DA:1382,0
DA:1387,0
DA:1389,0
DA:1390,0
DA:1391,0
DA:1393,0
DA:1395,0
DA:1396,0
DA:1401,0
DA:1402,0
DA:1403,0
DA:1404,0
DA:1406,0
DA:1408,0
DA:1409,0
DA:1413,0
DA:1414,0
DA:1415,0
DA:1416,0
DA:1418,0
DA:1419,0
DA:1420,0
DA:1426,0
DA:1429,0
DA:1432,0
DA:1435,0
DA:1438,0
DA:1447,0
DA:1448,0
DA:1449,0
DA:1452,0
DA:1456,0
DA:1457,0
DA:1458,0
DA:1459,0
DA:1460,0
DA:1461,0
DA:1462,0
DA:1464,0
DA:1467,0
DA:1471,0
DA:1472,0
DA:1474,0
DA:1491,0
DA:1492,0
DA:1493,0
DA:1494,0
DA:1497,0
DA:1498,0
DA:1500,0
DA:1501,0
DA:1505,0
DA:1506,0
DA:1508,0
DA:1513,0
DA:1514,0
DA:1515,0
DA:1516,0
DA:1519,0
DA:1520,0
DA:1521,0
DA:1522,0
DA:1525,0
DA:1526,0
DA:1527,0
DA:1528,0
DA:1531,0
DA:1535,0
DA:1536,0
DA:1538,0
DA:1542,0
DA:1543,0
DA:1544,0
DA:1545,0
DA:1546,0
DA:1547,0
DA:1549,0
DA:1550,0
DA:1551,0
DA:1554,0
DA:1555,0
DA:1556,0
DA:1558,0
DA:1560,0
DA:1561,0
DA:1563,0
DA:1565,0
DA:1569,0
DA:1573,0
DA:1574,0
DA:1576,0
DA:1577,0
DA:1579,0
DA:1582,0
DA:1584,0
DA:1589,0
DA:1590,0
DA:1591,0
DA:1592,0
DA:1593,0
DA:1594,0
DA:1596,0
DA:1600,0
DA:1601,0
DA:1603,0
DA:1605,0
DA:1607,0
DA:1611,0
DA:1612,0
DA:1613,0
DA:1615,0
DA:1616,0
DA:1618,0
DA:1622,0
DA:1623,0
DA:1625,0
DA:1626,0
DA:1629,0
DA:1630,0
DA:1631,0
DA:1632,0
DA:1633,0
DA:1637,0
DA:1642,0
DA:1643,0
DA:1648,0
DA:1649,0
DA:1653,0
DA:1654,0
DA:1658,0
DA:1659,0
DA:1663,0
DA:1664,0
DA:1668,0
DA:1669,0
DA:1673,0
DA:1674,0
DA:1675,0
DA:1676,0
DA:1678,0
DA:1679,0
DA:1680,0
DA:1681,0
DA:1682,0
DA:1684,0
DA:1689,0
DA:1690,0
DA:1691,0
DA:1692,0
DA:1693,0
DA:1694,0
DA:1695,0
DA:1696,0
DA:1699,0
DA:1703,0
DA:1704,0
DA:1709,2
DA:1711,2
DA:1712,0
DA:1713,0
DA:1714,0
DA:1715,0
DA:1716,0
DA:1717,0
DA:1719,0
DA:1720,0
DA:1721,0
DA:1722,0
DA:1724,0
DA:1725,0
DA:1726,0
DA:1727,0
DA:1729,0
DA:1730,0
DA:1731,0
DA:1732,0
DA:1734,0
DA:1735,0
DA:1736,0
DA:1737,0
DA:1739,0
LF:756
LH:54
BRDA:20,0,0,1
BRDA:20,0,1,16
BRDA:22,1,0,1
BRDA:22,1,1,15
BRDA:25,2,0,3
BRDA:25,2,1,12
BRDA:28,3,0,3
BRDA:28,3,1,9
BRDA:33,4,0,0
BRDA:33,4,1,0
BRDA:34,5,0,0
BRDA:34,5,1,0
BRDA:48,6,0,0
BRDA:48,6,1,0
BRDA:49,7,0,0
BRDA:49,7,1,0
BRDA:186,8,0,0
BRDA:186,8,1,0
BRDA:191,9,0,0
BRDA:191,9,1,0
BRDA:205,10,0,0
BRDA:205,10,1,0
BRDA:211,11,0,0
BRDA:211,11,1,0
BRDA:211,12,0,0
BRDA:211,12,1,0
BRDA:211,12,2,0
BRDA:216,13,0,0
BRDA:216,13,1,0
BRDA:216,14,0,0
BRDA:216,14,1,0
BRDA:217,15,0,0
BRDA:217,15,1,0
BRDA:217,16,0,0
BRDA:217,16,1,0
BRDA:221,17,0,0
BRDA:221,17,1,0
BRDA:221,18,0,0
BRDA:221,18,1,0
BRDA:221,18,2,0
BRDA:221,18,3,0
BRDA:236,19,0,1
BRDA:236,19,1,1
BRDA:236,19,2,1
BRDA:236,19,3,1
BRDA:236,19,4,1
BRDA:252,20,0,1
BRDA:252,20,1,6
BRDA:257,21,0,4
BRDA:257,21,1,2
BRDA:267,22,0,1
BRDA:267,22,1,4
BRDA:272,23,0,3
BRDA:272,23,1,1
BRDA:292,24,0,3
BRDA:292,24,1,2
BRDA:352,25,0,0
BRDA:352,25,1,0
BRDA:355,26,0,0
BRDA:355,26,1,0
BRDA:365,27,0,0
BRDA:365,27,1,0
BRDA:386,28,0,0
BRDA:386,28,1,0
BRDA:394,29,0,0
BRDA:394,29,1,0
BRDA:394,29,2,0
BRDA:401,30,0,0
BRDA:401,30,1,0
BRDA:402,31,0,0
BRDA:402,31,1,0
BRDA:403,32,0,0
BRDA:403,32,1,0
BRDA:407,33,0,0
BRDA:407,33,1,0
BRDA:408,34,0,0
BRDA:408,34,1,0
BRDA:414,35,0,0
BRDA:414,35,1,0
BRDA:415,36,0,0
BRDA:415,36,1,0
BRDA:416,37,0,0
BRDA:416,37,1,0
BRDA:419,38,0,0
BRDA:419,38,1,0
BRDA:422,39,0,0
BRDA:422,39,1,0
BRDA:422,39,2,0
BRDA:435,40,0,0
BRDA:435,40,1,0
BRDA:443,41,0,0
BRDA:443,41,1,0
BRDA:444,42,0,0
BRDA:444,42,1,0
BRDA:445,43,0,0
BRDA:445,43,1,0
BRDA:447,44,0,0
BRDA:447,44,1,0
BRDA:447,45,0,0
BRDA:447,45,1,0
BRDA:447,45,2,0
BRDA:457,46,0,0
BRDA:457,46,1,0
BRDA:458,47,0,0
BRDA:458,47,1,0
BRDA:459,48,0,0
BRDA:459,48,1,0
BRDA:466,49,0,0
BRDA:467,50,0,0
BRDA:467,50,1,0
BRDA:468,51,0,0
BRDA:468,51,1,0
BRDA:470,52,0,0
BRDA:470,52,1,0
BRDA:471,53,0,0
BRDA:471,53,1,0
BRDA:471,54,0,0
BRDA:471,54,1,0
BRDA:475,55,0,0
BRDA:475,55,1,0
BRDA:476,56,0,0
BRDA:476,56,1,0
BRDA:478,57,0,0
BRDA:478,57,1,0
BRDA:480,58,0,0
BRDA:480,58,1,0
BRDA:486,59,0,0
BRDA:486,59,1,0
BRDA:495,60,0,0
BRDA:495,60,1,0
BRDA:496,61,0,0
BRDA:496,61,1,0
BRDA:498,62,0,0
BRDA:498,62,1,0
BRDA:501,63,0,0
BRDA:501,63,1,0
BRDA:501,63,2,0
BRDA:501,63,3,0
BRDA:521,64,0,0
BRDA:521,64,1,0
BRDA:521,64,2,0
BRDA:521,64,3,0
BRDA:545,65,0,0
BRDA:545,65,1,0
BRDA:546,66,0,0
BRDA:546,66,1,0
BRDA:546,67,0,0
BRDA:546,67,1,0
BRDA:550,68,0,0
BRDA:550,68,1,0
BRDA:550,69,0,0
BRDA:550,69,1,0
BRDA:554,70,0,0
BRDA:554,70,1,0
BRDA:558,71,0,0
BRDA:558,71,1,0
BRDA:558,72,0,0
BRDA:558,72,1,0
BRDA:562,73,0,0
BRDA:562,73,1,0
BRDA:562,74,0,0
BRDA:562,74,1,0
BRDA:567,75,0,0
BRDA:567,75,1,0
BRDA:567,76,0,0
BRDA:567,76,1,0
BRDA:571,77,0,0
BRDA:571,77,1,0
BRDA:571,78,0,0
BRDA:571,78,1,0
BRDA:575,79,0,0
BRDA:575,79,1,0
BRDA:575,80,0,0
BRDA:575,80,1,0
BRDA:579,81,0,0
BRDA:579,81,1,0
BRDA:579,82,0,0
BRDA:579,82,1,0
BRDA:583,83,0,0
BRDA:583,83,1,0
BRDA:584,84,0,0
BRDA:584,84,1,0
BRDA:584,85,0,0
BRDA:584,85,1,0
BRDA:584,85,2,0
BRDA:584,85,3,0
BRDA:590,86,0,0
BRDA:590,86,1,0
BRDA:590,87,0,0
BRDA:590,87,1,0
BRDA:595,88,0,0
BRDA:595,88,1,0
BRDA:609,89,0,0
BRDA:609,89,1,0
BRDA:610,90,0,0
BRDA:610,90,1,0
BRDA:610,91,0,0
BRDA:610,91,1,0
BRDA:614,92,0,0
BRDA:614,92,1,0
BRDA:614,93,0,0
BRDA:614,93,1,0
BRDA:618,94,0,0
BRDA:618,94,1,0
BRDA:622,95,0,0
BRDA:622,95,1,0
BRDA:622,96,0,0
BRDA:622,96,1,0
BRDA:623,97,0,0
BRDA:623,97,1,0
BRDA:623,98,0,0
BRDA:623,98,1,0
BRDA:623,98,2,0
BRDA:629,99,0,0
BRDA:629,99,1,0
BRDA:629,100,0,0
BRDA:629,100,1,0
BRDA:630,101,0,0
BRDA:630,101,1,0
BRDA:630,102,0,0
BRDA:630,102,1,0
BRDA:630,102,2,0
BRDA:637,103,0,0
BRDA:637,103,1,0
BRDA:637,104,0,0
BRDA:637,104,1,0
BRDA:638,105,0,0
BRDA:638,105,1,0
BRDA:638,106,0,0
BRDA:638,106,1,0
BRDA:638,106,2,0
BRDA:643,107,0,0
BRDA:643,107,1,0
BRDA:643,108,0,0
BRDA:643,108,1,0
BRDA:644,109,0,0
BRDA:644,109,1,0
BRDA:644,110,0,0
BRDA:644,110,1,0
BRDA:644,110,2,0
BRDA:649,111,0,0
BRDA:649,111,1,0
BRDA:649,112,0,0
BRDA:649,112,1,0
BRDA:653,113,0,0
BRDA:653,113,1,0
BRDA:654,114,0,0
BRDA:654,114,1,0
BRDA:659,115,0,0
BRDA:659,115,1,0
BRDA:661,116,0,0
BRDA:661,116,1,0
BRDA:662,117,0,0
BRDA:662,117,1,0
BRDA:663,118,0,0
BRDA:663,118,1,0
BRDA:663,119,0,0
BRDA:663,119,1,0
BRDA:663,119,2,0
BRDA:663,119,3,0
BRDA:664,120,0,0
BRDA:664,120,1,0
BRDA:669,121,0,0
BRDA:669,121,1,0
BRDA:677,122,0,0
BRDA:677,122,1,0
BRDA:677,123,0,0
BRDA:677,123,1,0
BRDA:677,123,2,0
BRDA:680,124,0,0
BRDA:680,124,1,0
BRDA:680,125,0,0
BRDA:680,125,1,0
BRDA:680,125,2,0
BRDA:686,126,0,0
BRDA:686,126,1,0
BRDA:686,127,0,0
BRDA:686,127,1,0
BRDA:686,127,2,0
BRDA:686,127,3,0
BRDA:687,128,0,0
BRDA:687,128,1,0
BRDA:687,129,0,0
BRDA:687,129,1,0
BRDA:691,130,0,0
BRDA:691,130,1,0
BRDA:698,131,0,0
BRDA:698,131,1,0
BRDA:701,132,0,0
BRDA:701,132,1,0
BRDA:701,133,0,0
BRDA:701,133,1,0
BRDA:707,134,0,0
BRDA:707,134,1,0
BRDA:708,135,0,0
BRDA:708,135,1,0
BRDA:714,136,0,0
BRDA:714,136,1,0
BRDA:714,137,0,0
BRDA:714,137,1,0
BRDA:714,137,2,0
BRDA:720,138,0,0
BRDA:720,138,1,0
BRDA:726,139,0,0
BRDA:726,139,1,0
BRDA:726,140,0,0
BRDA:726,140,1,0
BRDA:738,141,0,0
BRDA:738,141,1,0
BRDA:742,142,0,0
BRDA:742,142,1,0
BRDA:749,143,0,0
BRDA:749,143,1,0
BRDA:749,143,2,0
BRDA:749,143,3,0
BRDA:749,143,4,0
BRDA:749,143,5,0
BRDA:774,144,0,0
BRDA:774,144,1,0
BRDA:774,144,2,0
BRDA:774,144,3,0
BRDA:774,144,4,0
BRDA:774,144,5,0
BRDA:798,145,0,0
BRDA:798,145,1,0
BRDA:798,145,2,0
BRDA:798,145,3,0
BRDA:798,145,4,0
BRDA:860,146,0,0
BRDA:860,146,1,0
BRDA:867,147,0,0
BRDA:867,147,1,0
BRDA:867,148,0,0
BRDA:867,148,1,0
BRDA:870,149,0,0
BRDA:870,149,1,0
BRDA:870,150,0,0
BRDA:870,150,1,0
BRDA:873,151,0,0
BRDA:873,151,1,0
BRDA:873,152,0,0
BRDA:873,152,1,0
BRDA:876,153,0,0
BRDA:876,153,1,0
BRDA:876,154,0,0
BRDA:876,154,1,0
BRDA:879,155,0,0
BRDA:879,155,1,0
BRDA:889,156,0,0
BRDA:889,156,1,0
BRDA:893,157,0,0
BRDA:893,157,1,0
BRDA:896,158,0,0
BRDA:896,158,1,0
BRDA:899,159,0,0
BRDA:899,159,1,0
BRDA:907,160,0,0
BRDA:907,160,1,0
BRDA:911,161,0,0
BRDA:911,161,1,0
BRDA:911,162,0,0
BRDA:911,162,1,0
BRDA:921,163,0,0
BRDA:921,163,1,7
BRDA:925,164,0,0
BRDA:925,164,1,7
BRDA:1027,165,0,0
BRDA:1027,165,1,0
BRDA:1027,166,0,0
BRDA:1027,166,1,0
BRDA:1027,166,2,0
BRDA:1034,167,0,0
BRDA:1034,167,1,0
BRDA:1039,168,0,0
BRDA:1039,168,1,0
BRDA:1040,169,0,0
BRDA:1040,169,1,0
BRDA:1056,170,0,0
BRDA:1056,170,1,0
BRDA:1056,170,2,0
BRDA:1056,170,3,0
BRDA:1056,170,4,0
BRDA:1056,170,5,0
BRDA:1059,171,0,0
BRDA:1059,171,1,0
BRDA:1062,172,0,0
BRDA:1062,172,1,0
BRDA:1071,173,0,0
BRDA:1071,173,1,0
BRDA:1074,174,0,0
BRDA:1074,174,1,0
BRDA:1083,175,0,0
BRDA:1083,175,1,0
BRDA:1088,176,0,0
BRDA:1088,176,1,0
BRDA:1093,177,0,0
BRDA:1093,177,1,0
BRDA:1097,178,0,0
BRDA:1097,178,1,0
BRDA:1102,179,0,0
BRDA:1102,179,1,0
BRDA:1107,180,0,0
BRDA:1107,180,1,0
BRDA:1120,181,0,0
BRDA:1120,181,1,0
BRDA:1120,181,2,0
BRDA:1120,181,3,0
BRDA:1120,181,4,0
BRDA:1120,181,5,0
BRDA:1135,182,0,0
BRDA:1135,182,1,0
BRDA:1140,183,0,0
BRDA:1140,183,1,0
BRDA:1145,184,0,0
BRDA:1145,184,1,0
BRDA:1145,185,0,0
BRDA:1145,185,1,0
BRDA:1148,186,0,0
BRDA:1148,186,1,0
BRDA:1153,187,0,0
BRDA:1153,187,1,0
BRDA:1153,188,0,0
BRDA:1153,188,1,0
BRDA:1156,189,0,0
BRDA:1156,189,1,0
BRDA:1162,190,0,0
BRDA:1162,190,1,0
BRDA:1162,191,0,0
BRDA:1162,191,1,0
BRDA:1164,192,0,0
BRDA:1164,192,1,0
BRDA:1164,193,0,0
BRDA:1164,193,1,0
BRDA:1178,194,0,0
BRDA:1178,194,1,0
BRDA:1178,194,2,0
BRDA:1178,194,3,0
BRDA:1178,194,4,0
BRDA:1178,194,5,0
BRDA:1182,195,0,0
BRDA:1182,195,1,0
BRDA:1193,196,0,0
BRDA:1193,196,1,0
BRDA:1203,197,0,0
BRDA:1203,197,1,0
BRDA:1208,198,0,0
BRDA:1208,198,1,0
BRDA:1213,199,0,0
BRDA:1213,199,1,0
BRDA:1216,200,0,0
BRDA:1216,200,1,0
BRDA:1222,201,0,0
BRDA:1222,201,1,0
BRDA:1225,202,0,0
BRDA:1225,202,1,0
BRDA:1232,203,0,0
BRDA:1232,203,1,0
BRDA:1232,204,0,0
BRDA:1232,204,1,0
BRDA:1234,205,0,0
BRDA:1234,205,1,0
BRDA:1234,206,0,0
BRDA:1234,206,1,0
BRDA:1248,207,0,0
BRDA:1248,207,1,0
BRDA:1249,208,0,0
BRDA:1249,208,1,0
BRDA:1250,209,0,0
BRDA:1250,209,1,0
BRDA:1257,210,0,0
BRDA:1257,210,1,0
BRDA:1259,211,0,0
BRDA:1259,211,1,0
BRDA:1259,212,0,0
BRDA:1259,212,1,0
BRDA:1274,213,0,0
BRDA:1274,213,1,0
BRDA:1274,214,0,0
BRDA:1274,214,1,0
BRDA:1283,215,0,0
BRDA:1283,215,1,0
BRDA:1283,215,2,0
BRDA:1283,215,3,0
BRDA:1283,215,4,0
BRDA:1283,215,5,0
BRDA:1283,215,6,0
BRDA:1283,215,7,0
BRDA:1283,215,8,0
BRDA:1283,215,9,0
BRDA:1358,216,0,0
BRDA:1358,216,1,0
BRDA:1360,217,0,0
BRDA:1360,217,1,0
BRDA:1373,218,0,0
BRDA:1373,218,1,0
BRDA:1375,219,0,0
BRDA:1375,219,1,0
BRDA:1389,220,0,0
BRDA:1389,220,1,0
BRDA:1402,221,0,0
BRDA:1402,221,1,0
BRDA:1413,222,0,0
BRDA:1413,222,1,0
BRDA:1424,223,0,0
BRDA:1424,224,0,0
BRDA:1424,225,0,0
BRDA:1459,226,0,0
BRDA:1459,226,1,0
BRDA:1459,227,0,0
BRDA:1459,227,1,0
BRDA:1461,228,0,0
BRDA:1461,228,1,0
BRDA:1471,229,0,0
BRDA:1471,229,1,0
BRDA:1492,230,0,0
BRDA:1492,230,1,0
BRDA:1500,231,0,0
BRDA:1500,231,1,0
BRDA:1505,232,0,0
BRDA:1505,232,1,0
BRDA:1506,233,0,0
BRDA:1506,233,1,0
BRDA:1506,234,0,0
BRDA:1506,234,1,0
BRDA:1514,235,0,0
BRDA:1514,235,1,0
BRDA:1514,236,0,0
BRDA:1514,236,1,0
BRDA:1514,236,2,0
BRDA:1520,237,0,0
BRDA:1520,237,1,0
BRDA:1520,238,0,0
BRDA:1520,238,1,0
BRDA:1526,239,0,0
BRDA:1526,239,1,0
BRDA:1526,240,0,0
BRDA:1526,240,1,0
BRDA:1526,240,2,0
BRDA:1535,241,0,0
BRDA:1535,241,1,0
BRDA:1545,242,0,0
BRDA:1545,242,1,0
BRDA:1549,243,0,0
BRDA:1549,243,1,0
BRDA:1555,244,0,0
BRDA:1555,244,1,0
BRDA:1560,245,0,0
BRDA:1560,245,1,0
BRDA:1576,246,0,0
BRDA:1576,246,1,0
BRDA:1589,247,0,0
BRDA:1589,247,1,0
BRDA:1589,248,0,0
BRDA:1589,248,1,0
BRDA:1591,249,0,0
BRDA:1591,249,1,0
BRDA:1591,250,0,0
BRDA:1591,250,1,0
BRDA:1593,251,0,0
BRDA:1593,251,1,0
BRDA:1593,252,0,0
BRDA:1593,252,1,0
BRDA:1603,253,0,0
BRDA:1603,253,1,0
BRDA:1612,254,0,0
BRDA:1612,254,1,0
BRDA:1615,255,0,0
BRDA:1615,255,1,0
BRDA:1625,256,0,0
BRDA:1625,256,1,0
BRDA:1625,257,0,0
BRDA:1625,257,1,0
BRDA:1629,258,0,0
BRDA:1629,258,1,0
BRDA:1632,259,0,0
BRDA:1632,259,1,0
BRDA:1642,260,0,0
BRDA:1642,260,1,0
BRDA:1642,261,0,0
BRDA:1642,261,1,0
BRDA:1653,262,0,0
BRDA:1653,262,1,0
BRDA:1653,263,0,0
BRDA:1653,263,1,0
BRDA:1653,263,2,0
BRDA:1658,264,0,0
BRDA:1658,264,1,0
BRDA:1658,265,0,0
BRDA:1658,265,1,0
BRDA:1658,265,2,0
BRDA:1663,266,0,0
BRDA:1663,266,1,0
BRDA:1663,267,0,0
BRDA:1663,267,1,0
BRDA:1663,267,2,0
BRDA:1669,268,0,0
BRDA:1669,268,1,0
BRDA:1675,269,0,0
BRDA:1675,269,1,0
BRDA:1695,270,0,0
BRDA:1695,270,1,0
BRDA:1696,271,0,0
BRDA:1696,271,1,0
BRDA:1709,272,0,2
BRDA:1709,272,1,2
BRDA:1709,272,2,2
BRDA:1714,273,0,0
BRDA:1714,273,1,0
BRDA:1714,274,0,0
BRDA:1714,274,1,0
BRDA:1719,275,0,0
BRDA:1719,275,1,0
BRDA:1724,276,0,0
BRDA:1724,276,1,0
BRDA:1729,277,0,0
BRDA:1729,277,1,0
BRDA:1734,278,0,0
BRDA:1734,278,1,0
BRF:618
BRH:28
end_of_record
