TN:
SF:src/components/auth/LoginForm.tsx
FN:6,LoginForm
FN:18,(anonymous_1)
FN:28,(anonymous_2)
FN:43,(anonymous_3)
FN:88,(anonymous_4)
FN:99,(anonymous_5)
FN:106,(anonymous_6)
FNF:7
FNH:7
FNDA:19,LoginForm
FNDA:8,(anonymous_1)
FNDA:2,(anonymous_2)
FNDA:1,(anonymous_3)
FNDA:2,(anonymous_4)
FNDA:2,(anonymous_5)
FNDA:2,(anonymous_6)
DA:7,19
DA:8,19
DA:9,19
DA:10,19
DA:11,19
DA:13,19
DA:14,19
DA:15,19
DA:16,19
DA:18,19
DA:19,8
DA:20,1
DA:24,19
DA:25,1
DA:28,18
DA:29,2
DA:30,2
DA:31,2
DA:33,2
DA:34,2
DA:35,1
DA:37,1
DA:39,2
DA:43,18
DA:44,1
DA:45,1
DA:47,1
DA:48,1
DA:49,1
DA:51,0
DA:52,0
DA:56,18
DA:88,2
DA:99,2
DA:106,2
LF:35
LH:33
BRDA:19,0,0,1
BRDA:19,0,1,7
BRDA:24,1,0,1
BRDA:24,1,1,18
BRDA:37,2,0,1
BRDA:37,2,1,0
BRDA:51,3,0,0
BRDA:51,3,1,0
BRDA:65,4,0,18
BRDA:65,4,1,1
BRDA:71,5,0,19
BRDA:71,5,1,0
BRDA:77,6,0,19
BRDA:77,6,1,1
BRDA:96,7,0,1
BRDA:96,7,1,17
BRDA:109,8,0,1
BRDA:109,8,1,17
BRDA:118,9,0,3
BRDA:118,9,1,15
BRF:20
BRH:16
end_of_record
TN:
SF:src/components/auth/SSOCallback.tsx
FN:4,SSOCallback
FN:7,(anonymous_1)
FN:18,(anonymous_2)
FN:21,(anonymous_3)
FNF:4
FNH:4
FNDA:6,SSOCallback
FNDA:5,(anonymous_1)
FNDA:2,(anonymous_2)
FNDA:1,(anonymous_3)
DA:5,6
DA:7,6
DA:8,5
DA:9,5
DA:10,5
DA:12,5
DA:13,1
DA:14,1
DA:17,4
DA:19,2
DA:22,1
DA:26,6
DA:27,1
DA:37,5
LF:14
LH:14
BRDA:12,0,0,1
BRDA:12,0,1,4
BRDA:12,1,0,5
BRDA:12,1,1,4
BRDA:22,2,0,1
BRDA:22,2,1,0
BRDA:26,3,0,1
BRDA:26,3,1,5
BRF:8
BRH:7
end_of_record
TN:
SF:src/components/navigation/BottomNav.tsx
FN:16,BottomNav
FN:22,(anonymous_1)
FNF:2
FNH:2
FNDA:5,BottomNav
FNDA:25,(anonymous_1)
DA:8,1
DA:17,5
DA:23,25
DA:24,25
LF:4
LH:4
BRDA:29,0,0,5
BRDA:29,0,1,20
BRDA:32,1,0,5
BRDA:32,1,1,20
BRF:4
BRH:4
end_of_record
TN:
SF:src/components/navigation/TopBar.tsx
FN:10,TopBar
FNF:1
FNH:1
FNDA:5,TopBar
DA:11,5
DA:15,5
LF:2
LH:2
BRDA:11,0,0,2
BRDA:11,0,1,3
BRDA:34,1,0,1
BRDA:34,1,1,4
BRF:4
BRH:4
end_of_record
TN:
SF:src/components/pages/ActivityFeed.tsx
FN:4,ActivityFeed
FNF:1
FNH:1
FNDA:2,ActivityFeed
DA:5,2
LF:1
LH:1
BRF:0
BRH:0
end_of_record
TN:
SF:src/components/pages/FileBrowser.tsx
FN:4,FileBrowser
FNF:1
FNH:1
FNDA:2,FileBrowser
DA:5,2
LF:1
LH:1
BRF:0
BRH:0
end_of_record
TN:
SF:src/components/pages/GroupDetail.tsx
FN:4,GroupDetail
FNF:1
FNH:1
FNDA:2,GroupDetail
DA:5,2
LF:1
LH:1
BRF:0
BRH:0
end_of_record
TN:
SF:src/components/pages/GroupList.tsx
FN:4,GroupList
FNF:1
FNH:1
FNDA:2,GroupList
DA:5,2
LF:1
LH:1
BRF:0
BRH:0
end_of_record
TN:
SF:src/components/pages/LibraryList.tsx
FN:4,LibraryList
FNF:1
FNH:1
FNDA:2,LibraryList
DA:5,2
LF:1
LH:1
BRF:0
BRH:0
end_of_record
TN:
SF:src/components/pages/MorePage.tsx
FN:4,MorePage
FNF:1
FNH:1
FNDA:2,MorePage
DA:5,2
LF:1
LH:1
BRF:0
BRH:0
end_of_record
TN:
SF:src/components/pages/SearchPage.tsx
FN:4,SearchPage
FNF:1
FNH:1
FNDA:2,SearchPage
DA:5,2
LF:1
LH:1
BRF:0
BRH:0
end_of_record
TN:
SF:src/components/pages/SharedLibraries.tsx
FN:4,SharedLibraries
FNF:1
FNH:1
FNDA:2,SharedLibraries
DA:5,2
LF:1
LH:1
BRF:0
BRH:0
end_of_record
TN:
SF:src/components/pages/StarredFiles.tsx
FN:4,StarredFiles
FNF:1
FNH:1
FNDA:2,StarredFiles
DA:5,2
LF:1
LH:1
BRF:0
BRH:0
end_of_record
TN:
SF:src/lib/config.ts
FN:106,parseBoolean
FN:111,getConfig
FN:136,getPageOptions
FN:170,(anonymous_3)
FN:171,(anonymous_4)
FN:172,(anonymous_5)
FN:173,(anonymous_6)
FN:174,(anonymous_7)
FN:175,(anonymous_8)
FN:176,(anonymous_9)
FN:177,(anonymous_10)
FN:178,(anonymous_11)
FN:179,(anonymous_12)
FN:180,(anonymous_13)
FN:181,(anonymous_14)
FN:182,(anonymous_15)
FN:183,(anonymous_16)
FN:184,(anonymous_17)
FN:185,(anonymous_18)
FN:186,(anonymous_19)
FNF:20
FNH:3
FNDA:14,parseBoolean
FNDA:4,getConfig
FNDA:3,getPageOptions
FNDA:0,(anonymous_3)
FNDA:0,(anonymous_4)
FNDA:0,(anonymous_5)
FNDA:0,(anonymous_6)
FNDA:0,(anonymous_7)
FNDA:0,(anonymous_8)
FNDA:0,(anonymous_9)
FNDA:0,(anonymous_10)
FNDA:0,(anonymous_11)
FNDA:0,(anonymous_12)
FNDA:0,(anonymous_13)
FNDA:0,(anonymous_14)
FNDA:0,(anonymous_15)
FNDA:0,(anonymous_16)
FNDA:0,(anonymous_17)
FNDA:0,(anonymous_18)
FNDA:0,(anonymous_19)
DA:58,1
DA:78,1
DA:107,14
DA:108,12
DA:112,4
DA:113,4
DA:115,3
DA:137,3
DA:138,3
DA:140,2
DA:170,1
DA:171,1
DA:172,1
DA:173,1
DA:174,1
DA:175,1
DA:176,1
DA:177,1
DA:178,1
DA:179,1
DA:180,1
DA:181,1
DA:182,1
DA:183,1
DA:184,1
DA:185,1
DA:186,1
LF:27
LH:27
BRDA:107,0,0,2
BRDA:107,0,1,12
BRDA:113,1,0,1
BRDA:113,1,1,3
BRDA:116,2,0,3
BRDA:116,2,1,1
BRDA:117,3,0,4
BRDA:117,3,1,2
BRDA:118,4,0,4
BRDA:118,4,1,2
BRDA:119,5,0,4
BRDA:119,5,1,3
BRDA:120,6,0,4
BRDA:120,6,1,3
BRDA:121,7,0,4
BRDA:121,7,1,2
BRDA:122,8,0,4
BRDA:122,8,1,3
BRDA:123,9,0,4
BRDA:123,9,1,3
BRDA:124,10,0,4
BRDA:124,10,1,3
BRDA:125,11,0,4
BRDA:125,11,1,3
BRDA:126,12,0,4
BRDA:126,12,1,3
BRDA:127,13,0,2
BRDA:127,13,1,1
BRDA:128,14,0,2
BRDA:128,14,1,1
BRDA:129,15,0,0
BRDA:129,15,1,3
BRDA:130,16,0,4
BRDA:130,16,1,3
BRDA:131,17,0,4
BRDA:131,17,1,2
BRDA:132,18,0,0
BRDA:132,18,1,3
BRDA:138,19,0,1
BRDA:138,19,1,2
BRDA:141,20,0,2
BRDA:141,20,1,1
BRDA:142,21,0,3
BRDA:142,21,1,1
BRDA:143,22,0,3
BRDA:143,22,1,2
BRDA:144,23,0,3
BRDA:144,23,1,2
BRDA:145,24,0,1
BRDA:145,24,1,1
BRDA:146,25,0,0
BRDA:146,25,1,2
BRDA:147,26,0,0
BRDA:147,26,1,2
BRDA:148,27,0,0
BRDA:148,27,1,2
BRDA:149,28,0,0
BRDA:149,28,1,2
BRDA:150,29,0,0
BRDA:150,29,1,2
BRDA:151,30,0,0
BRDA:151,30,1,2
BRDA:152,31,0,1
BRDA:152,31,1,1
BRDA:153,32,0,0
BRDA:153,32,1,2
BRDA:154,33,0,3
BRDA:154,33,1,2
BRDA:155,34,0,3
BRDA:155,34,1,2
BRDA:156,35,0,3
BRDA:156,35,1,1
BRDA:157,36,0,0
BRDA:157,36,1,2
BRDA:158,37,0,1
BRDA:158,37,1,1
BRDA:159,38,0,1
BRDA:159,38,1,1
BRDA:160,39,0,1
BRDA:160,39,1,1
BRDA:161,40,0,3
BRDA:161,40,1,1
BRDA:162,41,0,3
BRDA:162,41,1,2
BRDA:163,42,0,3
BRDA:163,42,1,2
BRDA:164,43,0,3
BRDA:164,43,1,2
BRDA:165,44,0,0
BRDA:165,44,1,2
BRF:90
BRH:79
end_of_record
