TN:
SF:src/components/auth/LoginForm.tsx
FN:6,LoginForm
FN:18,(anonymous_1)
FN:28,(anonymous_2)
FN:43,(anonymous_3)
FN:88,(anonymous_4)
FN:99,(anonymous_5)
FN:106,(anonymous_6)
FNF:7
FNH:7
FNDA:19,LoginForm
FNDA:8,(anonymous_1)
FNDA:2,(anonymous_2)
FNDA:1,(anonymous_3)
FNDA:2,(anonymous_4)
FNDA:2,(anonymous_5)
FNDA:2,(anonymous_6)
DA:7,19
DA:8,19
DA:9,19
DA:10,19
DA:11,19
DA:13,19
DA:14,19
DA:15,19
DA:16,19
DA:18,19
DA:19,8
DA:20,1
DA:24,19
DA:25,1
DA:28,18
DA:29,2
DA:30,2
DA:31,2
DA:33,2
DA:34,2
DA:35,1
DA:37,1
DA:39,2
DA:43,18
DA:44,1
DA:45,1
DA:47,1
DA:48,1
DA:49,1
DA:51,0
DA:52,0
DA:56,18
DA:88,2
DA:99,2
DA:106,2
LF:35
LH:33
BRDA:19,0,0,1
BRDA:19,0,1,7
BRDA:24,1,0,1
BRDA:24,1,1,18
BRDA:37,2,0,1
BRDA:37,2,1,0
BRDA:51,3,0,0
BRDA:51,3,1,0
BRDA:65,4,0,18
BRDA:65,4,1,1
BRDA:71,5,0,19
BRDA:71,5,1,0
BRDA:77,6,0,19
BRDA:77,6,1,1
BRDA:96,7,0,1
BRDA:96,7,1,17
BRDA:109,8,0,1
BRDA:109,8,1,17
BRDA:118,9,0,3
BRDA:118,9,1,15
BRF:20
BRH:16
end_of_record
TN:
SF:src/components/auth/SSOCallback.tsx
FN:4,SSOCallback
FN:7,(anonymous_1)
FN:18,(anonymous_2)
FN:21,(anonymous_3)
FNF:4
FNH:4
FNDA:6,SSOCallback
FNDA:5,(anonymous_1)
FNDA:2,(anonymous_2)
FNDA:1,(anonymous_3)
DA:5,6
DA:7,6
DA:8,5
DA:9,5
DA:10,5
DA:12,5
DA:13,1
DA:14,1
DA:17,4
DA:19,2
DA:22,1
DA:26,6
DA:27,1
DA:37,5
LF:14
LH:14
BRDA:12,0,0,1
BRDA:12,0,1,4
BRDA:12,1,0,5
BRDA:12,1,1,4
BRDA:22,2,0,1
BRDA:22,2,1,0
BRDA:26,3,0,1
BRDA:26,3,1,5
BRF:8
BRH:7
end_of_record
TN:
SF:src/components/files/CodeViewer.tsx
FN:68,CodeViewer
FN:77,(anonymous_1)
FN:79,(anonymous_2)
FN:83,(anonymous_3)
FN:87,(anonymous_4)
FN:93,(anonymous_5)
FN:105,(anonymous_6)
FN:137,(anonymous_7)
FN:154,(anonymous_8)
FNF:9
FNH:0
FNDA:0,CodeViewer
FNDA:0,(anonymous_1)
FNDA:0,(anonymous_2)
FNDA:0,(anonymous_3)
FNDA:0,(anonymous_4)
FNDA:0,(anonymous_5)
FNDA:0,(anonymous_6)
FNDA:0,(anonymous_7)
FNDA:0,(anonymous_8)
DA:30,1
DA:31,1
DA:32,1
DA:33,1
DA:34,1
DA:35,1
DA:36,1
DA:37,1
DA:38,1
DA:39,1
DA:40,1
DA:41,1
DA:42,1
DA:43,1
DA:44,1
DA:45,1
DA:46,1
DA:47,1
DA:48,1
DA:49,1
DA:50,1
DA:52,1
DA:69,0
DA:70,0
DA:71,0
DA:72,0
DA:74,0
DA:75,0
DA:77,0
DA:78,0
DA:80,0
DA:81,0
DA:84,0
DA:85,0
DA:88,0
DA:89,0
DA:93,0
DA:94,0
DA:95,0
DA:96,0
DA:97,0
DA:100,0
DA:105,0
DA:106,0
DA:107,0
DA:108,0
DA:110,0
DA:114,0
DA:116,0
DA:137,0
DA:155,0
LF:51
LH:22
BRDA:75,0,0,0
BRDA:75,0,1,0
BRDA:80,1,0,0
BRDA:80,1,1,0
BRDA:94,2,0,0
BRDA:94,2,1,0
BRDA:94,3,0,0
BRDA:94,3,1,0
BRDA:94,3,2,0
BRDA:148,4,0,0
BRDA:148,4,1,0
BRDA:149,5,0,0
BRDA:149,5,1,0
BRDA:150,6,0,0
BRDA:150,6,1,0
BRDA:150,6,2,0
BRDA:160,7,0,0
BRDA:160,7,1,0
BRF:18
BRH:0
end_of_record
TN:
SF:src/components/files/DeleteConfirmDialog.tsx
FN:15,DeleteConfirmDialog
FN:23,(anonymous_1)
FNF:2
FNH:0
FNDA:0,DeleteConfirmDialog
FNDA:0,(anonymous_1)
DA:16,0
DA:17,0
DA:19,0
DA:23,0
DA:24,0
DA:25,0
DA:26,0
DA:27,0
DA:28,0
DA:29,0
DA:30,0
DA:32,0
DA:35,0
DA:36,0
DA:38,0
DA:40,0
DA:44,0
LF:17
LH:0
BRDA:19,0,0,0
BRDA:19,0,1,0
BRDA:28,1,0,0
BRDA:28,1,1,0
BRDA:29,2,0,0
BRDA:29,2,1,0
BRDA:38,3,0,0
BRDA:38,3,1,0
BRDA:47,4,0,0
BRDA:47,4,1,0
BRDA:63,5,0,0
BRDA:63,5,1,0
BRF:12
BRH:0
end_of_record
TN:
SF:src/components/files/FileContextMenu.tsx
FN:29,MenuItem
FN:41,FileContextMenu
FN:56,(anonymous_2)
FN:67,(anonymous_3)
FN:72,(anonymous_4)
FN:77,(anonymous_5)
FN:82,(anonymous_6)
FN:87,(anonymous_7)
FN:92,(anonymous_8)
FN:97,(anonymous_9)
FN:102,(anonymous_10)
FNF:11
FNH:5
FNDA:32,MenuItem
FNDA:6,FileContextMenu
FNDA:2,(anonymous_2)
FNDA:0,(anonymous_3)
FNDA:0,(anonymous_4)
FNDA:1,(anonymous_5)
FNDA:0,(anonymous_6)
FNDA:0,(anonymous_7)
FNDA:0,(anonymous_8)
FNDA:0,(anonymous_9)
FNDA:1,(anonymous_10)
DA:30,32
DA:54,6
DA:56,5
DA:57,2
DA:58,2
DA:61,5
DA:67,0
DA:72,0
DA:77,1
DA:82,0
DA:87,0
DA:92,0
DA:97,0
DA:102,1
LF:14
LH:8
BRDA:33,0,0,4
BRDA:33,0,1,28
BRDA:54,1,0,1
BRDA:54,1,1,5
BRDA:66,2,0,1
BRDA:66,2,1,4
BRF:6
BRH:6
end_of_record
TN:
SF:src/components/files/FileDetailsSheet.tsx
FN:14,DetailRow
FN:23,FileDetailsSheet
FNF:2
FNH:0
FNDA:0,DetailRow
FNDA:0,FileDetailsSheet
DA:15,0
DA:24,0
DA:26,0
DA:27,0
DA:29,0
LF:5
LH:0
BRDA:24,0,0,0
BRDA:24,0,1,0
BRDA:26,1,0,0
BRDA:26,1,1,0
BRDA:27,2,0,0
BRDA:27,2,1,0
BRDA:35,3,0,0
BRDA:35,3,1,0
BRDA:37,4,0,0
BRDA:37,4,1,0
BRDA:40,5,0,0
BRDA:40,5,1,0
BRDA:45,6,0,0
BRDA:45,6,1,0
BRF:14
BRH:0
end_of_record
TN:
SF:src/components/files/FilePreview.tsx
FN:22,FilePreview
FN:37,(anonymous_1)
FN:41,(anonymous_2)
FN:45,(anonymous_3)
FN:64,(anonymous_4)
FN:76,(anonymous_5)
FN:77,(anonymous_6)
FN:79,(anonymous_7)
FN:81,(anonymous_8)
FN:82,(anonymous_9)
FNF:10
FNH:3
FNDA:17,FilePreview
FNDA:9,(anonymous_1)
FNDA:8,(anonymous_2)
FNDA:0,(anonymous_3)
FNDA:0,(anonymous_4)
FNDA:0,(anonymous_5)
FNDA:0,(anonymous_6)
FNDA:0,(anonymous_7)
FNDA:0,(anonymous_8)
FNDA:0,(anonymous_9)
DA:31,17
DA:32,17
DA:33,17
DA:35,17
DA:37,17
DA:38,9
DA:39,9
DA:40,9
DA:42,8
DA:43,8
DA:46,0
DA:47,0
DA:51,17
DA:52,9
DA:61,8
DA:62,0
DA:64,0
DA:72,8
DA:75,8
DA:76,0
DA:77,0
DA:79,8
DA:81,8
DA:82,0
DA:83,0
DA:84,0
DA:88,8
DA:90,2
DA:102,1
DA:110,2
DA:119,1
DA:128,1
DA:136,1
LF:33
LH:24
BRDA:28,0,0,17
BRDA:35,1,0,17
BRDA:35,1,1,0
BRDA:51,2,0,9
BRDA:51,2,1,8
BRDA:61,3,0,0
BRDA:61,3,1,8
BRDA:76,4,0,0
BRDA:76,4,1,0
BRDA:83,5,0,0
BRDA:83,5,1,0
BRDA:83,6,0,0
BRDA:83,6,1,0
BRDA:88,7,0,8
BRDA:88,7,1,1
BRDA:88,7,2,2
BRDA:88,7,3,1
BRDA:88,7,4,1
BRDA:88,7,5,1
BRDA:96,8,0,0
BRDA:96,8,1,2
BRF:21
BRH:12
end_of_record
TN:
SF:src/components/files/FolderPicker.tsx
FN:25,FolderPicker
FN:35,(anonymous_1)
FN:47,(anonymous_2)
FN:51,(anonymous_3)
FN:59,(anonymous_4)
FN:69,(anonymous_5)
FN:76,(anonymous_6)
FN:80,(anonymous_7)
FN:84,(anonymous_8)
FN:94,(anonymous_9)
FN:98,(anonymous_10)
FN:136,(anonymous_11)
FN:141,(anonymous_12)
FN:145,(anonymous_13)
FN:159,(anonymous_14)
FN:162,(anonymous_15)
FN:174,(anonymous_16)
FN:177,(anonymous_17)
FNF:18
FNH:11
FNDA:25,FolderPicker
FNDA:5,(anonymous_1)
FNDA:4,(anonymous_2)
FNDA:8,(anonymous_3)
FNDA:5,(anonymous_4)
FNDA:4,(anonymous_5)
FNDA:0,(anonymous_6)
FNDA:0,(anonymous_7)
FNDA:0,(anonymous_8)
FNDA:0,(anonymous_9)
FNDA:1,(anonymous_10)
FNDA:0,(anonymous_11)
FNDA:10,(anonymous_12)
FNDA:0,(anonymous_13)
FNDA:10,(anonymous_14)
FNDA:4,(anonymous_15)
FNDA:12,(anonymous_16)
FNDA:0,(anonymous_17)
DA:26,25
DA:27,25
DA:28,25
DA:29,25
DA:30,25
DA:31,25
DA:32,25
DA:33,25
DA:35,25
DA:36,5
DA:37,5
DA:38,5
DA:39,5
DA:41,0
DA:43,5
DA:47,25
DA:48,4
DA:49,4
DA:50,4
DA:51,8
DA:53,0
DA:55,4
DA:59,25
DA:60,5
DA:61,5
DA:62,5
DA:63,5
DA:64,5
DA:65,5
DA:69,25
DA:70,4
DA:71,4
DA:72,4
DA:73,4
DA:76,25
DA:77,0
DA:78,0
DA:79,0
DA:80,0
DA:81,0
DA:84,25
DA:85,0
DA:86,0
DA:87,0
DA:88,0
DA:89,0
DA:91,0
DA:92,0
DA:93,0
DA:94,0
DA:95,0
DA:98,25
DA:99,1
DA:100,1
DA:101,1
DA:102,1
DA:103,1
DA:104,1
DA:105,1
DA:106,1
DA:107,0
DA:109,1
DA:112,0
DA:113,0
DA:115,0
DA:119,1
DA:120,1
DA:122,0
DA:124,1
DA:128,25
DA:130,25
DA:136,0
DA:142,10
DA:145,0
DA:160,10
DA:162,4
DA:175,12
DA:177,0
LF:78
LH:53
BRDA:60,0,0,5
BRDA:60,0,1,0
BRDA:77,1,0,0
BRDA:77,1,1,0
BRDA:78,2,0,0
BRDA:78,2,1,0
BRDA:85,3,0,0
BRDA:85,3,1,0
BRDA:99,4,0,0
BRDA:99,4,1,1
BRDA:104,5,0,1
BRDA:104,5,1,0
BRDA:105,6,0,1
BRDA:105,6,1,0
BRDA:106,7,0,0
BRDA:106,7,1,1
BRDA:112,8,0,0
BRDA:112,8,1,0
BRDA:122,9,0,0
BRDA:122,9,1,0
BRDA:122,10,0,0
BRDA:122,10,1,0
BRDA:128,11,0,20
BRDA:128,11,1,5
BRDA:146,12,0,10
BRDA:146,12,1,0
BRDA:156,13,0,25
BRDA:156,13,1,9
BRDA:157,14,0,25
BRDA:157,14,1,0
BRDA:159,15,0,25
BRDA:159,15,1,16
BRDA:159,15,2,10
BRDA:170,16,0,25
BRDA:170,16,1,16
BRDA:170,16,2,6
BRDA:170,16,3,0
BRDA:174,17,0,25
BRDA:174,17,1,16
BRDA:174,17,2,6
BRDA:188,18,0,25
BRDA:188,18,1,10
BRDA:195,19,0,1
BRDA:195,19,1,9
BRF:44
BRH:24
end_of_record
TN:
SF:src/components/files/GenericFileView.tsx
FN:14,GenericFileView
FN:15,(anonymous_1)
FN:43,(anonymous_2)
FNF:3
FNH:0
FNDA:0,GenericFileView
FNDA:0,(anonymous_1)
FNDA:0,(anonymous_2)
DA:15,0
DA:16,0
DA:17,0
DA:20,0
DA:43,0
LF:5
LH:0
BRDA:17,0,0,0
BRDA:17,0,1,0
BRF:2
BRH:0
end_of_record
TN:
SF:src/components/files/ImageViewer.tsx
FN:15,ImageViewer
FN:30,(anonymous_1)
FN:35,(anonymous_2)
FN:44,(anonymous_3)
FN:51,(anonymous_4)
FN:60,(anonymous_5)
FN:65,(anonymous_6)
FN:73,(anonymous_7)
FN:80,(anonymous_8)
FN:87,(anonymous_9)
FN:89,(anonymous_10)
FNF:11
FNH:1
FNDA:6,ImageViewer
FNDA:0,(anonymous_1)
FNDA:0,(anonymous_2)
FNDA:0,(anonymous_3)
FNDA:0,(anonymous_4)
FNDA:0,(anonymous_5)
FNDA:0,(anonymous_6)
FNDA:0,(anonymous_7)
FNDA:0,(anonymous_8)
FNDA:0,(anonymous_9)
FNDA:0,(anonymous_10)
DA:24,6
DA:25,6
DA:26,6
DA:27,6
DA:28,6
DA:30,6
DA:31,0
DA:32,0
DA:35,6
DA:36,0
DA:37,0
DA:38,0
DA:39,0
DA:40,0
DA:42,0
DA:43,0
DA:44,0
DA:46,0
DA:48,0
DA:49,0
DA:50,0
DA:51,0
DA:56,0
DA:60,6
DA:61,0
DA:62,0
DA:65,6
DA:66,0
DA:67,0
DA:69,0
DA:73,6
DA:74,0
DA:75,0
DA:76,0
DA:80,6
DA:81,0
DA:82,0
DA:83,0
DA:87,0
DA:89,6
DA:90,0
DA:91,0
DA:94,6
LF:43
LH:13
BRDA:19,0,0,6
BRDA:21,1,0,6
BRDA:36,2,0,0
BRDA:36,2,1,0
BRDA:42,3,0,0
BRDA:42,3,1,0
BRDA:50,4,0,0
BRDA:50,4,1,0
BRDA:66,5,0,0
BRDA:66,5,1,0
BRDA:74,6,0,0
BRDA:74,6,1,0
BRDA:74,7,0,0
BRDA:74,7,1,0
BRDA:81,8,0,0
BRDA:81,8,1,0
BRDA:81,9,0,0
BRDA:81,9,1,0
BRDA:91,10,0,0
BRDA:91,10,1,0
BRDA:91,11,0,0
BRDA:91,11,1,0
BRDA:139,12,0,0
BRDA:139,12,1,6
BRDA:145,13,0,6
BRDA:145,13,1,2
BRDA:145,13,2,1
BRDA:154,14,0,6
BRDA:154,14,1,2
BRDA:154,14,2,2
BRDA:166,15,0,6
BRDA:166,15,1,2
BRF:32
BRH:11
end_of_record
TN:
SF:src/components/files/MultiSelectBar.tsx
FN:16,MultiSelectBar
FNF:1
FNH:1
FNDA:7,MultiSelectBar
DA:26,7
DA:28,6
DA:30,6
LF:3
LH:3
BRDA:26,0,0,1
BRDA:26,0,1,6
BRDA:35,1,0,1
BRDA:35,1,1,5
BRDA:38,2,0,1
BRDA:38,2,1,5
BRF:6
BRH:6
end_of_record
TN:
SF:src/components/files/PDFViewer.tsx
FN:11,PDFViewer
FN:26,(anonymous_1)
FN:33,(anonymous_2)
FN:55,(anonymous_3)
FNF:4
FNH:0
FNDA:0,PDFViewer
FNDA:0,(anonymous_1)
FNDA:0,(anonymous_2)
FNDA:0,(anonymous_3)
DA:12,0
DA:26,0
DA:33,0
DA:55,0
LF:4
LH:0
BRF:0
BRH:0
end_of_record
TN:
SF:src/components/files/RenameDialog.tsx
FN:16,RenameDialog
FN:21,(anonymous_1)
FN:32,(anonymous_2)
FN:39,(anonymous_3)
FN:72,(anonymous_4)
FNF:5
FNH:0
FNDA:0,RenameDialog
FNDA:0,(anonymous_1)
FNDA:0,(anonymous_2)
FNDA:0,(anonymous_3)
FNDA:0,(anonymous_4)
DA:17,0
DA:18,0
DA:19,0
DA:21,0
DA:22,0
DA:23,0
DA:24,0
DA:28,0
DA:30,0
DA:32,0
DA:33,0
DA:34,0
DA:35,0
DA:36,0
DA:39,0
DA:40,0
DA:41,0
DA:42,0
DA:43,0
DA:44,0
DA:45,0
DA:48,0
DA:49,0
DA:50,0
DA:51,0
DA:52,0
DA:53,0
DA:55,0
DA:57,0
DA:58,0
DA:60,0
DA:62,0
DA:66,0
DA:72,0
LF:34
LH:0
BRDA:22,0,0,0
BRDA:22,0,1,0
BRDA:22,1,0,0
BRDA:22,1,1,0
BRDA:28,2,0,0
BRDA:28,2,1,0
BRDA:33,3,0,0
BRDA:33,3,1,0
BRDA:34,4,0,0
BRDA:34,4,1,0
BRDA:35,5,0,0
BRDA:35,5,1,0
BRDA:43,6,0,0
BRDA:43,6,1,0
BRDA:51,7,0,0
BRDA:51,7,1,0
BRDA:52,8,0,0
BRDA:52,8,1,0
BRDA:60,9,0,0
BRDA:60,9,1,0
BRDA:77,10,0,0
BRDA:77,10,1,0
BRDA:82,11,0,0
BRDA:82,11,1,0
BRDA:85,12,0,0
BRDA:85,12,1,0
BRF:26
BRH:0
end_of_record
TN:
SF:src/components/files/TextViewer.tsx
FN:13,TextViewer
FN:20,(anonymous_1)
FN:22,(anonymous_2)
FN:26,(anonymous_3)
FN:30,(anonymous_4)
FN:36,(anonymous_5)
FN:66,(anonymous_6)
FNF:7
FNH:0
FNDA:0,TextViewer
FNDA:0,(anonymous_1)
FNDA:0,(anonymous_2)
FNDA:0,(anonymous_3)
FNDA:0,(anonymous_4)
FNDA:0,(anonymous_5)
FNDA:0,(anonymous_6)
DA:14,0
DA:15,0
DA:16,0
DA:17,0
DA:18,0
DA:20,0
DA:21,0
DA:23,0
DA:24,0
DA:27,0
DA:28,0
DA:31,0
DA:32,0
DA:36,0
DA:37,0
DA:38,0
DA:39,0
DA:41,0
DA:45,0
DA:66,0
LF:20
LH:0
BRDA:23,0,0,0
BRDA:23,0,1,0
BRDA:77,1,0,0
BRDA:77,1,1,0
BRDA:78,2,0,0
BRDA:78,2,1,0
BRDA:79,3,0,0
BRDA:79,3,1,0
BRDA:79,3,2,0
BRDA:80,4,0,0
BRDA:80,4,1,0
BRF:11
BRH:0
end_of_record
TN:
SF:src/components/files/VideoPlayer.tsx
FN:12,VideoPlayer
FN:28,(anonymous_1)
FNF:2
FNH:0
FNDA:0,VideoPlayer
FNDA:0,(anonymous_1)
DA:13,0
DA:15,0
DA:28,0
LF:3
LH:0
BRF:0
BRH:0
end_of_record
TN:
SF:src/components/libraries/DecryptDialog.tsx
FN:19,DecryptDialog
FN:26,(anonymous_1)
FN:41,submitPassword
FN:59,(anonymous_3)
FN:78,(anonymous_4)
FN:86,(anonymous_5)
FN:102,(anonymous_6)
FNF:7
FNH:6
FNDA:21,DecryptDialog
FNDA:6,(anonymous_1)
FNDA:4,submitPassword
FNDA:3,(anonymous_3)
FNDA:3,(anonymous_4)
FNDA:0,(anonymous_5)
FNDA:1,(anonymous_6)
DA:20,21
DA:21,21
DA:22,21
DA:23,21
DA:24,21
DA:26,21
DA:27,6
DA:28,5
DA:29,5
DA:30,5
DA:31,5
DA:33,5
DA:34,5
DA:35,1
DA:36,1
DA:37,1
DA:42,4
DA:43,4
DA:44,4
DA:45,4
DA:46,3
DA:47,3
DA:48,1
DA:50,3
DA:51,3
DA:53,1
DA:55,4
DA:59,21
DA:60,3
DA:61,3
DA:62,3
DA:65,21
DA:78,3
DA:86,0
DA:102,1
LF:35
LH:34
BRDA:27,0,0,1
BRDA:27,0,1,5
BRDA:34,1,0,1
BRDA:34,1,1,4
BRDA:47,2,0,1
BRDA:47,2,1,2
BRDA:61,3,0,0
BRDA:61,3,1,3
BRDA:76,4,0,0
BRDA:76,4,1,21
BRDA:88,5,0,0
BRDA:88,5,1,21
BRDA:90,6,0,0
BRDA:90,6,1,21
BRDA:109,7,0,21
BRDA:109,7,1,1
BRDA:117,8,0,21
BRDA:117,8,1,15
BRDA:121,9,0,4
BRDA:121,9,1,17
BRF:20
BRH:16
end_of_record
TN:
SF:src/components/navigation/BottomNav.tsx
FN:16,BottomNav
FN:22,(anonymous_1)
FNF:2
FNH:2
FNDA:5,BottomNav
FNDA:25,(anonymous_1)
DA:8,1
DA:17,5
DA:23,25
DA:24,25
LF:4
LH:4
BRDA:29,0,0,5
BRDA:29,0,1,20
BRDA:32,1,0,5
BRDA:32,1,1,20
BRF:4
BRH:4
end_of_record
TN:
SF:src/components/navigation/TopBar.tsx
FN:10,TopBar
FNF:1
FNH:1
FNDA:5,TopBar
DA:11,5
DA:15,5
LF:2
LH:2
BRDA:11,0,0,2
BRDA:11,0,1,3
BRDA:34,1,0,1
BRDA:34,1,1,4
BRF:4
BRH:4
end_of_record
TN:
SF:src/components/pages/ActivityFeed.tsx
FN:4,ActivityFeed
FNF:1
FNH:1
FNDA:2,ActivityFeed
DA:5,2
LF:1
LH:1
BRF:0
BRH:0
end_of_record
TN:
SF:src/components/pages/FileBrowser.tsx
FN:26,FileBrowser
FN:57,(anonymous_1)
FN:59,(anonymous_2)
FN:62,(anonymous_3)
FN:82,(anonymous_4)
FN:86,(anonymous_5)
FN:93,(anonymous_6)
FN:94,(anonymous_7)
FN:102,(anonymous_8)
FN:109,(anonymous_9)
FN:111,(anonymous_10)
FN:130,(anonymous_11)
FN:137,(anonymous_12)
FN:154,(anonymous_13)
FN:155,(anonymous_14)
FN:166,(anonymous_15)
FN:167,(anonymous_16)
FN:168,(anonymous_17)
FN:170,(anonymous_18)
FN:174,(anonymous_19)
FN:180,(anonymous_20)
FN:182,(anonymous_21)
FN:186,(anonymous_22)
FN:191,(anonymous_23)
FN:196,(anonymous_24)
FN:215,(anonymous_25)
FN:218,(anonymous_26)
FN:225,(anonymous_27)
FN:248,(anonymous_28)
FN:255,(anonymous_29)
FN:256,(anonymous_30)
FN:280,(anonymous_31)
FN:304,(anonymous_32)
FN:304,(anonymous_33)
FN:305,(anonymous_34)
FN:316,(anonymous_35)
FN:333,(anonymous_36)
FN:337,(anonymous_37)
FN:343,(anonymous_38)
FN:347,(anonymous_39)
FN:353,(anonymous_40)
FN:358,(anonymous_41)
FN:364,(anonymous_42)
FN:373,(anonymous_43)
FN:388,(anonymous_44)
FN:390,(anonymous_45)
FN:391,(anonymous_46)
FN:399,(anonymous_47)
FN:402,(anonymous_48)
FNF:49
FNH:3
FNDA:2,FileBrowser
FNDA:0,(anonymous_1)
FNDA:0,(anonymous_2)
FNDA:2,(anonymous_3)
FNDA:2,(anonymous_4)
FNDA:0,(anonymous_5)
FNDA:0,(anonymous_6)
FNDA:0,(anonymous_7)
FNDA:0,(anonymous_8)
FNDA:0,(anonymous_9)
FNDA:0,(anonymous_10)
FNDA:0,(anonymous_11)
FNDA:0,(anonymous_12)
FNDA:0,(anonymous_13)
FNDA:0,(anonymous_14)
FNDA:0,(anonymous_15)
FNDA:0,(anonymous_16)
FNDA:0,(anonymous_17)
FNDA:0,(anonymous_18)
FNDA:0,(anonymous_19)
FNDA:0,(anonymous_20)
FNDA:0,(anonymous_21)
FNDA:0,(anonymous_22)
FNDA:0,(anonymous_23)
FNDA:0,(anonymous_24)
FNDA:0,(anonymous_25)
FNDA:0,(anonymous_26)
FNDA:0,(anonymous_27)
FNDA:0,(anonymous_28)
FNDA:0,(anonymous_29)
FNDA:0,(anonymous_30)
FNDA:0,(anonymous_31)
FNDA:0,(anonymous_32)
FNDA:0,(anonymous_33)
FNDA:0,(anonymous_34)
FNDA:0,(anonymous_35)
FNDA:0,(anonymous_36)
FNDA:0,(anonymous_37)
FNDA:0,(anonymous_38)
FNDA:0,(anonymous_39)
FNDA:0,(anonymous_40)
FNDA:0,(anonymous_41)
FNDA:0,(anonymous_42)
FNDA:0,(anonymous_43)
FNDA:0,(anonymous_44)
FNDA:0,(anonymous_45)
FNDA:0,(anonymous_46)
FNDA:0,(anonymous_47)
FNDA:0,(anonymous_48)
DA:27,2
DA:28,2
DA:29,2
DA:30,2
DA:31,2
DA:32,2
DA:33,2
DA:36,2
DA:37,2
DA:40,2
DA:41,2
DA:42,2
DA:43,2
DA:44,2
DA:47,2
DA:50,2
DA:53,2
DA:54,2
DA:55,2
DA:57,2
DA:58,0
DA:59,0
DA:62,2
DA:63,2
DA:64,0
DA:65,0
DA:66,0
DA:67,0
DA:69,0
DA:70,0
DA:71,0
DA:72,0
DA:73,0
DA:74,0
DA:76,0
DA:78,0
DA:82,2
DA:83,2
DA:86,2
DA:87,0
DA:88,0
DA:89,0
DA:93,2
DA:94,0
DA:95,0
DA:96,0
DA:97,0
DA:102,2
DA:103,0
DA:104,0
DA:105,0
DA:109,2
DA:110,0
DA:111,0
DA:112,0
DA:113,0
DA:114,0
DA:116,0
DA:118,0
DA:119,0
DA:121,0
DA:123,0
DA:124,0
DA:126,0
DA:130,2
DA:131,0
DA:132,0
DA:133,0
DA:137,2
DA:138,0
DA:139,0
DA:140,0
DA:141,0
DA:142,0
DA:143,0
DA:145,0
DA:146,0
DA:148,0
DA:150,0
DA:154,2
DA:155,2
DA:156,0
DA:157,0
DA:158,0
DA:159,0
DA:160,0
DA:162,0
DA:166,2
DA:167,2
DA:168,2
DA:170,2
DA:171,0
DA:172,0
DA:174,2
DA:175,0
DA:176,0
DA:180,2
DA:182,2
DA:183,0
DA:186,2
DA:187,0
DA:188,0
DA:191,2
DA:192,0
DA:193,0
DA:196,2
DA:199,2
DA:201,2
DA:202,2
DA:211,0
DA:215,0
DA:219,0
DA:220,0
DA:221,0
DA:225,0
DA:249,0
DA:250,0
DA:251,0
DA:255,0
DA:256,0
DA:280,0
DA:304,0
DA:305,0
DA:316,0
DA:333,0
DA:337,0
DA:343,0
DA:347,0
DA:353,0
DA:358,0
DA:364,0
DA:373,0
DA:388,0
DA:390,0
DA:391,0
DA:399,0
DA:403,0
DA:404,0
LF:138
LH:45
BRDA:26,0,0,2
BRDA:63,1,0,2
BRDA:63,1,1,0
BRDA:64,2,0,0
BRDA:64,2,1,0
BRDA:64,3,0,0
BRDA:64,3,1,0
BRDA:76,4,0,0
BRDA:76,4,1,0
BRDA:95,5,0,0
BRDA:95,5,1,0
BRDA:103,6,0,0
BRDA:103,6,1,0
BRDA:110,7,0,0
BRDA:110,7,1,0
BRDA:113,8,0,0
BRDA:113,8,1,0
BRDA:118,9,0,0
BRDA:118,9,1,0
BRDA:123,10,0,0
BRDA:123,10,1,0
BRDA:124,11,0,0
BRDA:124,11,1,0
BRDA:138,12,0,0
BRDA:138,12,1,0
BRDA:138,13,0,0
BRDA:138,13,1,0
BRDA:139,14,0,0
BRDA:139,14,1,0
BRDA:141,15,0,0
BRDA:141,15,1,0
BRDA:156,16,0,0
BRDA:156,16,1,0
BRDA:156,17,0,0
BRDA:156,17,1,0
BRDA:157,18,0,0
BRDA:157,18,1,0
BRDA:199,19,0,2
BRDA:199,19,1,0
BRDA:201,20,0,2
BRDA:201,20,1,0
BRDA:226,21,0,0
BRDA:226,21,1,0
BRDA:236,22,0,0
BRDA:236,22,1,0
BRDA:237,23,0,2
BRDA:237,23,1,0
BRDA:240,24,0,2
BRDA:240,24,1,0
BRDA:240,24,2,0
BRDA:249,25,0,0
BRDA:249,25,1,0
BRDA:254,26,0,0
BRDA:254,26,1,0
BRDA:260,27,0,0
BRDA:260,27,1,0
BRDA:273,28,0,0
BRDA:273,28,1,0
BRDA:277,29,0,0
BRDA:277,29,1,0
BRDA:278,30,0,0
BRDA:278,30,1,0
BRDA:293,31,0,2
BRDA:293,31,1,0
BRDA:300,32,0,2
BRDA:300,32,1,0
BRDA:344,33,0,0
BRDA:344,33,1,0
BRDA:344,34,0,0
BRDA:344,34,1,0
BRDA:354,35,0,0
BRDA:354,35,1,0
BRDA:354,36,0,0
BRDA:354,36,1,0
BRDA:358,37,0,0
BRDA:358,37,1,0
BRDA:370,38,0,2
BRDA:370,38,1,0
BRDA:383,39,0,2
BRDA:383,39,1,0
BRDA:396,40,0,2
BRDA:396,40,1,0
BRDA:396,40,2,0
BRDA:401,41,0,0
BRDA:401,41,1,0
BRF:85
BRH:11
end_of_record
TN:
SF:src/components/pages/GroupDetail.tsx
FN:8,GroupDetail
FNF:1
FNH:1
FNDA:2,GroupDetail
DA:9,2
LF:1
LH:1
BRF:0
BRH:0
end_of_record
TN:
SF:src/components/pages/LibraryList.tsx
FN:4,LibraryList
FNF:1
FNH:1
FNDA:2,LibraryList
DA:5,2
LF:1
LH:1
BRF:0
BRH:0
end_of_record
TN:
SF:src/components/pages/MorePage.tsx
FN:12,MorePage
FN:23,(anonymous_1)
FN:26,(anonymous_2)
FNF:3
FNH:2
FNDA:1,MorePage
FNDA:3,(anonymous_1)
FNDA:0,(anonymous_2)
DA:6,1
DA:13,1
DA:15,1
DA:24,3
DA:26,0
LF:5
LH:4
BRDA:28,0,0,1
BRDA:28,0,1,2
BRDA:35,1,0,3
BRDA:35,1,1,1
BRF:4
BRH:4
end_of_record
TN:
SF:src/components/pages/SearchPage.tsx
FN:4,SearchPage
FNF:1
FNH:1
FNDA:2,SearchPage
DA:5,2
LF:1
LH:1
BRF:0
BRH:0
end_of_record
TN:
SF:src/components/pages/SharedLibraries.tsx
FN:4,SharedLibraries
FNF:1
FNH:1
FNDA:2,SharedLibraries
DA:5,2
LF:1
LH:1
BRF:0
BRH:0
end_of_record
TN:
SF:src/components/pages/StarredFiles.tsx
FN:4,StarredFiles
FNF:1
FNH:1
FNDA:2,StarredFiles
DA:5,2
LF:1
LH:1
BRF:0
BRH:0
end_of_record
TN:
SF:src/components/share/InternalShareTab.tsx
FN:21,InternalShareTab
FN:33,(anonymous_1)
FN:37,(anonymous_2)
FN:55,(anonymous_3)
FN:60,(anonymous_4)
FN:72,(anonymous_5)
FN:87,(anonymous_6)
FN:90,(anonymous_7)
FN:90,(anonymous_8)
FN:97,(anonymous_9)
FN:100,(anonymous_10)
FN:100,(anonymous_11)
FN:118,(anonymous_12)
FN:118,(anonymous_13)
FN:119,(anonymous_14)
FN:119,(anonymous_15)
FN:119,(anonymous_16)
FN:129,(anonymous_17)
FN:155,(anonymous_18)
FN:160,(anonymous_19)
FN:180,(anonymous_20)
FN:188,(anonymous_21)
FN:205,(anonymous_22)
FN:213,(anonymous_23)
FNF:24
FNH:3
FNDA:1,InternalShareTab
FNDA:1,(anonymous_1)
FNDA:1,(anonymous_2)
FNDA:0,(anonymous_3)
FNDA:0,(anonymous_4)
FNDA:0,(anonymous_5)
FNDA:0,(anonymous_6)
FNDA:0,(anonymous_7)
FNDA:0,(anonymous_8)
FNDA:0,(anonymous_9)
FNDA:0,(anonymous_10)
FNDA:0,(anonymous_11)
FNDA:0,(anonymous_12)
FNDA:0,(anonymous_13)
FNDA:0,(anonymous_14)
FNDA:0,(anonymous_15)
FNDA:0,(anonymous_16)
FNDA:0,(anonymous_17)
FNDA:0,(anonymous_18)
FNDA:0,(anonymous_19)
FNDA:0,(anonymous_20)
FNDA:0,(anonymous_21)
FNDA:0,(anonymous_22)
FNDA:0,(anonymous_23)
DA:22,1
DA:23,1
DA:24,1
DA:25,1
DA:26,1
DA:29,1
DA:30,1
DA:31,1
DA:33,1
DA:34,1
DA:37,1
DA:38,1
DA:39,1
DA:40,1
DA:45,1
DA:46,1
DA:47,1
DA:49,0
DA:51,1
DA:55,1
DA:56,0
DA:57,0
DA:58,0
DA:59,0
DA:60,0
DA:62,0
DA:63,0
DA:64,0
DA:66,0
DA:68,0
DA:72,1
DA:73,0
DA:74,0
DA:75,0
DA:76,0
DA:77,0
DA:78,0
DA:79,0
DA:81,0
DA:83,0
DA:87,1
DA:88,0
DA:89,0
DA:90,0
DA:91,0
DA:93,0
DA:97,1
DA:98,0
DA:99,0
DA:100,0
DA:101,0
DA:103,0
DA:107,1
DA:108,1
DA:111,0
DA:118,0
DA:119,0
DA:129,0
DA:155,0
DA:161,0
DA:181,0
DA:188,0
DA:206,0
DA:213,0
LF:64
LH:24
BRDA:56,0,0,0
BRDA:56,0,1,0
BRDA:66,1,0,0
BRDA:66,1,1,0
BRDA:73,2,0,0
BRDA:73,2,1,0
BRDA:81,3,0,0
BRDA:81,3,1,0
BRDA:107,4,0,1
BRDA:107,4,1,0
BRDA:138,5,0,0
BRDA:138,5,1,0
BRDA:144,6,0,0
BRDA:144,6,1,0
BRDA:144,7,0,0
BRDA:144,7,1,0
BRDA:149,8,0,1
BRDA:149,8,1,0
BRDA:154,9,0,0
BRDA:154,9,1,0
BRDA:155,10,0,0
BRDA:155,10,1,0
BRDA:166,11,0,0
BRDA:166,11,1,0
BRDA:176,12,0,1
BRDA:176,12,1,0
BRDA:185,13,0,0
BRDA:185,13,1,0
BRDA:201,14,0,1
BRDA:201,14,1,0
BRDA:210,15,0,0
BRDA:210,15,1,0
BRDA:225,16,0,1
BRDA:225,16,1,0
BRDA:225,16,2,0
BRF:35
BRH:5
end_of_record
TN:
SF:src/components/share/ShareLinkTab.tsx
FN:19,ShareLinkTab
FN:34,(anonymous_1)
FN:38,(anonymous_2)
FN:51,(anonymous_3)
FN:74,(anonymous_4)
FN:84,(anonymous_5)
FN:89,(anonymous_6)
FN:167,(anonymous_7)
FN:175,(anonymous_8)
FN:193,(anonymous_9)
FN:208,(anonymous_10)
FN:217,(anonymous_11)
FN:230,(anonymous_12)
FN:239,(anonymous_13)
FN:253,(anonymous_14)
FN:263,(anonymous_15)
FNF:16
FNH:5
FNDA:11,ShareLinkTab
FNDA:6,(anonymous_1)
FNDA:6,(anonymous_2)
FNDA:1,(anonymous_3)
FNDA:1,(anonymous_4)
FNDA:0,(anonymous_5)
FNDA:0,(anonymous_6)
FNDA:0,(anonymous_7)
FNDA:0,(anonymous_8)
FNDA:0,(anonymous_9)
FNDA:0,(anonymous_10)
FNDA:0,(anonymous_11)
FNDA:0,(anonymous_12)
FNDA:0,(anonymous_13)
FNDA:0,(anonymous_14)
FNDA:0,(anonymous_15)
DA:20,11
DA:21,11
DA:22,11
DA:23,11
DA:24,11
DA:27,11
DA:28,11
DA:29,11
DA:30,11
DA:31,11
DA:32,11
DA:34,11
DA:35,6
DA:38,11
DA:39,6
DA:40,6
DA:41,6
DA:42,6
DA:45,0
DA:47,6
DA:51,11
DA:52,1
DA:53,1
DA:54,1
DA:55,1
DA:56,1
DA:57,0
DA:58,0
DA:59,0
DA:60,0
DA:62,1
DA:64,1
DA:65,1
DA:66,1
DA:68,0
DA:70,1
DA:74,11
DA:75,1
DA:76,1
DA:77,1
DA:78,1
DA:80,0
DA:84,11
DA:85,0
DA:86,0
DA:89,11
DA:90,0
DA:91,0
DA:92,0
DA:93,0
DA:94,0
DA:95,0
DA:97,0
DA:101,11
DA:102,6
DA:106,5
DA:107,2
DA:167,0
DA:175,0
DA:187,3
DA:193,0
DA:208,0
DA:217,0
DA:230,0
DA:239,0
DA:253,0
DA:263,0
LF:67
LH:42
BRDA:42,0,0,1
BRDA:42,0,1,5
BRDA:55,1,0,0
BRDA:55,1,1,1
BRDA:55,2,0,1
BRDA:55,2,1,0
BRDA:56,3,0,0
BRDA:56,3,1,1
BRDA:56,4,0,1
BRDA:56,4,1,0
BRDA:60,5,0,0
BRDA:60,5,1,0
BRDA:68,6,0,0
BRDA:68,6,1,0
BRDA:75,7,0,0
BRDA:75,7,1,1
BRDA:85,8,0,0
BRDA:85,8,1,0
BRDA:90,9,0,0
BRDA:90,9,1,0
BRDA:101,10,0,6
BRDA:101,10,1,5
BRDA:106,11,0,2
BRDA:106,11,1,3
BRDA:129,12,0,2
BRDA:129,12,1,0
BRDA:130,13,0,2
BRDA:130,13,1,2
BRDA:132,14,0,0
BRDA:132,14,1,2
BRDA:133,15,0,2
BRDA:133,15,1,0
BRDA:157,16,0,0
BRDA:157,16,1,2
BRDA:196,17,0,0
BRDA:196,17,1,3
BRDA:200,18,0,11
BRDA:200,18,1,0
BRDA:213,19,0,0
BRDA:213,19,1,0
BRDA:235,20,0,0
BRDA:235,20,1,0
BRDA:279,21,0,1
BRDA:279,21,1,2
BRF:44
BRH:21
end_of_record
TN:
SF:src/components/share/ShareSheet.tsx
FN:18,ShareSheet
FN:29,(anonymous_1)
FN:40,(anonymous_2)
FNF:3
FNH:2
FNDA:8,ShareSheet
FNDA:0,(anonymous_1)
FNDA:1,(anonymous_2)
DA:19,8
DA:21,8
DA:23,8
DA:29,0
DA:40,1
LF:5
LH:4
BRDA:21,0,0,8
BRDA:21,0,1,0
BRDA:31,1,0,7
BRDA:31,1,1,1
BRDA:42,2,0,1
BRDA:42,2,1,7
BRDA:54,3,0,8
BRDA:54,3,1,7
BRDA:62,4,0,8
BRDA:62,4,1,1
BRF:10
BRH:9
end_of_record
TN:
SF:src/components/share/UserPicker.tsx
FN:12,UserPicker
FN:18,(anonymous_1)
FN:26,(anonymous_2)
FN:30,(anonymous_3)
FN:31,(anonymous_4)
FN:39,(anonymous_5)
FN:44,(anonymous_6)
FN:55,(anonymous_7)
FN:62,(anonymous_8)
FN:79,(anonymous_9)
FN:90,(anonymous_10)
FN:93,(anonymous_11)
FNF:12
FNH:11
FNDA:20,UserPicker
FNDA:10,(anonymous_1)
FNDA:2,(anonymous_2)
FNDA:0,(anonymous_3)
FNDA:4,(anonymous_4)
FNDA:2,(anonymous_5)
FNDA:1,(anonymous_6)
FNDA:4,(anonymous_7)
FNDA:1,(anonymous_8)
FNDA:3,(anonymous_9)
FNDA:4,(anonymous_10)
FNDA:1,(anonymous_11)
DA:13,20
DA:14,20
DA:15,20
DA:16,20
DA:18,20
DA:19,10
DA:21,10
DA:22,8
DA:23,8
DA:26,2
DA:27,2
DA:28,2
DA:29,2
DA:30,2
DA:31,4
DA:33,0
DA:35,2
DA:39,2
DA:40,2
DA:44,20
DA:45,1
DA:46,1
DA:47,1
DA:50,20
DA:56,4
DA:62,1
DA:79,3
DA:91,4
DA:93,1
LF:29
LH:28
BRDA:19,0,0,1
BRDA:19,0,1,9
BRDA:21,1,0,8
BRDA:21,1,1,2
BRDA:40,2,0,2
BRDA:40,2,1,0
BRDA:53,3,0,20
BRDA:53,3,1,4
BRDA:60,4,0,4
BRDA:60,4,1,0
BRDA:64,5,0,4
BRDA:64,5,1,0
BRDA:87,6,0,20
BRDA:87,6,1,0
BRDA:88,7,0,20
BRDA:88,7,1,2
BRF:16
BRH:12
end_of_record
TN:
SF:src/components/ui/Avatar.tsx
FN:15,getInitials
FN:18,(anonymous_1)
FN:25,Avatar
FNF:3
FNH:3
FNDA:5,getInitials
FNDA:6,(anonymous_1)
FNDA:5,Avatar
DA:9,1
DA:16,5
DA:18,6
DA:26,5
DA:28,5
DA:29,1
DA:39,4
LF:7
LH:7
BRDA:25,0,0,5
BRDA:28,1,0,1
BRDA:28,1,1,4
BRF:3
BRH:3
end_of_record
TN:
SF:src/components/ui/BottomSheet.tsx
FN:13,BottomSheet
FN:14,(anonymous_1)
FN:18,(anonymous_2)
FNF:3
FNH:2
FNDA:56,BottomSheet
FNDA:14,(anonymous_1)
FNDA:0,(anonymous_2)
DA:14,56
DA:15,14
DA:18,56
DA:19,0
DA:20,0
DA:24,56
LF:6
LH:4
BRDA:15,0,0,0
BRDA:15,0,1,14
BRDA:19,1,0,0
BRDA:19,1,1,0
BRDA:19,2,0,0
BRDA:19,2,1,0
BRDA:26,3,0,56
BRDA:26,3,1,53
BRDA:37,4,0,32
BRDA:37,4,1,21
BRDA:44,5,0,21
BRDA:44,5,1,32
BRDA:47,6,0,21
BRDA:47,6,1,32
BRDA:49,7,0,53
BRDA:49,7,1,21
BRDA:50,8,0,53
BRDA:50,8,1,53
BRDA:50,8,2,21
BRDA:53,9,0,53
BRDA:53,9,1,32
BRDA:65,10,0,32
BRDA:65,10,1,21
BRF:23
BRH:18
end_of_record
TN:
SF:src/components/ui/EmptyState.tsx
FN:13,EmptyState
FNF:1
FNH:1
FNDA:5,EmptyState
DA:14,5
LF:1
LH:1
BRDA:19,0,0,5
BRDA:19,0,1,1
BRDA:23,1,0,5
BRDA:23,1,1,1
BRDA:26,2,0,5
BRDA:26,2,1,1
BRF:6
BRH:6
end_of_record
TN:
SF:src/components/ui/FileIcon.tsx
FN:45,FileIcon
FNF:1
FNH:1
FNDA:5,FileIcon
DA:21,1
DA:33,1
DA:46,5
DA:47,5
DA:49,5
LF:5
LH:5
BRDA:45,0,0,5
BRDA:45,1,0,5
BRDA:46,2,0,5
BRDA:46,2,1,0
BRDA:47,3,0,5
BRDA:47,3,1,0
BRF:6
BRH:4
end_of_record
TN:
SF:src/components/ui/Loading.tsx
FN:9,Loading
FNF:1
FNH:1
FNDA:3,Loading
DA:10,3
LF:1
LH:1
BRDA:21,0,0,3
BRDA:21,0,1,1
BRF:2
BRH:2
end_of_record
TN:
SF:src/components/ui/PageTransition.tsx
FN:11,(anonymous_0)
FN:19,(anonymous_1)
FN:25,PageTransition
FNF:3
FNH:2
FNDA:4,(anonymous_0)
FNDA:0,(anonymous_1)
FNDA:4,PageTransition
DA:10,1
DA:11,4
DA:19,0
DA:30,4
LF:4
LH:3
BRDA:12,0,0,3
BRDA:12,0,1,1
BRDA:20,1,0,0
BRDA:20,1,1,0
BRDA:28,2,0,4
BRF:5
BRH:3
end_of_record
TN:
SF:src/components/ui/PullToRefreshContainer.tsx
FN:11,PullToRefreshContainer
FN:21,(anonymous_1)
FN:28,(anonymous_2)
FN:42,(anonymous_3)
FNF:4
FNH:1
FNDA:3,PullToRefreshContainer
FNDA:0,(anonymous_1)
FNDA:0,(anonymous_2)
FNDA:0,(anonymous_3)
DA:16,3
DA:17,3
DA:18,3
DA:19,3
DA:21,3
DA:22,0
DA:23,0
DA:27,3
DA:29,0
DA:30,0
DA:32,0
DA:33,0
DA:35,0
DA:36,0
DA:42,3
DA:43,0
DA:44,0
DA:45,0
DA:46,0
DA:47,0
DA:49,0
DA:50,0
DA:53,0
DA:55,0
DA:58,3
LF:25
LH:8
BRDA:14,0,0,3
BRDA:22,1,0,0
BRDA:22,1,1,0
BRDA:22,2,0,0
BRDA:22,2,1,0
BRDA:29,3,0,0
BRDA:29,3,1,0
BRDA:30,4,0,0
BRDA:30,4,1,0
BRDA:30,5,0,0
BRDA:30,5,1,0
BRDA:35,6,0,0
BRDA:35,6,1,0
BRDA:35,7,0,0
BRDA:35,7,1,0
BRDA:43,8,0,0
BRDA:43,8,1,0
BRDA:43,9,0,0
BRDA:43,9,1,0
BRDA:69,10,0,0
BRDA:69,10,1,3
BRDA:69,11,0,3
BRDA:69,11,1,3
BRDA:69,12,0,0
BRDA:69,12,1,0
BRDA:74,13,0,0
BRDA:74,13,1,3
BRDA:74,14,0,0
BRDA:74,14,1,3
BRDA:74,15,0,3
BRDA:74,15,1,3
BRDA:75,16,0,0
BRDA:75,16,1,3
BRF:33
BRH:9
end_of_record
TN:
SF:src/components/ui/SwipeableListItem.tsx
FN:19,SwipeableListItem
FN:28,(anonymous_1)
FN:38,(anonymous_2)
FN:47,(anonymous_3)
FN:52,(anonymous_4)
FN:63,(anonymous_5)
FN:68,(anonymous_6)
FNF:7
FNH:3
FNDA:4,SwipeableListItem
FNDA:0,(anonymous_1)
FNDA:0,(anonymous_2)
FNDA:1,(anonymous_3)
FNDA:0,(anonymous_4)
FNDA:1,(anonymous_5)
FNDA:0,(anonymous_6)
DA:25,4
DA:26,4
DA:28,4
DA:29,0
DA:30,0
DA:31,0
DA:32,0
DA:34,0
DA:38,4
DA:39,0
DA:40,0
DA:43,4
DA:48,1
DA:52,0
DA:64,1
DA:68,0
LF:16
LH:7
BRDA:21,0,0,4
BRDA:22,1,0,4
BRDA:23,2,0,4
BRDA:29,3,0,0
BRDA:29,3,1,0
BRDA:29,4,0,0
BRDA:29,4,1,0
BRDA:31,5,0,0
BRDA:31,5,1,0
BRDA:31,6,0,0
BRDA:31,6,1,0
BRDA:45,7,0,4
BRDA:45,7,1,1
BRDA:61,8,0,4
BRDA:61,8,1,1
BRF:15
BRH:7
end_of_record
TN:
SF:src/lib/api.ts
FN:5,getAuthToken
FN:9,setAuthToken
FN:13,clearAuthToken
FN:17,authHeaders
FN:25,login
FN:33,(anonymous_5)
FN:75,listGroups
FN:84,createGroup
FN:91,(anonymous_8)
FN:97,listGroupRepos
FN:105,listGroupMembers
FN:115,setRepoPassword
FN:130,listRepos
FN:140,listDir
FN:151,renameFile
FN:160,renameDir
FN:171,deleteFile
FN:179,deleteDir
FN:189,moveFile
FN:198,copyFile
FN:207,moveDir
FN:216,copyDir
FN:227,getFileDownloadLink
FN:239,starFile
FN:248,unstarFile
FN:287,listShareLinks
FN:296,createShareLink
FN:307,(anonymous_27)
FN:313,deleteShareLink
FN:344,listRepoShareItems
FN:351,(anonymous_30)
FN:354,listRepoGroupShares
FN:361,(anonymous_32)
FN:361,(anonymous_33)
FN:368,shareToUser
FN:375,(anonymous_35)
FN:380,shareToGroup
FN:387,(anonymous_37)
FN:392,removeUserShare
FN:401,removeGroupShare
FN:410,searchUsers
FNF:41
FNH:0
FNDA:0,getAuthToken
FNDA:0,setAuthToken
FNDA:0,clearAuthToken
FNDA:0,authHeaders
FNDA:0,login
FNDA:0,(anonymous_5)
FNDA:0,listGroups
FNDA:0,createGroup
FNDA:0,(anonymous_8)
FNDA:0,listGroupRepos
FNDA:0,listGroupMembers
FNDA:0,setRepoPassword
FNDA:0,listRepos
FNDA:0,listDir
FNDA:0,renameFile
FNDA:0,renameDir
FNDA:0,deleteFile
FNDA:0,deleteDir
FNDA:0,moveFile
FNDA:0,copyFile
FNDA:0,moveDir
FNDA:0,copyDir
FNDA:0,getFileDownloadLink
FNDA:0,starFile
FNDA:0,unstarFile
FNDA:0,listShareLinks
FNDA:0,createShareLink
FNDA:0,(anonymous_27)
FNDA:0,deleteShareLink
FNDA:0,listRepoShareItems
FNDA:0,(anonymous_30)
FNDA:0,listRepoGroupShares
FNDA:0,(anonymous_32)
FNDA:0,(anonymous_33)
FNDA:0,shareToUser
FNDA:0,(anonymous_35)
FNDA:0,shareToGroup
FNDA:0,(anonymous_37)
FNDA:0,removeUserShare
FNDA:0,removeGroupShare
FNDA:0,searchUsers
DA:3,1
DA:6,0
DA:10,0
DA:14,0
DA:18,0
DA:19,0
DA:26,0
DA:32,0
DA:33,0
DA:34,0
DA:37,0
DA:38,0
DA:39,0
DA:40,0
DA:76,0
DA:79,0
DA:80,0
DA:81,0
DA:85,0
DA:90,0
DA:91,0
DA:92,0
DA:94,0
DA:98,0
DA:101,0
DA:102,0
DA:106,0
DA:109,0
DA:110,0
DA:116,0
DA:121,0
DA:131,0
DA:134,0
DA:135,0
DA:141,0
DA:142,0
DA:145,0
DA:146,0
DA:152,0
DA:157,0
DA:161,0
DA:166,0
DA:172,0
DA:176,0
DA:180,0
DA:184,0
DA:190,0
DA:195,0
DA:199,0
DA:204,0
DA:208,0
DA:213,0
DA:217,0
DA:222,0
DA:228,0
DA:229,0
DA:232,0
DA:233,0
DA:234,0
DA:240,0
DA:245,0
DA:249,0
DA:250,0
DA:254,0
DA:288,0
DA:289,0
DA:292,0
DA:293,0
DA:297,0
DA:298,0
DA:299,0
DA:300,0
DA:301,0
DA:306,0
DA:307,0
DA:308,0
DA:310,0
DA:314,0
DA:318,0
DA:345,0
DA:346,0
DA:349,0
DA:350,0
DA:351,0
DA:355,0
DA:356,0
DA:359,0
DA:360,0
DA:361,0
DA:369,0
DA:374,0
DA:375,0
DA:376,0
DA:381,0
DA:386,0
DA:387,0
DA:388,0
DA:393,0
DA:394,0
DA:398,0
DA:402,0
DA:403,0
DA:407,0
DA:411,0
DA:412,0
DA:415,0
DA:416,0
DA:417,0
LF:108
LH:1
BRDA:32,0,0,0
BRDA:32,0,1,0
BRDA:34,1,0,0
BRDA:34,1,1,0
BRDA:79,2,0,0
BRDA:79,2,1,0
BRDA:90,3,0,0
BRDA:90,3,1,0
BRDA:92,4,0,0
BRDA:92,4,1,0
BRDA:101,5,0,0
BRDA:101,5,1,0
BRDA:109,6,0,0
BRDA:109,6,1,0
BRDA:121,7,0,0
BRDA:121,7,1,0
BRDA:134,8,0,0
BRDA:134,8,1,0
BRDA:145,9,0,0
BRDA:145,9,1,0
BRDA:157,10,0,0
BRDA:157,10,1,0
BRDA:166,11,0,0
BRDA:166,11,1,0
BRDA:176,12,0,0
BRDA:176,12,1,0
BRDA:184,13,0,0
BRDA:184,13,1,0
BRDA:195,14,0,0
BRDA:195,14,1,0
BRDA:204,15,0,0
BRDA:204,15,1,0
BRDA:213,16,0,0
BRDA:213,16,1,0
BRDA:222,17,0,0
BRDA:222,17,1,0
BRDA:232,18,0,0
BRDA:232,18,1,0
BRDA:245,19,0,0
BRDA:245,19,1,0
BRDA:254,20,0,0
BRDA:254,20,1,0
BRDA:292,21,0,0
BRDA:292,21,1,0
BRDA:296,22,0,0
BRDA:298,23,0,0
BRDA:298,23,1,0
BRDA:299,24,0,0
BRDA:299,24,1,0
BRDA:300,25,0,0
BRDA:300,25,1,0
BRDA:306,26,0,0
BRDA:306,26,1,0
BRDA:308,27,0,0
BRDA:308,27,1,0
BRDA:318,28,0,0
BRDA:318,28,1,0
BRDA:349,29,0,0
BRDA:349,29,1,0
BRDA:359,30,0,0
BRDA:359,30,1,0
BRDA:374,31,0,0
BRDA:374,31,1,0
BRDA:376,32,0,0
BRDA:376,32,1,0
BRDA:386,33,0,0
BRDA:386,33,1,0
BRDA:388,34,0,0
BRDA:388,34,1,0
BRDA:398,35,0,0
BRDA:398,35,1,0
BRDA:407,36,0,0
BRDA:407,36,1,0
BRDA:415,37,0,0
BRDA:415,37,1,0
BRDA:417,38,0,0
BRDA:417,38,1,0
BRF:77
BRH:0
end_of_record
TN:
SF:src/lib/config.ts
FN:106,parseBoolean
FN:111,getConfig
FN:136,getPageOptions
FN:170,(anonymous_3)
FN:171,(anonymous_4)
FN:172,(anonymous_5)
FN:173,(anonymous_6)
FN:174,(anonymous_7)
FN:175,(anonymous_8)
FN:176,(anonymous_9)
FN:177,(anonymous_10)
FN:178,(anonymous_11)
FN:179,(anonymous_12)
FN:180,(anonymous_13)
FN:181,(anonymous_14)
FN:182,(anonymous_15)
FN:183,(anonymous_16)
FN:184,(anonymous_17)
FN:185,(anonymous_18)
FN:186,(anonymous_19)
FNF:20
FNH:3
FNDA:14,parseBoolean
FNDA:4,getConfig
FNDA:3,getPageOptions
FNDA:0,(anonymous_3)
FNDA:0,(anonymous_4)
FNDA:0,(anonymous_5)
FNDA:0,(anonymous_6)
FNDA:0,(anonymous_7)
FNDA:0,(anonymous_8)
FNDA:0,(anonymous_9)
FNDA:0,(anonymous_10)
FNDA:0,(anonymous_11)
FNDA:0,(anonymous_12)
FNDA:0,(anonymous_13)
FNDA:0,(anonymous_14)
FNDA:0,(anonymous_15)
FNDA:0,(anonymous_16)
FNDA:0,(anonymous_17)
FNDA:0,(anonymous_18)
FNDA:0,(anonymous_19)
DA:58,2
DA:78,2
DA:107,14
DA:108,12
DA:112,4
DA:113,4
DA:115,3
DA:137,3
DA:138,3
DA:140,2
DA:170,2
DA:171,2
DA:172,2
DA:173,2
DA:174,2
DA:175,2
DA:176,2
DA:177,2
DA:178,2
DA:179,2
DA:180,2
DA:181,2
DA:182,2
DA:183,2
DA:184,2
DA:185,2
DA:186,2
LF:27
LH:27
BRDA:107,0,0,2
BRDA:107,0,1,12
BRDA:113,1,0,1
BRDA:113,1,1,3
BRDA:116,2,0,3
BRDA:116,2,1,1
BRDA:117,3,0,4
BRDA:117,3,1,2
BRDA:118,4,0,4
BRDA:118,4,1,2
BRDA:119,5,0,4
BRDA:119,5,1,3
BRDA:120,6,0,4
BRDA:120,6,1,3
BRDA:121,7,0,4
BRDA:121,7,1,2
BRDA:122,8,0,4
BRDA:122,8,1,3
BRDA:123,9,0,4
BRDA:123,9,1,3
BRDA:124,10,0,4
BRDA:124,10,1,3
BRDA:125,11,0,4
BRDA:125,11,1,3
BRDA:126,12,0,4
BRDA:126,12,1,3
BRDA:127,13,0,2
BRDA:127,13,1,1
BRDA:128,14,0,2
BRDA:128,14,1,1
BRDA:129,15,0,0
BRDA:129,15,1,3
BRDA:130,16,0,4
BRDA:130,16,1,3
BRDA:131,17,0,4
BRDA:131,17,1,2
BRDA:132,18,0,0
BRDA:132,18,1,3
BRDA:138,19,0,1
BRDA:138,19,1,2
BRDA:141,20,0,2
BRDA:141,20,1,1
BRDA:142,21,0,3
BRDA:142,21,1,1
BRDA:143,22,0,3
BRDA:143,22,1,2
BRDA:144,23,0,3
BRDA:144,23,1,2
BRDA:145,24,0,1
BRDA:145,24,1,1
BRDA:146,25,0,0
BRDA:146,25,1,2
BRDA:147,26,0,0
BRDA:147,26,1,2
BRDA:148,27,0,0
BRDA:148,27,1,2
BRDA:149,28,0,0
BRDA:149,28,1,2
BRDA:150,29,0,0
BRDA:150,29,1,2
BRDA:151,30,0,0
BRDA:151,30,1,2
BRDA:152,31,0,1
BRDA:152,31,1,1
BRDA:153,32,0,0
BRDA:153,32,1,2
BRDA:154,33,0,3
BRDA:154,33,1,2
BRDA:155,34,0,3
BRDA:155,34,1,2
BRDA:156,35,0,3
BRDA:156,35,1,1
BRDA:157,36,0,0
BRDA:157,36,1,2
BRDA:158,37,0,1
BRDA:158,37,1,1
BRDA:159,38,0,1
BRDA:159,38,1,1
BRDA:160,39,0,1
BRDA:160,39,1,1
BRDA:161,40,0,3
BRDA:161,40,1,1
BRDA:162,41,0,3
BRDA:162,41,1,2
BRDA:163,42,0,3
BRDA:163,42,1,2
BRDA:164,43,0,3
BRDA:164,43,1,2
BRDA:165,44,0,0
BRDA:165,44,1,2
BRF:90
BRH:79
end_of_record
TN:
SF:src/lib/encryption.ts
FN:4,isRepoDecrypted
FN:8,markRepoDecrypted
FN:12,getRememberedPassword
FN:16,setRememberedPassword
FN:20,clearRememberedPassword
FNF:5
FNH:0
FNDA:0,isRepoDecrypted
FNDA:0,markRepoDecrypted
FNDA:0,getRememberedPassword
FNDA:0,setRememberedPassword
FNDA:0,clearRememberedPassword
DA:1,1
DA:2,1
DA:5,0
DA:9,0
DA:13,0
DA:17,0
DA:21,0
LF:7
LH:2
BRF:0
BRH:0
end_of_record
TN:
SF:src/lib/models.ts
FN:24,bytesToSize
FN:32,formatDate
FNF:2
FNH:0
FNDA:0,bytesToSize
FNDA:0,formatDate
DA:25,0
DA:26,0
DA:27,0
DA:28,0
DA:29,0
DA:33,0
LF:6
LH:0
BRDA:25,0,0,0
BRDA:25,0,1,0
BRF:2
BRH:0
end_of_record
TN:
SF:src/lib/share.ts
FN:1,shareFile
FN:20,downloadFile
FNF:2
FNH:2
FNDA:3,shareFile
FNDA:1,downloadFile
DA:2,3
DA:3,2
DA:4,2
DA:5,1
DA:8,1
DA:12,1
DA:13,1
DA:14,1
DA:16,0
DA:21,1
DA:22,1
DA:23,1
DA:24,1
DA:25,1
DA:26,1
DA:27,1
LF:16
LH:15
BRDA:2,0,0,2
BRDA:2,0,1,1
BRF:2
BRH:2
end_of_record
TN:
SF:src/lib/utils.ts
FN:15,getFileExtension
FN:21,getViewerType
FN:32,isImageFile
FN:36,isVideoFile
FN:40,getVideoMimeType
FNF:5
FNH:2
FNDA:8,getFileExtension
FNDA:8,getViewerType
FNDA:0,isImageFile
FNDA:0,isVideoFile
FNDA:0,getVideoMimeType
DA:1,2
DA:2,2
DA:3,2
DA:4,2
DA:11,2
DA:16,8
DA:17,8
DA:18,8
DA:22,8
DA:23,8
DA:24,8
DA:25,6
DA:26,5
DA:27,4
DA:28,3
DA:29,1
DA:33,0
DA:37,0
DA:41,0
DA:42,0
DA:47,0
LF:21
LH:16
BRDA:17,0,0,0
BRDA:17,0,1,8
BRDA:23,1,0,0
BRDA:23,1,1,8
BRDA:24,2,0,2
BRDA:24,2,1,6
BRDA:25,3,0,1
BRDA:25,3,1,5
BRDA:26,4,0,1
BRDA:26,4,1,4
BRDA:27,5,0,1
BRDA:27,5,1,3
BRDA:28,6,0,2
BRDA:28,6,1,1
BRDA:47,7,0,0
BRDA:47,7,1,0
BRF:16
BRH:12
end_of_record
TN:
SF:src/lib/hooks/useTheme.ts
FN:7,getSystemPrefersDark
FN:12,applyTheme
FN:25,useTheme
FN:26,(anonymous_3)
FN:33,(anonymous_4)
FN:38,(anonymous_5)
FN:42,(anonymous_6)
FN:46,(anonymous_7)
FN:50,(anonymous_8)
FNF:9
FNH:9
FNDA:6,getSystemPrefersDark
FNDA:11,applyTheme
FNDA:10,useTheme
FNDA:7,(anonymous_3)
FNDA:3,(anonymous_4)
FNDA:10,(anonymous_5)
FNDA:10,(anonymous_6)
FNDA:1,(anonymous_7)
FNDA:6,(anonymous_8)
DA:5,2
DA:8,6
DA:13,11
DA:14,5
DA:16,6
DA:19,11
DA:20,11
DA:21,10
DA:26,10
DA:27,7
DA:28,7
DA:31,10
DA:33,10
DA:34,3
DA:35,3
DA:38,10
DA:39,10
DA:42,10
DA:43,10
DA:45,6
DA:46,6
DA:47,1
DA:49,6
DA:50,6
DA:53,10
LF:25
LH:25
BRDA:8,0,0,6
BRDA:8,0,1,6
BRDA:13,1,0,5
BRDA:13,1,1,6
BRDA:20,2,0,10
BRDA:20,2,1,1
BRDA:21,3,0,5
BRDA:21,3,1,5
BRDA:27,4,0,0
BRDA:27,4,1,7
BRDA:28,5,0,7
BRDA:28,5,1,6
BRDA:31,6,0,10
BRDA:31,6,1,7
BRDA:31,6,2,6
BRDA:43,7,0,4
BRDA:43,7,1,6
BRF:17
BRH:16
end_of_record
